#
# There is insufficient memory for the Java Runtime Environment to continue.
# Native memory allocation (mmap) failed to map 219152384 bytes for Failed to commit area from 0x0000000090800000 to 0x000000009d900000 of length 219152384.
# Possible reasons:
#   The system is out of physical RAM or swap space
#   The process is running with CompressedOops enabled, and the Java Heap may be blocking the growth of the native heap
# Possible solutions:
#   Reduce memory load on the system
#   Increase physical memory or swap space
#   Check if swap backing store is full
#   Decrease Java heap size (-Xmx/-Xms)
#   Decrease number of Java threads
#   Decrease Java thread stack sizes (-Xss)
#   Set larger code cache with -XX:ReservedCodeCacheSize=
#   JVM is running with Unscaled Compressed Oops mode in which the Java heap is
#     placed in the first 4GB address space. The Java Heap base address is the
#     maximum limit for the native heap growth. Please use -XX:HeapBaseMinAddress
#     to set the Java Heap base and to place the Java Heap above 4GB virtual address.
# This output file may be truncated or incomplete.
#
#  Out of Memory Error (./src/hotspot/os/windows/os_windows.cpp:3301), pid=10092, tid=8188
#
# JRE version: OpenJDK Runtime Environment (11.0.11+9) (build 11.0.11+9-b60-7590822)
# Java VM: OpenJDK 64-Bit Server VM (11.0.11+9-b60-7590822, mixed mode, tiered, compressed oops, g1 gc, windows-amd64)
# No core dump will be written. Minidumps are not enabled by default on client versions of Windows
#

---------------  S U M M A R Y ------------

Command Line: --add-opens=java.base/java.util=ALL-UNNAMED --add-opens=java.base/java.lang=ALL-UNNAMED --add-opens=java.base/java.lang.invoke=ALL-UNNAMED --add-opens=java.base/java.util=ALL-UNNAMED --add-opens=java.prefs/java.util.prefs=ALL-UNNAMED --add-opens=java.prefs/java.util.prefs=ALL-UNNAMED --add-opens=java.base/java.nio.charset=ALL-UNNAMED --add-opens=java.base/java.net=ALL-UNNAMED --add-opens=java.base/java.util.concurrent.atomic=ALL-UNNAMED -Xmx2048m -Dfile.encoding=UTF-8 -Duser.country=RU -Duser.language=ru -Duser.variant org.gradle.launcher.daemon.bootstrap.GradleDaemon 7.0.2

Host: Intel(R) Core(TM) i5-8265U CPU @ 1.60GHz, 8 cores, 7G,  Windows 10 , 64 bit Build 17763 (10.0.17763.1339)
Time: Sat Dec  3 19:58:19 2022 RTZ 2 (ceia) elapsed time: 15.326471 seconds (0d 0h 0m 15s)

---------------  T H R E A D  ---------------

Current thread (0x00000298a8aa4800):  VMThread "VM Thread" [stack: 0x000000a03f100000,0x000000a03f200000] [id=8188]

Stack: [0x000000a03f100000,0x000000a03f200000]
[error occurred during error reporting (printing stack bounds), id 0xc0000005, EXCEPTION_ACCESS_VIOLATION (0xc0000005) at pc=0x00000298918c0f2d]

Native frames: (J=compiled Java code, j=interpreted, Vv=VM code, C=native code)
V  [jvm.dll+0x5f214a]
V  [jvm.dll+0x726fb5]
V  [jvm.dll+0x7285cd]
V  [jvm.dll+0x728be5]
V  [jvm.dll+0x728b9b]
V  [jvm.dll+0x5f14e8]
V  [jvm.dll+0x5f1c78]
C  [ntdll.dll+0xa479f]
C  [ntdll.dll+0x4bef]
C  [ntdll.dll+0xa350e]
C  0x00000298918c0f2d

VM_Operation (0x000000a0423fa600): G1CollectForAllocation, mode: safepoint, requested by thread 0x00000298ac7de000


---------------  P R O C E S S  ---------------

Threads class SMR info:
_java_thread_list=0x00000298ae3a4dd0, length=62, elements={
0x000002988de16800, 0x00000298a8aa7000, 0x00000298a8ab0000, 0x00000298a8ac1000,
0x00000298a8ac2000, 0x00000298a8ac3000, 0x00000298a8ac8000, 0x00000298a8ac9800,
0x00000298a8b19800, 0x00000298a8ca4000, 0x00000298ab2c4000, 0x00000298a8dab800,
0x00000298ab4f1000, 0x00000298ab5fe800, 0x00000298aab8f800, 0x00000298abf82000,
0x00000298aafe1000, 0x00000298aa191800, 0x00000298ab12a000, 0x00000298abbbb800,
0x00000298abbbc800, 0x00000298abbbe000, 0x00000298abbbd000, 0x00000298abbba800,
0x00000298abbb8000, 0x00000298abbb9000, 0x00000298abbbf000, 0x00000298abbba000,
0x00000298ac7d9000, 0x00000298ac7d6000, 0x00000298ac7d3800, 0x00000298ac7d4000,
0x00000298ac7d7800, 0x00000298ac7da800, 0x00000298ac7da000, 0x00000298ac7db800,
0x00000298ac7dc800, 0x00000298ac7d6800, 0x00000298ac7e2000, 0x00000298ac7dd000,
0x00000298ac7e0800, 0x00000298ac7de000, 0x00000298ac7e1800, 0x00000298ac7df000,
0x00000298ac7df800, 0x00000298a9019000, 0x00000298a9017000, 0x00000298a901d000,
0x00000298a901d800, 0x00000298a9018000, 0x00000298a901c000, 0x00000298a901f800,
0x00000298a901a800, 0x00000298a9019800, 0x00000298a901e800, 0x00000298a9020000,
0x00000298a9021000, 0x00000298a901b800, 0x00000298a9026000, 0x00000298a9024800,
0x00000298a9025000, 0x00000298a9022000
}

Java Threads: ( => current thread )
  0x000002988de16800 JavaThread "main" [_thread_blocked, id=7000, stack(0x000000a03eb00000,0x000000a03ec00000)]
  0x00000298a8aa7000 JavaThread "Reference Handler" daemon [_thread_blocked, id=3276, stack(0x000000a03f200000,0x000000a03f300000)]
  0x00000298a8ab0000 JavaThread "Finalizer" daemon [_thread_blocked, id=11292, stack(0x000000a03f300000,0x000000a03f400000)]
  0x00000298a8ac1000 JavaThread "Signal Dispatcher" daemon [_thread_blocked, id=4312, stack(0x000000a03f400000,0x000000a03f500000)]
  0x00000298a8ac2000 JavaThread "Attach Listener" daemon [_thread_blocked, id=12948, stack(0x000000a03f500000,0x000000a03f600000)]
  0x00000298a8ac3000 JavaThread "Service Thread" daemon [_thread_blocked, id=820, stack(0x000000a03f600000,0x000000a03f700000)]
  0x00000298a8ac8000 JavaThread "C2 CompilerThread0" daemon [_thread_blocked, id=752, stack(0x000000a03f700000,0x000000a03f800000)]
  0x00000298a8ac9800 JavaThread "C1 CompilerThread0" daemon [_thread_blocked, id=13068, stack(0x000000a03f800000,0x000000a03f900000)]
  0x00000298a8b19800 JavaThread "Sweeper thread" daemon [_thread_blocked, id=6608, stack(0x000000a03f900000,0x000000a03fa00000)]
  0x00000298a8ca4000 JavaThread "Common-Cleaner" daemon [_thread_blocked, id=6992, stack(0x000000a03fa00000,0x000000a03fb00000)]
  0x00000298ab2c4000 JavaThread "Daemon health stats" [_thread_blocked, id=10164, stack(0x000000a03ff00000,0x000000a040000000)]
  0x00000298a8dab800 JavaThread "Incoming local TCP Connector on port 50375" [_thread_in_native, id=11180, stack(0x000000a03fc00000,0x000000a03fd00000)]
  0x00000298ab4f1000 JavaThread "Daemon periodic checks" [_thread_blocked, id=9632, stack(0x000000a040000000,0x000000a040100000)]
  0x00000298ab5fe800 JavaThread "Daemon" [_thread_blocked, id=3836, stack(0x000000a040100000,0x000000a040200000)]
  0x00000298aab8f800 JavaThread "Handler for socket connection from /127.0.0.1:50375 to /127.0.0.1:50376" [_thread_in_native, id=3828, stack(0x000000a040200000,0x000000a040300000)]
  0x00000298abf82000 JavaThread "Cancel handler" [_thread_blocked, id=8260, stack(0x000000a040300000,0x000000a040400000)]
  0x00000298aafe1000 JavaThread "Daemon worker" [_thread_blocked, id=10940, stack(0x000000a040400000,0x000000a040500000)]
  0x00000298aa191800 JavaThread "Asynchronous log dispatcher for DefaultDaemonConnection: socket connection from /127.0.0.1:50375 to /127.0.0.1:50376" [_thread_blocked, id=6760, stack(0x000000a040500000,0x000000a040600000)]
  0x00000298ab12a000 JavaThread "Stdin handler" [_thread_blocked, id=5368, stack(0x000000a040600000,0x000000a040700000)]
  0x00000298abbbb800 JavaThread "Daemon client event forwarder" [_thread_blocked, id=7928, stack(0x000000a040700000,0x000000a040800000)]
  0x00000298abbbc800 JavaThread "Cache worker for file hash cache (C:\Users\Julia\.gradle\caches\7.0.2\fileHashes)" [_thread_blocked, id=5468, stack(0x000000a040d00000,0x000000a040e00000)]
  0x00000298abbbe000 JavaThread "File lock request listener" [_thread_in_native, id=10732, stack(0x000000a040e00000,0x000000a040f00000)]
  0x00000298abbbd000 JavaThread "Cache worker for journal cache (C:\Users\Julia\.gradle\caches\journal-1)" [_thread_blocked, id=4716, stack(0x000000a041000000,0x000000a041100000)]
  0x00000298abbba800 JavaThread "Cache worker for file hash cache (C:\Users\Julia\AndroidStudioProjects\labs3_4_6\androidlab3_5\.gradle\7.0.2\fileHashes)" [_thread_blocked, id=3840, stack(0x000000a041100000,0x000000a041200000)]
  0x00000298abbb8000 JavaThread "File watcher server" daemon [_thread_blocked, id=6308, stack(0x000000a041200000,0x000000a041300000)]
  0x00000298abbb9000 JavaThread "File watcher consumer" daemon [_thread_blocked, id=12680, stack(0x000000a041300000,0x000000a041400000)]
  0x00000298abbbf000 JavaThread "Cache worker for checksums cache (C:\Users\Julia\AndroidStudioProjects\labs3_4_6\androidlab3_5\.gradle\checksums)" [_thread_blocked, id=1348, stack(0x000000a041400000,0x000000a041500000)]
  0x00000298abbba000 JavaThread "Cache worker for cache directory md-supplier (C:\Users\Julia\.gradle\caches\7.0.2\md-supplier)" [_thread_blocked, id=9340, stack(0x000000a041500000,0x000000a041600000)]
  0x00000298ac7d9000 JavaThread "Cache worker for cache directory md-rule (C:\Users\Julia\.gradle\caches\7.0.2\md-rule)" [_thread_blocked, id=11348, stack(0x000000a041600000,0x000000a041700000)]
  0x00000298ac7d6000 JavaThread "Cache worker for execution history cache (C:\Users\Julia\.gradle\caches\7.0.2\executionHistory)" [_thread_blocked, id=564, stack(0x000000a041700000,0x000000a041800000)]
  0x00000298ac7d3800 JavaThread "jar transforms" [_thread_blocked, id=4020, stack(0x000000a041800000,0x000000a041900000)]
  0x00000298ac7d4000 JavaThread "jar transforms Thread 2" [_thread_blocked, id=3888, stack(0x000000a041900000,0x000000a041a00000)]
  0x00000298ac7d7800 JavaThread "Cache worker for file content cache (C:\Users\Julia\.gradle\caches\7.0.2\fileContent)" [_thread_blocked, id=12620, stack(0x000000a041a00000,0x000000a041b00000)]
  0x00000298ac7da800 JavaThread "Cache worker for dependencies-accessors (C:\Users\Julia\AndroidStudioProjects\labs3_4_6\androidlab3_5\.gradle\7.0.2\dependencies-accessors)" [_thread_blocked, id=11740, stack(0x000000a041b00000,0x000000a041c00000)]
  0x00000298ac7da000 JavaThread "jar transforms Thread 3" [_thread_blocked, id=10444, stack(0x000000a041c00000,0x000000a041d00000)]
  0x00000298ac7db800 JavaThread "Cache worker for Build Output Cleanup Cache (C:\Users\Julia\AndroidStudioProjects\labs3_4_6\androidlab3_5\.gradle\buildOutputCleanup)" [_thread_blocked, id=4736, stack(0x000000a041d00000,0x000000a041e00000)]
  0x00000298ac7dc800 JavaThread "Build operations" [_thread_blocked, id=5864, stack(0x000000a041e00000,0x000000a041f00000)]
  0x00000298ac7d6800 JavaThread "Build operations Thread 2" [_thread_blocked, id=8964, stack(0x000000a041f00000,0x000000a042000000)]
  0x00000298ac7e2000 JavaThread "Build operations Thread 3" [_thread_blocked, id=6740, stack(0x000000a042000000,0x000000a042100000)]
  0x00000298ac7dd000 JavaThread "Build operations Thread 4" [_thread_blocked, id=11548, stack(0x000000a042100000,0x000000a042200000)]
  0x00000298ac7e0800 JavaThread "Build operations Thread 5" [_thread_blocked, id=4740, stack(0x000000a042200000,0x000000a042300000)]
  0x00000298ac7de000 JavaThread "Build operations Thread 6" [_thread_blocked, id=1404, stack(0x000000a042300000,0x000000a042400000)]
  0x00000298ac7e1800 JavaThread "Build operations Thread 7" [_thread_blocked, id=12120, stack(0x000000a042400000,0x000000a042500000)]
  0x00000298ac7df000 JavaThread "Build operations Thread 8" [_thread_blocked, id=1668, stack(0x000000a042500000,0x000000a042600000)]
  0x00000298ac7df800 JavaThread "jar transforms Thread 4" [_thread_blocked, id=9628, stack(0x000000a042600000,0x000000a042700000)]
  0x00000298a9019000 JavaThread "jar transforms Thread 5" [_thread_blocked, id=8300, stack(0x000000a042700000,0x000000a042800000)]
  0x00000298a9017000 JavaThread "jar transforms Thread 6" [_thread_blocked, id=10840, stack(0x000000a042800000,0x000000a042900000)]
  0x00000298a901d000 JavaThread "jar transforms Thread 7" [_thread_blocked, id=13152, stack(0x000000a042900000,0x000000a042a00000)]
  0x00000298a901d800 JavaThread "jar transforms Thread 8" [_thread_blocked, id=2452, stack(0x000000a042a00000,0x000000a042b00000)]
  0x00000298a9018000 JavaThread "Memory manager" [_thread_blocked, id=10640, stack(0x000000a042b00000,0x000000a042c00000)]
  0x00000298a901c000 JavaThread "build event listener" [_thread_blocked, id=9060, stack(0x000000a042c00000,0x000000a042d00000)]
  0x00000298a901f800 JavaThread "pool-3-thread-1" [_thread_blocked, id=6332, stack(0x000000a042d00000,0x000000a042e00000)]
  0x00000298a901a800 JavaThread "build event listener" [_thread_blocked, id=12820, stack(0x000000a042e00000,0x000000a042f00000)]
  0x00000298a9019800 JavaThread "Execution worker for ':'" [_thread_blocked, id=4176, stack(0x000000a042f00000,0x000000a043000000)]
  0x00000298a901e800 JavaThread "Execution worker for ':' Thread 2" [_thread_blocked, id=9256, stack(0x000000a043000000,0x000000a043100000)]
  0x00000298a9020000 JavaThread "Execution worker for ':' Thread 3" [_thread_blocked, id=1520, stack(0x000000a043100000,0x000000a043200000)]
  0x00000298a9021000 JavaThread "Execution worker for ':' Thread 4" [_thread_blocked, id=9596, stack(0x000000a043200000,0x000000a043300000)]
  0x00000298a901b800 JavaThread "Execution worker for ':' Thread 5" [_thread_blocked, id=10660, stack(0x000000a043300000,0x000000a043400000)]
  0x00000298a9026000 JavaThread "Execution worker for ':' Thread 6" [_thread_blocked, id=8676, stack(0x000000a043400000,0x000000a043500000)]
  0x00000298a9024800 JavaThread "Execution worker for ':' Thread 7" [_thread_blocked, id=12148, stack(0x000000a043500000,0x000000a043600000)]
  0x00000298a9025000 JavaThread "Cache worker for execution history cache (C:\Users\Julia\AndroidStudioProjects\labs3_4_6\androidlab3_5\.gradle\7.0.2\executionHistory)" [_thread_blocked, id=7084, stack(0x000000a043600000,0x000000a043700000)]
  0x00000298a9022000 JavaThread "WorkerExecutor Queue" [_thread_blocked, id=4128, stack(0x000000a043700000,0x000000a043800000)]

Other Threads:
=>0x00000298a8aa4800 VMThread "VM Thread" [stack: 0x000000a03f100000,0x000000a03f200000] [id=8188]
  0x00000298a8cb8000 WatcherThread [stack: 0x000000a03fb00000,0x000000a03fc00000] [id=11736]
  0x000002988de2d800 GCTaskThread "GC Thread#0" [stack: 0x000000a03ec00000,0x000000a03ed00000] [id=11428]
  0x00000298a9652000 GCTaskThread "GC Thread#1" [stack: 0x000000a03fd00000,0x000000a03fe00000] [id=9964]
  0x00000298a9653000 GCTaskThread "GC Thread#2" [stack: 0x000000a03fe00000,0x000000a03ff00000] [id=1780]
  0x00000298ab12b000 GCTaskThread "GC Thread#3" [stack: 0x000000a040800000,0x000000a040900000] [id=13160]
  0x00000298ab635800 GCTaskThread "GC Thread#4" [stack: 0x000000a040900000,0x000000a040a00000] [id=5108]
  0x00000298aabca800 GCTaskThread "GC Thread#5" [stack: 0x000000a040a00000,0x000000a040b00000] [id=9552]
  0x00000298aabcb800 GCTaskThread "GC Thread#6" [stack: 0x000000a040b00000,0x000000a040c00000] [id=10360]
  0x00000298aa4b7000 GCTaskThread "GC Thread#7" [stack: 0x000000a040c00000,0x000000a040d00000] [id=3180]
  0x000002988de5f800 ConcurrentGCThread "G1 Main Marker" [stack: 0x000000a03ed00000,0x000000a03ee00000] [id=9520]
  0x000002988de61000 ConcurrentGCThread "G1 Conc#0" [stack: 0x000000a03ee00000,0x000000a03ef00000] [id=1580]
  0x00000298ab6d9000 ConcurrentGCThread "G1 Conc#1" [stack: 0x000000a040f00000,0x000000a041000000] [id=12060]
  0x00000298a80ee000 ConcurrentGCThread "G1 Refine#0" [stack: 0x000000a03ef00000,0x000000a03f000000] [id=6152]
  0x00000298a80ef000 ConcurrentGCThread "G1 Young RemSet Sampling" [stack: 0x000000a03f000000,0x000000a03f100000] [id=11632]

Threads with active compile tasks:
C2 CompilerThread0  15352 11740       4       com.android.tools.r8.graph.c0::a (89 bytes)

VM state:at safepoint (normal execution)

VM Mutex/Monitor currently owned by a thread:  ([mutex/lock_event])
[0x000002988de12470] Threads_lock - owner thread: 0x00000298a8aa4800
[0x000002988de13af0] Heap_lock - owner thread: 0x00000298ac7de000

Heap address: 0x0000000080000000, size: 2048 MB, Compressed Oops mode: 32-bit
Narrow klass base: 0x0000000000000000, Narrow klass shift: 3
Compressed class space size: 1073741824 Address: 0x0000000100000000

Heap:
 garbage-first heap   total 484352K, used 185690K [0x0000000080000000, 0x0000000100000000)
  region size 1024K, 5 young (5120K), 5 survivors (5120K)
 Metaspace       used 98103K, capacity 100361K, committed 101324K, reserved 1136640K
  class space    used 12596K, capacity 13427K, committed 13772K, reserved 1048576K
Heap Regions: E=young(eden), S=young(survivor), O=old, HS=humongous(starts), HC=humongous(continues), CS=collection set, F=free, A=archive, TAMS=top-at-mark-start (previous, next)
|   0|0x0000000080000000, 0x0000000080100000, 0x0000000080100000|100%| O|  |TAMS 0x0000000080100000, 0x0000000080100000| Untracked 
|   1|0x0000000080100000, 0x0000000080200000, 0x0000000080200000|100%| O|  |TAMS 0x0000000080200000, 0x0000000080200000| Untracked 
|   2|0x0000000080200000, 0x0000000080300000, 0x0000000080300000|100%| O|  |TAMS 0x0000000080300000, 0x0000000080300000| Untracked 
|   3|0x0000000080300000, 0x0000000080400000, 0x0000000080400000|100%|HS|  |TAMS 0x0000000080400000, 0x0000000080400000| Complete 
|   4|0x0000000080400000, 0x0000000080500000, 0x0000000080500000|100%|HC|  |TAMS 0x0000000080500000, 0x0000000080500000| Complete 
|   5|0x0000000080500000, 0x0000000080600000, 0x0000000080600000|100%|HC|  |TAMS 0x0000000080600000, 0x0000000080600000| Complete 
|   6|0x0000000080600000, 0x0000000080700000, 0x0000000080700000|100%| O|  |TAMS 0x0000000080700000, 0x0000000080700000| Untracked 
|   7|0x0000000080700000, 0x0000000080800000, 0x0000000080800000|100%| O|  |TAMS 0x0000000080800000, 0x0000000080800000| Untracked 
|   8|0x0000000080800000, 0x0000000080900000, 0x0000000080900000|100%| O|  |TAMS 0x0000000080900000, 0x0000000080900000| Untracked 
|   9|0x0000000080900000, 0x0000000080a00000, 0x0000000080a00000|100%| O|  |TAMS 0x0000000080a00000, 0x0000000080a00000| Untracked 
|  10|0x0000000080a00000, 0x0000000080b00000, 0x0000000080b00000|100%| O|  |TAMS 0x0000000080b00000, 0x0000000080b00000| Untracked 
|  11|0x0000000080b00000, 0x0000000080c00000, 0x0000000080c00000|100%| O|  |TAMS 0x0000000080c00000, 0x0000000080c00000| Untracked 
|  12|0x0000000080c00000, 0x0000000080d00000, 0x0000000080d00000|100%| O|  |TAMS 0x0000000080d00000, 0x0000000080d00000| Untracked 
|  13|0x0000000080d00000, 0x0000000080e00000, 0x0000000080e00000|100%| O|  |TAMS 0x0000000080e00000, 0x0000000080e00000| Untracked 
|  14|0x0000000080e00000, 0x0000000080f00000, 0x0000000080f00000|100%| O|  |TAMS 0x0000000080f00000, 0x0000000080f00000| Untracked 
|  15|0x0000000080f00000, 0x0000000081000000, 0x0000000081000000|100%| O|  |TAMS 0x0000000081000000, 0x0000000081000000| Untracked 
|  16|0x0000000081000000, 0x0000000081100000, 0x0000000081100000|100%|HS|  |TAMS 0x0000000081100000, 0x0000000081100000| Complete 
|  17|0x0000000081100000, 0x0000000081200000, 0x0000000081200000|100%| O|  |TAMS 0x0000000081200000, 0x0000000081200000| Untracked 
|  18|0x0000000081200000, 0x0000000081300000, 0x0000000081300000|100%| O|  |TAMS 0x0000000081300000, 0x0000000081300000| Untracked 
|  19|0x0000000081300000, 0x0000000081400000, 0x0000000081400000|100%| O|  |TAMS 0x0000000081400000, 0x0000000081400000| Untracked 
|  20|0x0000000081400000, 0x0000000081500000, 0x0000000081500000|100%| O|  |TAMS 0x0000000081500000, 0x0000000081500000| Untracked 
|  21|0x0000000081500000, 0x0000000081600000, 0x0000000081600000|100%| O|  |TAMS 0x0000000081600000, 0x0000000081600000| Untracked 
|  22|0x0000000081600000, 0x0000000081700000, 0x0000000081700000|100%| O|  |TAMS 0x0000000081700000, 0x0000000081700000| Untracked 
|  23|0x0000000081700000, 0x0000000081800000, 0x0000000081800000|100%| O|  |TAMS 0x0000000081800000, 0x0000000081800000| Untracked 
|  24|0x0000000081800000, 0x0000000081900000, 0x0000000081900000|100%| O|  |TAMS 0x0000000081900000, 0x0000000081900000| Untracked 
|  25|0x0000000081900000, 0x0000000081a00000, 0x0000000081a00000|100%| O|  |TAMS 0x0000000081a00000, 0x0000000081a00000| Untracked 
|  26|0x0000000081a00000, 0x0000000081b00000, 0x0000000081b00000|100%| O|  |TAMS 0x0000000081b00000, 0x0000000081b00000| Untracked 
|  27|0x0000000081b00000, 0x0000000081c00000, 0x0000000081c00000|100%|HS|  |TAMS 0x0000000081c00000, 0x0000000081c00000| Complete 
|  28|0x0000000081c00000, 0x0000000081d00000, 0x0000000081d00000|100%|HS|  |TAMS 0x0000000081d00000, 0x0000000081d00000| Complete 
|  29|0x0000000081d00000, 0x0000000081e00000, 0x0000000081e00000|100%|HS|  |TAMS 0x0000000081e00000, 0x0000000081e00000| Complete 
|  30|0x0000000081e00000, 0x0000000081f00000, 0x0000000081f00000|100%|HC|  |TAMS 0x0000000081f00000, 0x0000000081f00000| Complete 
|  31|0x0000000081f00000, 0x0000000082000000, 0x0000000082000000|100%|HC|  |TAMS 0x0000000082000000, 0x0000000082000000| Complete 
|  32|0x0000000082000000, 0x0000000082100000, 0x0000000082100000|100%|HS|  |TAMS 0x0000000082100000, 0x0000000082100000| Complete 
|  33|0x0000000082100000, 0x0000000082200000, 0x0000000082200000|100%|HC|  |TAMS 0x0000000082200000, 0x0000000082200000| Complete 
|  34|0x0000000082200000, 0x0000000082300000, 0x0000000082300000|100%| O|  |TAMS 0x0000000082300000, 0x0000000082300000| Untracked 
|  35|0x0000000082300000, 0x0000000082400000, 0x0000000082400000|100%| O|  |TAMS 0x0000000082400000, 0x0000000082400000| Untracked 
|  36|0x0000000082400000, 0x0000000082500000, 0x0000000082500000|100%| O|  |TAMS 0x0000000082500000, 0x0000000082500000| Untracked 
|  37|0x0000000082500000, 0x0000000082600000, 0x0000000082600000|100%| O|  |TAMS 0x0000000082600000, 0x0000000082600000| Untracked 
|  38|0x0000000082600000, 0x0000000082700000, 0x0000000082700000|100%| O|  |TAMS 0x0000000082700000, 0x0000000082700000| Untracked 
|  39|0x0000000082700000, 0x0000000082800000, 0x0000000082800000|100%| O|  |TAMS 0x0000000082800000, 0x0000000082800000| Untracked 
|  40|0x0000000082800000, 0x0000000082900000, 0x0000000082900000|100%| O|  |TAMS 0x0000000082900000, 0x0000000082900000| Untracked 
|  41|0x0000000082900000, 0x0000000082a00000, 0x0000000082a00000|100%| O|  |TAMS 0x0000000082a00000, 0x0000000082a00000| Untracked 
|  42|0x0000000082a00000, 0x0000000082b00000, 0x0000000082b00000|100%| O|  |TAMS 0x0000000082b00000, 0x0000000082b00000| Untracked 
|  43|0x0000000082b00000, 0x0000000082c00000, 0x0000000082c00000|100%| O|  |TAMS 0x0000000082c00000, 0x0000000082c00000| Untracked 
|  44|0x0000000082c00000, 0x0000000082d00000, 0x0000000082d00000|100%| O|  |TAMS 0x0000000082d00000, 0x0000000082d00000| Untracked 
|  45|0x0000000082d00000, 0x0000000082e00000, 0x0000000082e00000|100%| O|  |TAMS 0x0000000082e00000, 0x0000000082e00000| Untracked 
|  46|0x0000000082e00000, 0x0000000082f00000, 0x0000000082f00000|100%| O|  |TAMS 0x0000000082f00000, 0x0000000082f00000| Untracked 
|  47|0x0000000082f00000, 0x0000000083000000, 0x0000000083000000|100%| O|  |TAMS 0x0000000083000000, 0x0000000083000000| Untracked 
|  48|0x0000000083000000, 0x0000000083100000, 0x0000000083100000|100%| O|  |TAMS 0x0000000083100000, 0x0000000083100000| Untracked 
|  49|0x0000000083100000, 0x0000000083200000, 0x0000000083200000|100%| O|  |TAMS 0x0000000083200000, 0x0000000083200000| Untracked 
|  50|0x0000000083200000, 0x0000000083300000, 0x0000000083300000|100%| O|  |TAMS 0x0000000083300000, 0x0000000083300000| Untracked 
|  51|0x0000000083300000, 0x0000000083400000, 0x0000000083400000|100%| O|  |TAMS 0x0000000083400000, 0x0000000083400000| Untracked 
|  52|0x0000000083400000, 0x0000000083500000, 0x0000000083500000|100%| O|  |TAMS 0x0000000083500000, 0x0000000083500000| Untracked 
|  53|0x0000000083500000, 0x0000000083600000, 0x0000000083600000|100%| O|  |TAMS 0x0000000083600000, 0x0000000083600000| Untracked 
|  54|0x0000000083600000, 0x0000000083700000, 0x0000000083700000|100%| O|  |TAMS 0x0000000083700000, 0x0000000083700000| Untracked 
|  55|0x0000000083700000, 0x0000000083800000, 0x0000000083800000|100%| O|  |TAMS 0x0000000083800000, 0x0000000083800000| Untracked 
|  56|0x0000000083800000, 0x0000000083900000, 0x0000000083900000|100%| O|  |TAMS 0x0000000083900000, 0x0000000083900000| Untracked 
|  57|0x0000000083900000, 0x0000000083a00000, 0x0000000083a00000|100%| O|  |TAMS 0x0000000083a00000, 0x0000000083a00000| Untracked 
|  58|0x0000000083a00000, 0x0000000083b00000, 0x0000000083b00000|100%| O|  |TAMS 0x0000000083b00000, 0x0000000083b00000| Untracked 
|  59|0x0000000083b00000, 0x0000000083c00000, 0x0000000083c00000|100%| O|  |TAMS 0x0000000083c00000, 0x0000000083c00000| Untracked 
|  60|0x0000000083c00000, 0x0000000083d00000, 0x0000000083d00000|100%| O|  |TAMS 0x0000000083d00000, 0x0000000083d00000| Untracked 
|  61|0x0000000083d00000, 0x0000000083e00000, 0x0000000083e00000|100%| O|  |TAMS 0x0000000083e00000, 0x0000000083e00000| Untracked 
|  62|0x0000000083e00000, 0x0000000083f00000, 0x0000000083f00000|100%| O|  |TAMS 0x0000000083f00000, 0x0000000083f00000| Untracked 
|  63|0x0000000083f00000, 0x0000000084000000, 0x0000000084000000|100%| O|  |TAMS 0x0000000084000000, 0x0000000084000000| Untracked 
|  64|0x0000000084000000, 0x0000000084100000, 0x0000000084100000|100%| O|  |TAMS 0x0000000084100000, 0x0000000084100000| Untracked 
|  65|0x0000000084100000, 0x0000000084200000, 0x0000000084200000|100%| O|  |TAMS 0x0000000084200000, 0x0000000084200000| Untracked 
|  66|0x0000000084200000, 0x0000000084300000, 0x0000000084300000|100%| O|  |TAMS 0x0000000084300000, 0x0000000084300000| Untracked 
|  67|0x0000000084300000, 0x0000000084400000, 0x0000000084400000|100%| O|  |TAMS 0x0000000084400000, 0x0000000084400000| Untracked 
|  68|0x0000000084400000, 0x0000000084500000, 0x0000000084500000|100%| O|  |TAMS 0x0000000084500000, 0x0000000084500000| Untracked 
|  69|0x0000000084500000, 0x0000000084600000, 0x0000000084600000|100%| O|  |TAMS 0x0000000084600000, 0x0000000084600000| Untracked 
|  70|0x0000000084600000, 0x0000000084700000, 0x0000000084700000|100%| O|  |TAMS 0x0000000084700000, 0x0000000084700000| Untracked 
|  71|0x0000000084700000, 0x0000000084800000, 0x0000000084800000|100%| O|  |TAMS 0x0000000084800000, 0x0000000084800000| Untracked 
|  72|0x0000000084800000, 0x0000000084900000, 0x0000000084900000|100%| O|  |TAMS 0x0000000084900000, 0x0000000084900000| Untracked 
|  73|0x0000000084900000, 0x0000000084a00000, 0x0000000084a00000|100%| O|  |TAMS 0x0000000084a00000, 0x0000000084a00000| Untracked 
|  74|0x0000000084a00000, 0x0000000084b00000, 0x0000000084b00000|100%| O|  |TAMS 0x0000000084b00000, 0x0000000084b00000| Untracked 
|  75|0x0000000084b00000, 0x0000000084c00000, 0x0000000084c00000|100%| O|  |TAMS 0x0000000084c00000, 0x0000000084c00000| Untracked 
|  76|0x0000000084c00000, 0x0000000084d00000, 0x0000000084d00000|100%| O|  |TAMS 0x0000000084d00000, 0x0000000084d00000| Untracked 
|  77|0x0000000084d00000, 0x0000000084e00000, 0x0000000084e00000|100%| O|  |TAMS 0x0000000084e00000, 0x0000000084e00000| Untracked 
|  78|0x0000000084e00000, 0x0000000084f00000, 0x0000000084f00000|100%| O|  |TAMS 0x0000000084f00000, 0x0000000084f00000| Untracked 
|  79|0x0000000084f00000, 0x0000000085000000, 0x0000000085000000|100%| O|  |TAMS 0x0000000085000000, 0x0000000085000000| Untracked 
|  80|0x0000000085000000, 0x0000000085100000, 0x0000000085100000|100%| O|  |TAMS 0x0000000085100000, 0x0000000085100000| Untracked 
|  81|0x0000000085100000, 0x0000000085200000, 0x0000000085200000|100%|HS|  |TAMS 0x0000000085200000, 0x0000000085200000| Complete 
|  82|0x0000000085200000, 0x0000000085300000, 0x0000000085300000|100%| O|  |TAMS 0x0000000085300000, 0x0000000085300000| Untracked 
|  83|0x0000000085300000, 0x0000000085400000, 0x0000000085400000|100%| O|  |TAMS 0x0000000085400000, 0x0000000085400000| Untracked 
|  84|0x0000000085400000, 0x0000000085500000, 0x0000000085500000|100%| O|  |TAMS 0x0000000085500000, 0x0000000085500000| Untracked 
|  85|0x0000000085500000, 0x0000000085600000, 0x0000000085600000|100%| O|  |TAMS 0x0000000085600000, 0x0000000085600000| Untracked 
|  86|0x0000000085600000, 0x0000000085700000, 0x0000000085700000|100%| O|  |TAMS 0x0000000085700000, 0x0000000085700000| Untracked 
|  87|0x0000000085700000, 0x0000000085800000, 0x0000000085800000|100%| O|  |TAMS 0x0000000085800000, 0x0000000085800000| Untracked 
|  88|0x0000000085800000, 0x0000000085900000, 0x0000000085900000|100%| O|  |TAMS 0x0000000085900000, 0x0000000085900000| Untracked 
|  89|0x0000000085900000, 0x0000000085a00000, 0x0000000085a00000|100%| O|  |TAMS 0x0000000085a00000, 0x0000000085a00000| Untracked 
|  90|0x0000000085a00000, 0x0000000085b00000, 0x0000000085b00000|100%| O|  |TAMS 0x0000000085b00000, 0x0000000085b00000| Untracked 
|  91|0x0000000085b00000, 0x0000000085c00000, 0x0000000085c00000|100%| O|  |TAMS 0x0000000085c00000, 0x0000000085c00000| Untracked 
|  92|0x0000000085c00000, 0x0000000085d00000, 0x0000000085d00000|100%| O|  |TAMS 0x0000000085d00000, 0x0000000085d00000| Untracked 
|  93|0x0000000085d00000, 0x0000000085e00000, 0x0000000085e00000|100%| O|  |TAMS 0x0000000085e00000, 0x0000000085e00000| Untracked 
|  94|0x0000000085e00000, 0x0000000085f00000, 0x0000000085f00000|100%| O|  |TAMS 0x0000000085f00000, 0x0000000085f00000| Untracked 
|  95|0x0000000085f00000, 0x0000000086000000, 0x0000000086000000|100%|HS|  |TAMS 0x0000000086000000, 0x0000000086000000| Complete 
|  96|0x0000000086000000, 0x0000000086100000, 0x0000000086100000|100%| O|  |TAMS 0x0000000086100000, 0x0000000086100000| Untracked 
|  97|0x0000000086100000, 0x0000000086200000, 0x0000000086200000|100%| O|  |TAMS 0x0000000086200000, 0x0000000086200000| Untracked 
|  98|0x0000000086200000, 0x0000000086300000, 0x0000000086300000|100%| O|  |TAMS 0x0000000086300000, 0x0000000086300000| Untracked 
|  99|0x0000000086300000, 0x0000000086400000, 0x0000000086400000|100%| O|  |TAMS 0x0000000086400000, 0x0000000086400000| Untracked 
| 100|0x0000000086400000, 0x0000000086500000, 0x0000000086500000|100%| O|  |TAMS 0x0000000086500000, 0x0000000086500000| Untracked 
| 101|0x0000000086500000, 0x0000000086600000, 0x0000000086600000|100%| O|  |TAMS 0x0000000086600000, 0x0000000086600000| Untracked 
| 102|0x0000000086600000, 0x0000000086700000, 0x0000000086700000|100%| O|  |TAMS 0x0000000086700000, 0x0000000086700000| Untracked 
| 103|0x0000000086700000, 0x0000000086800000, 0x0000000086800000|100%| O|  |TAMS 0x0000000086800000, 0x0000000086800000| Untracked 
| 104|0x0000000086800000, 0x0000000086900000, 0x0000000086900000|100%| O|  |TAMS 0x0000000086900000, 0x0000000086900000| Untracked 
| 105|0x0000000086900000, 0x0000000086a00000, 0x0000000086a00000|100%| O|  |TAMS 0x0000000086a00000, 0x0000000086a00000| Untracked 
| 106|0x0000000086a00000, 0x0000000086b00000, 0x0000000086b00000|100%| O|  |TAMS 0x0000000086b00000, 0x0000000086b00000| Untracked 
| 107|0x0000000086b00000, 0x0000000086c00000, 0x0000000086c00000|100%| O|  |TAMS 0x0000000086c00000, 0x0000000086c00000| Untracked 
| 108|0x0000000086c00000, 0x0000000086d00000, 0x0000000086d00000|100%| O|  |TAMS 0x0000000086c00000, 0x0000000086d00000| Untracked 
| 109|0x0000000086d00000, 0x0000000086e00000, 0x0000000086e00000|100%| O|  |TAMS 0x0000000086e00000, 0x0000000086e00000| Untracked 
| 110|0x0000000086e00000, 0x0000000086f00000, 0x0000000086f00000|100%| O|  |TAMS 0x0000000086f00000, 0x0000000086f00000| Untracked 
| 111|0x0000000086f00000, 0x0000000087000000, 0x0000000087000000|100%| O|  |TAMS 0x0000000087000000, 0x0000000087000000| Untracked 
| 112|0x0000000087000000, 0x0000000087100000, 0x0000000087100000|100%| O|  |TAMS 0x0000000087100000, 0x0000000087100000| Untracked 
| 113|0x0000000087100000, 0x0000000087200000, 0x0000000087200000|100%| O|  |TAMS 0x0000000087200000, 0x0000000087200000| Untracked 
| 114|0x0000000087200000, 0x0000000087300000, 0x0000000087300000|100%| O|  |TAMS 0x0000000087300000, 0x0000000087300000| Untracked 
| 115|0x0000000087300000, 0x0000000087400000, 0x0000000087400000|100%| O|  |TAMS 0x0000000087400000, 0x0000000087400000| Untracked 
| 116|0x0000000087400000, 0x0000000087500000, 0x0000000087500000|100%| O|  |TAMS 0x0000000087500000, 0x0000000087500000| Untracked 
| 117|0x0000000087500000, 0x0000000087600000, 0x0000000087600000|100%| O|  |TAMS 0x0000000087600000, 0x0000000087600000| Untracked 
| 118|0x0000000087600000, 0x0000000087700000, 0x0000000087700000|100%| O|  |TAMS 0x0000000087700000, 0x0000000087700000| Untracked 
| 119|0x0000000087700000, 0x0000000087800000, 0x0000000087800000|100%| O|  |TAMS 0x0000000087800000, 0x0000000087800000| Untracked 
| 120|0x0000000087800000, 0x0000000087900000, 0x0000000087900000|100%| O|  |TAMS 0x0000000087900000, 0x0000000087900000| Untracked 
| 121|0x0000000087900000, 0x0000000087a00000, 0x0000000087a00000|100%| O|  |TAMS 0x0000000087a00000, 0x0000000087a00000| Untracked 
| 122|0x0000000087a00000, 0x0000000087b00000, 0x0000000087b00000|100%| O|  |TAMS 0x0000000087b00000, 0x0000000087b00000| Untracked 
| 123|0x0000000087b00000, 0x0000000087c00000, 0x0000000087c00000|100%| O|  |TAMS 0x0000000087c00000, 0x0000000087c00000| Untracked 
| 124|0x0000000087c00000, 0x0000000087d00000, 0x0000000087d00000|100%| O|  |TAMS 0x0000000087d00000, 0x0000000087d00000| Untracked 
| 125|0x0000000087d00000, 0x0000000087e00000, 0x0000000087e00000|100%| O|  |TAMS 0x0000000087e00000, 0x0000000087e00000| Untracked 
| 126|0x0000000087e00000, 0x0000000087f00000, 0x0000000087f00000|100%| O|  |TAMS 0x0000000087f00000, 0x0000000087f00000| Untracked 
| 127|0x0000000087f00000, 0x0000000088000000, 0x0000000088000000|100%| O|  |TAMS 0x0000000088000000, 0x0000000088000000| Untracked 
| 128|0x0000000088000000, 0x0000000088100000, 0x0000000088100000|100%| O|  |TAMS 0x0000000088100000, 0x0000000088100000| Untracked 
| 129|0x0000000088100000, 0x0000000088200000, 0x0000000088200000|100%| O|  |TAMS 0x0000000088200000, 0x0000000088200000| Untracked 
| 130|0x0000000088200000, 0x0000000088300000, 0x0000000088300000|100%| O|  |TAMS 0x0000000088300000, 0x0000000088300000| Untracked 
| 131|0x0000000088300000, 0x0000000088400000, 0x0000000088400000|100%| O|  |TAMS 0x0000000088400000, 0x0000000088400000| Untracked 
| 132|0x0000000088400000, 0x0000000088500000, 0x0000000088500000|100%| O|  |TAMS 0x0000000088500000, 0x0000000088500000| Untracked 
| 133|0x0000000088500000, 0x0000000088600000, 0x0000000088600000|100%| O|  |TAMS 0x0000000088600000, 0x0000000088600000| Untracked 
| 134|0x0000000088600000, 0x0000000088700000, 0x0000000088700000|100%| O|  |TAMS 0x0000000088700000, 0x0000000088700000| Untracked 
| 135|0x0000000088700000, 0x0000000088800000, 0x0000000088800000|100%| O|  |TAMS 0x0000000088800000, 0x0000000088800000| Untracked 
| 136|0x0000000088800000, 0x0000000088900000, 0x0000000088900000|100%| O|  |TAMS 0x0000000088900000, 0x0000000088900000| Untracked 
| 137|0x0000000088900000, 0x0000000088a00000, 0x0000000088a00000|100%| O|  |TAMS 0x0000000088a00000, 0x0000000088a00000| Untracked 
| 138|0x0000000088a00000, 0x0000000088b00000, 0x0000000088b00000|100%| O|  |TAMS 0x0000000088b00000, 0x0000000088b00000| Untracked 
| 139|0x0000000088b00000, 0x0000000088c00000, 0x0000000088c00000|100%| O|  |TAMS 0x0000000088c00000, 0x0000000088c00000| Untracked 
| 140|0x0000000088c00000, 0x0000000088d00000, 0x0000000088d00000|100%| O|  |TAMS 0x0000000088d00000, 0x0000000088d00000| Untracked 
| 141|0x0000000088d00000, 0x0000000088e00000, 0x0000000088e00000|100%| O|  |TAMS 0x0000000088e00000, 0x0000000088e00000| Untracked 
| 142|0x0000000088e00000, 0x0000000088f00000, 0x0000000088f00000|100%| O|  |TAMS 0x0000000088f00000, 0x0000000088f00000| Untracked 
| 143|0x0000000088f00000, 0x0000000089000000, 0x0000000089000000|100%| O|  |TAMS 0x0000000089000000, 0x0000000089000000| Untracked 
| 144|0x0000000089000000, 0x0000000089100000, 0x0000000089100000|100%| O|  |TAMS 0x0000000089100000, 0x0000000089100000| Untracked 
| 145|0x0000000089100000, 0x0000000089200000, 0x0000000089200000|100%| O|  |TAMS 0x0000000089200000, 0x0000000089200000| Untracked 
| 146|0x0000000089200000, 0x0000000089300000, 0x0000000089300000|100%| O|  |TAMS 0x0000000089300000, 0x0000000089300000| Untracked 
| 147|0x0000000089300000, 0x0000000089400000, 0x0000000089400000|100%| O|  |TAMS 0x0000000089400000, 0x0000000089400000| Untracked 
| 148|0x0000000089400000, 0x0000000089500000, 0x0000000089500000|100%| O|  |TAMS 0x0000000089500000, 0x0000000089500000| Untracked 
| 149|0x0000000089500000, 0x0000000089600000, 0x0000000089600000|100%| O|  |TAMS 0x0000000089600000, 0x0000000089600000| Untracked 
| 150|0x0000000089600000, 0x0000000089700000, 0x0000000089700000|100%| O|  |TAMS 0x000000008964e000, 0x0000000089700000| Untracked 
| 151|0x0000000089700000, 0x0000000089800000, 0x0000000089800000|100%| O|  |TAMS 0x0000000089700000, 0x0000000089800000| Untracked 
| 152|0x0000000089800000, 0x0000000089900000, 0x0000000089900000|100%| O|  |TAMS 0x0000000089800000, 0x0000000089900000| Untracked 
| 153|0x0000000089900000, 0x0000000089a00000, 0x0000000089a00000|100%| O|  |TAMS 0x0000000089900000, 0x0000000089a00000| Untracked 
| 154|0x0000000089a00000, 0x0000000089b00000, 0x0000000089b00000|100%| O|  |TAMS 0x0000000089a00000, 0x0000000089b00000| Untracked 
| 155|0x0000000089b00000, 0x0000000089c00000, 0x0000000089c00000|100%| O|  |TAMS 0x0000000089b00000, 0x0000000089c00000| Untracked 
| 156|0x0000000089c00000, 0x0000000089d00000, 0x0000000089d00000|100%| O|  |TAMS 0x0000000089c00000, 0x0000000089d00000| Untracked 
| 157|0x0000000089d00000, 0x0000000089e00000, 0x0000000089e00000|100%| O|  |TAMS 0x0000000089d00000, 0x0000000089e00000| Untracked 
| 158|0x0000000089e00000, 0x0000000089f00000, 0x0000000089f00000|100%| O|  |TAMS 0x0000000089e00000, 0x0000000089f00000| Untracked 
| 159|0x0000000089f00000, 0x000000008a000000, 0x000000008a000000|100%| O|  |TAMS 0x0000000089f00000, 0x000000008a000000| Untracked 
| 160|0x000000008a000000, 0x000000008a100000, 0x000000008a100000|100%| O|  |TAMS 0x000000008a000000, 0x000000008a100000| Untracked 
| 161|0x000000008a100000, 0x000000008a200000, 0x000000008a200000|100%| O|  |TAMS 0x000000008a100000, 0x000000008a200000| Untracked 
| 162|0x000000008a200000, 0x000000008a300000, 0x000000008a300000|100%| O|  |TAMS 0x000000008a200000, 0x000000008a300000| Untracked 
| 163|0x000000008a300000, 0x000000008a400000, 0x000000008a400000|100%| O|  |TAMS 0x000000008a300000, 0x000000008a400000| Untracked 
| 164|0x000000008a400000, 0x000000008a500000, 0x000000008a500000|100%| O|  |TAMS 0x000000008a400000, 0x000000008a500000| Untracked 
| 165|0x000000008a500000, 0x000000008a600000, 0x000000008a600000|100%| O|  |TAMS 0x000000008a500000, 0x000000008a600000| Untracked 
| 166|0x000000008a600000, 0x000000008a700000, 0x000000008a700000|100%| O|  |TAMS 0x000000008a600000, 0x000000008a700000| Untracked 
| 167|0x000000008a700000, 0x000000008a800000, 0x000000008a800000|100%| O|  |TAMS 0x000000008a700000, 0x000000008a800000| Untracked 
| 168|0x000000008a800000, 0x000000008a900000, 0x000000008a900000|100%| O|  |TAMS 0x000000008a800000, 0x000000008a900000| Untracked 
| 169|0x000000008a900000, 0x000000008aa00000, 0x000000008aa00000|100%| O|  |TAMS 0x000000008a900000, 0x000000008aa00000| Untracked 
| 170|0x000000008aa00000, 0x000000008ab00000, 0x000000008ab00000|100%| O|  |TAMS 0x000000008aa00000, 0x000000008ab00000| Untracked 
| 171|0x000000008ab00000, 0x000000008ac00000, 0x000000008ac00000|100%| O|  |TAMS 0x000000008ab00000, 0x000000008ac00000| Untracked 
| 172|0x000000008ac00000, 0x000000008ad00000, 0x000000008ad00000|100%| O|  |TAMS 0x000000008ac00000, 0x000000008ad00000| Untracked 
| 173|0x000000008ad00000, 0x000000008ae00000, 0x000000008ae00000|100%| O|  |TAMS 0x000000008ad00000, 0x000000008ae00000| Untracked 
| 174|0x000000008ae00000, 0x000000008af00000, 0x000000008af00000|100%| O|  |TAMS 0x000000008ae00000, 0x000000008af00000| Untracked 
| 175|0x000000008af00000, 0x000000008b000000, 0x000000008b000000|100%| O|  |TAMS 0x000000008af00000, 0x000000008b000000| Untracked 
| 176|0x000000008b000000, 0x000000008b056800, 0x000000008b100000| 33%| O|  |TAMS 0x000000008b000000, 0x000000008b056800| Untracked 
| 177|0x000000008b100000, 0x000000008b100000, 0x000000008b200000|  0%| F|  |TAMS 0x000000008b100000, 0x000000008b100000| Untracked 
| 178|0x000000008b200000, 0x000000008b200000, 0x000000008b300000|  0%| F|  |TAMS 0x000000008b200000, 0x000000008b200000| Untracked 
| 179|0x000000008b300000, 0x000000008b300000, 0x000000008b400000|  0%| F|  |TAMS 0x000000008b300000, 0x000000008b300000| Untracked 
| 180|0x000000008b400000, 0x000000008b400000, 0x000000008b500000|  0%| F|  |TAMS 0x000000008b400000, 0x000000008b400000| Untracked 
| 181|0x000000008b500000, 0x000000008b500000, 0x000000008b600000|  0%| F|  |TAMS 0x000000008b500000, 0x000000008b500000| Untracked 
| 182|0x000000008b600000, 0x000000008b600000, 0x000000008b700000|  0%| F|  |TAMS 0x000000008b600000, 0x000000008b600000| Untracked 
| 183|0x000000008b700000, 0x000000008b700000, 0x000000008b800000|  0%| F|  |TAMS 0x000000008b700000, 0x000000008b700000| Untracked 
| 184|0x000000008b800000, 0x000000008b800000, 0x000000008b900000|  0%| F|  |TAMS 0x000000008b800000, 0x000000008b800000| Untracked 
| 185|0x000000008b900000, 0x000000008b900000, 0x000000008ba00000|  0%| F|  |TAMS 0x000000008b900000, 0x000000008b900000| Untracked 
| 186|0x000000008ba00000, 0x000000008ba00000, 0x000000008bb00000|  0%| F|  |TAMS 0x000000008ba00000, 0x000000008ba00000| Untracked 
| 187|0x000000008bb00000, 0x000000008bb00000, 0x000000008bc00000|  0%| F|  |TAMS 0x000000008bb00000, 0x000000008bb00000| Untracked 
| 188|0x000000008bc00000, 0x000000008bc00000, 0x000000008bd00000|  0%| F|  |TAMS 0x000000008bc00000, 0x000000008bc00000| Untracked 
| 189|0x000000008bd00000, 0x000000008bd00000, 0x000000008be00000|  0%| F|  |TAMS 0x000000008bd00000, 0x000000008bd00000| Untracked 
| 190|0x000000008be00000, 0x000000008be00000, 0x000000008bf00000|  0%| F|  |TAMS 0x000000008be00000, 0x000000008be00000| Untracked 
| 191|0x000000008bf00000, 0x000000008bf00000, 0x000000008c000000|  0%| F|  |TAMS 0x000000008bf00000, 0x000000008bf00000| Untracked 
| 192|0x000000008c000000, 0x000000008c000000, 0x000000008c100000|  0%| F|  |TAMS 0x000000008c000000, 0x000000008c000000| Untracked 
| 193|0x000000008c100000, 0x000000008c100000, 0x000000008c200000|  0%| F|  |TAMS 0x000000008c100000, 0x000000008c100000| Untracked 
| 194|0x000000008c200000, 0x000000008c200000, 0x000000008c300000|  0%| F|  |TAMS 0x000000008c200000, 0x000000008c200000| Untracked 
| 195|0x000000008c300000, 0x000000008c300000, 0x000000008c400000|  0%| F|  |TAMS 0x000000008c300000, 0x000000008c300000| Untracked 
| 196|0x000000008c400000, 0x000000008c400000, 0x000000008c500000|  0%| F|  |TAMS 0x000000008c400000, 0x000000008c400000| Untracked 
| 197|0x000000008c500000, 0x000000008c500000, 0x000000008c600000|  0%| F|  |TAMS 0x000000008c500000, 0x000000008c500000| Untracked 
| 198|0x000000008c600000, 0x000000008c600000, 0x000000008c700000|  0%| F|  |TAMS 0x000000008c600000, 0x000000008c600000| Untracked 
| 199|0x000000008c700000, 0x000000008c700000, 0x000000008c800000|  0%| F|  |TAMS 0x000000008c700000, 0x000000008c700000| Untracked 
| 200|0x000000008c800000, 0x000000008c800000, 0x000000008c900000|  0%| F|  |TAMS 0x000000008c800000, 0x000000008c800000| Untracked 
| 201|0x000000008c900000, 0x000000008c900000, 0x000000008ca00000|  0%| F|  |TAMS 0x000000008c900000, 0x000000008c900000| Untracked 
| 202|0x000000008ca00000, 0x000000008ca00000, 0x000000008cb00000|  0%| F|  |TAMS 0x000000008ca00000, 0x000000008ca00000| Untracked 
| 203|0x000000008cb00000, 0x000000008cb00000, 0x000000008cc00000|  0%| F|  |TAMS 0x000000008cb00000, 0x000000008cb00000| Untracked 
| 204|0x000000008cc00000, 0x000000008cc00000, 0x000000008cd00000|  0%| F|  |TAMS 0x000000008cc00000, 0x000000008cc00000| Untracked 
| 205|0x000000008cd00000, 0x000000008cd00000, 0x000000008ce00000|  0%| F|  |TAMS 0x000000008cd00000, 0x000000008cd00000| Untracked 
| 206|0x000000008ce00000, 0x000000008ce00000, 0x000000008cf00000|  0%| F|  |TAMS 0x000000008ce00000, 0x000000008ce00000| Untracked 
| 207|0x000000008cf00000, 0x000000008cf00000, 0x000000008d000000|  0%| F|  |TAMS 0x000000008cf00000, 0x000000008cf00000| Untracked 
| 208|0x000000008d000000, 0x000000008d000000, 0x000000008d100000|  0%| F|  |TAMS 0x000000008d000000, 0x000000008d000000| Untracked 
| 209|0x000000008d100000, 0x000000008d100000, 0x000000008d200000|  0%| F|  |TAMS 0x000000008d100000, 0x000000008d100000| Untracked 
| 210|0x000000008d200000, 0x000000008d200000, 0x000000008d300000|  0%| F|  |TAMS 0x000000008d200000, 0x000000008d200000| Untracked 
| 211|0x000000008d300000, 0x000000008d300000, 0x000000008d400000|  0%| F|  |TAMS 0x000000008d300000, 0x000000008d300000| Untracked 
| 212|0x000000008d400000, 0x000000008d400000, 0x000000008d500000|  0%| F|  |TAMS 0x000000008d400000, 0x000000008d400000| Untracked 
| 213|0x000000008d500000, 0x000000008d500000, 0x000000008d600000|  0%| F|  |TAMS 0x000000008d500000, 0x000000008d500000| Untracked 
| 214|0x000000008d600000, 0x000000008d600000, 0x000000008d700000|  0%| F|  |TAMS 0x000000008d600000, 0x000000008d600000| Untracked 
| 215|0x000000008d700000, 0x000000008d700000, 0x000000008d800000|  0%| F|  |TAMS 0x000000008d700000, 0x000000008d700000| Untracked 
| 216|0x000000008d800000, 0x000000008d800000, 0x000000008d900000|  0%| F|  |TAMS 0x000000008d800000, 0x000000008d800000| Untracked 
| 217|0x000000008d900000, 0x000000008d900000, 0x000000008da00000|  0%| F|  |TAMS 0x000000008d900000, 0x000000008d900000| Untracked 
| 218|0x000000008da00000, 0x000000008db00000, 0x000000008db00000|100%| S|CS|TAMS 0x000000008da00000, 0x000000008da00000| Complete 
| 219|0x000000008db00000, 0x000000008dc00000, 0x000000008dc00000|100%| S|CS|TAMS 0x000000008db00000, 0x000000008db00000| Complete 
| 220|0x000000008dc00000, 0x000000008dd00000, 0x000000008dd00000|100%| S|CS|TAMS 0x000000008dc00000, 0x000000008dc00000| Complete 
| 221|0x000000008dd00000, 0x000000008de00000, 0x000000008de00000|100%| S|CS|TAMS 0x000000008dd00000, 0x000000008dd00000| Complete 
| 222|0x000000008de00000, 0x000000008df00000, 0x000000008df00000|100%| S|CS|TAMS 0x000000008de00000, 0x000000008de00000| Complete 
| 223|0x000000008df00000, 0x000000008df00000, 0x000000008e000000|  0%| F|  |TAMS 0x000000008df00000, 0x000000008df00000| Untracked 
| 224|0x000000008e000000, 0x000000008e000000, 0x000000008e100000|  0%| F|  |TAMS 0x000000008e000000, 0x000000008e000000| Untracked 
| 225|0x000000008e100000, 0x000000008e100000, 0x000000008e200000|  0%| F|  |TAMS 0x000000008e100000, 0x000000008e100000| Untracked 
| 226|0x000000008e200000, 0x000000008e200000, 0x000000008e300000|  0%| F|  |TAMS 0x000000008e200000, 0x000000008e200000| Untracked 
| 227|0x000000008e300000, 0x000000008e300000, 0x000000008e400000|  0%| F|  |TAMS 0x000000008e300000, 0x000000008e300000| Untracked 
| 228|0x000000008e400000, 0x000000008e400000, 0x000000008e500000|  0%| F|  |TAMS 0x000000008e400000, 0x000000008e400000| Untracked 
| 229|0x000000008e500000, 0x000000008e500000, 0x000000008e600000|  0%| F|  |TAMS 0x000000008e500000, 0x000000008e500000| Untracked 
| 230|0x000000008e600000, 0x000000008e600000, 0x000000008e700000|  0%| F|  |TAMS 0x000000008e600000, 0x000000008e600000| Untracked 
| 231|0x000000008e700000, 0x000000008e700000, 0x000000008e800000|  0%| F|  |TAMS 0x000000008e700000, 0x000000008e700000| Untracked 
| 232|0x000000008e800000, 0x000000008e800000, 0x000000008e900000|  0%| F|  |TAMS 0x000000008e800000, 0x000000008e800000| Untracked 
| 233|0x000000008e900000, 0x000000008e900000, 0x000000008ea00000|  0%| F|  |TAMS 0x000000008e900000, 0x000000008e900000| Untracked 
| 234|0x000000008ea00000, 0x000000008ea00000, 0x000000008eb00000|  0%| F|  |TAMS 0x000000008ea00000, 0x000000008ea00000| Untracked 
| 235|0x000000008eb00000, 0x000000008eb00000, 0x000000008ec00000|  0%| F|  |TAMS 0x000000008eb00000, 0x000000008eb00000| Untracked 
| 236|0x000000008ec00000, 0x000000008ec00000, 0x000000008ed00000|  0%| F|  |TAMS 0x000000008ec00000, 0x000000008ec00000| Untracked 
| 237|0x000000008ed00000, 0x000000008ed00000, 0x000000008ee00000|  0%| F|  |TAMS 0x000000008ed00000, 0x000000008ed00000| Untracked 
| 238|0x000000008ee00000, 0x000000008ee00000, 0x000000008ef00000|  0%| F|  |TAMS 0x000000008ee00000, 0x000000008ee00000| Untracked 
| 239|0x000000008ef00000, 0x000000008ef00000, 0x000000008f000000|  0%| F|  |TAMS 0x000000008ef00000, 0x000000008ef00000| Untracked 
| 240|0x000000008f000000, 0x000000008f000000, 0x000000008f100000|  0%| F|  |TAMS 0x000000008f000000, 0x000000008f000000| Untracked 
| 241|0x000000008f100000, 0x000000008f100000, 0x000000008f200000|  0%| F|  |TAMS 0x000000008f100000, 0x000000008f100000| Untracked 
| 242|0x000000008f200000, 0x000000008f200000, 0x000000008f300000|  0%| F|  |TAMS 0x000000008f200000, 0x000000008f200000| Untracked 
| 243|0x000000008f300000, 0x000000008f300000, 0x000000008f400000|  0%| F|  |TAMS 0x000000008f300000, 0x000000008f300000| Untracked 
| 244|0x000000008f400000, 0x000000008f400000, 0x000000008f500000|  0%| F|  |TAMS 0x000000008f400000, 0x000000008f400000| Untracked 
| 245|0x000000008f500000, 0x000000008f500000, 0x000000008f600000|  0%| F|  |TAMS 0x000000008f500000, 0x000000008f500000| Untracked 
| 246|0x000000008f600000, 0x000000008f600000, 0x000000008f700000|  0%| F|  |TAMS 0x000000008f600000, 0x000000008f600000| Untracked 
| 247|0x000000008f700000, 0x000000008f700000, 0x000000008f800000|  0%| F|  |TAMS 0x000000008f700000, 0x000000008f700000| Untracked 
| 248|0x000000008f800000, 0x000000008f800000, 0x000000008f900000|  0%| F|  |TAMS 0x000000008f800000, 0x000000008f800000| Untracked 
| 249|0x000000008f900000, 0x000000008f900000, 0x000000008fa00000|  0%| F|  |TAMS 0x000000008f900000, 0x000000008f900000| Untracked 
| 250|0x000000008fa00000, 0x000000008fa00000, 0x000000008fb00000|  0%| F|  |TAMS 0x000000008fa00000, 0x000000008fa00000| Untracked 
| 251|0x000000008fb00000, 0x000000008fb00000, 0x000000008fc00000|  0%| F|  |TAMS 0x000000008fb00000, 0x000000008fb00000| Untracked 
| 252|0x000000008fc00000, 0x000000008fc00000, 0x000000008fd00000|  0%| F|  |TAMS 0x000000008fc00000, 0x000000008fc00000| Untracked 
| 253|0x000000008fd00000, 0x000000008fd00000, 0x000000008fe00000|  0%| F|  |TAMS 0x000000008fd00000, 0x000000008fd00000| Untracked 
| 254|0x000000008fe00000, 0x000000008fe00000, 0x000000008ff00000|  0%| F|  |TAMS 0x000000008fe00000, 0x000000008fe00000| Untracked 
| 255|0x000000008ff00000, 0x000000008ff00000, 0x0000000090000000|  0%| F|  |TAMS 0x000000008ff00000, 0x000000008ff00000| Untracked 
| 256|0x0000000090000000, 0x0000000090000000, 0x0000000090100000|  0%| F|  |TAMS 0x0000000090000000, 0x0000000090000000| Untracked 
| 257|0x0000000090100000, 0x0000000090100000, 0x0000000090200000|  0%| F|  |TAMS 0x0000000090100000, 0x0000000090100000| Untracked 
| 258|0x0000000090200000, 0x0000000090200000, 0x0000000090300000|  0%| F|  |TAMS 0x0000000090200000, 0x0000000090200000| Untracked 
| 259|0x0000000090300000, 0x0000000090300000, 0x0000000090400000|  0%| F|  |TAMS 0x0000000090300000, 0x0000000090300000| Untracked 
| 260|0x0000000090400000, 0x0000000090400000, 0x0000000090500000|  0%| F|  |TAMS 0x0000000090400000, 0x0000000090400000| Untracked 
| 261|0x0000000090500000, 0x0000000090500000, 0x0000000090600000|  0%| F|  |TAMS 0x0000000090500000, 0x0000000090500000| Untracked 
| 262|0x0000000090600000, 0x0000000090600000, 0x0000000090700000|  0%| F|  |TAMS 0x0000000090600000, 0x0000000090600000| Untracked 
| 263|0x0000000090700000, 0x0000000090700000, 0x0000000090800000|  0%| F|  |TAMS 0x0000000090700000, 0x0000000090700000| Untracked 

Card table byte_map: [0x00000298a0ff0000,0x00000298a13f0000] _byte_map_base: 0x00000298a0bf0000

Marking Bits (Prev, Next): (CMBitMap*) 0x000002988de56eb0, (CMBitMap*) 0x000002988de56e78
 Prev Bits: [0x00000298a37f0000, 0x00000298a57f0000)
 Next Bits: [0x00000298a17f0000, 0x00000298a37f0000)

Polling page: 0x000002988bd80000

Metaspace:

Usage:
  Non-class:     84.90 MB capacity,    83.50 MB ( 98%) used,     1.13 MB (  1%) free+waste,   264.56 KB ( <1%) overhead. 
      Class:     13.11 MB capacity,    12.30 MB ( 94%) used,   714.08 KB (  5%) free+waste,   116.75 KB ( <1%) overhead. 
       Both:     98.01 MB capacity,    95.80 MB ( 98%) used,     1.83 MB (  2%) free+waste,   381.31 KB ( <1%) overhead. 

Virtual space:
  Non-class space:       86.00 MB reserved,      85.50 MB (>99%) committed 
      Class space:        1.00 GB reserved,      13.45 MB (  1%) committed 
             Both:        1.08 GB reserved,      98.95 MB (  9%) committed 

Chunk freelists:
   Non-Class:  426.00 KB
       Class:  269.00 KB
        Both:  695.00 KB

MaxMetaspaceSize: 17179869184.00 GB
CompressedClassSpaceSize: 1.00 GB

CodeHeap 'non-profiled nmethods': size=120000Kb used=4412Kb max_used=4412Kb free=115587Kb
 bounds [0x0000029899390000, 0x00000298997e0000, 0x00000298a08c0000]
CodeHeap 'profiled nmethods': size=120000Kb used=22741Kb max_used=22741Kb free=97258Kb
 bounds [0x0000029891e60000, 0x00000298934a0000, 0x0000029899390000]
CodeHeap 'non-nmethods': size=5760Kb used=2304Kb max_used=2329Kb free=3456Kb
 bounds [0x00000298918c0000, 0x0000029891b30000, 0x0000029891e60000]
 total_blobs=12335 nmethods=11421 adapters=825
 compilation: enabled
              stopped_count=0, restarted_count=0
 full_count=0

Compilation events (20 events):
Event: 15.299 Thread 0x00000298a8ac9800 11788       2       java.util.IdentityHashMap::resize (153 bytes)
Event: 15.300 Thread 0x00000298a8ac9800 nmethod 11788 0x0000029893490e10 code [0x0000029893491020, 0x0000029893491738]
Event: 15.303 Thread 0x00000298a8ac9800 11790       3       com.android.tools.r8.graph.u::a (56 bytes)
Event: 15.304 Thread 0x00000298a8ac9800 nmethod 11790 0x0000029893491a10 code [0x0000029893491c80, 0x0000029893492768]
Event: 15.304 Thread 0x00000298a8ac9800 11793       2       com.android.tools.r8.internal.J3::<init> (57 bytes)
Event: 15.304 Thread 0x00000298a8ac9800 nmethod 11793 0x0000029893492b10 code [0x0000029893492cc0, 0x0000029893492e58]
Event: 15.304 Thread 0x00000298a8ac9800 11794       2       java.lang.StrictMath::floorOrCeil (128 bytes)
Event: 15.304 Thread 0x00000298a8ac9800 nmethod 11794 0x0000029893492f10 code [0x00000298934930c0, 0x0000029893493318]
Event: 15.304 Thread 0x00000298a8ac9800 11795       2       java.lang.Math::getExponent (17 bytes)
Event: 15.304 Thread 0x00000298a8ac9800 nmethod 11795 0x0000029893493410 code [0x00000298934935c0, 0x00000298934936d8]
Event: 15.304 Thread 0x00000298a8ac9800 11791       2       com.android.tools.r8.graph.G0::a (20 bytes)
Event: 15.305 Thread 0x00000298a8ac9800 nmethod 11791 0x0000029893493790 code [0x0000029893493940, 0x0000029893493ac8]
Event: 15.305 Thread 0x00000298a8ac9800 11792       2       com.android.tools.r8.internal.p4::<init> (15 bytes)
Event: 15.305 Thread 0x00000298a8ac9800 nmethod 11792 0x0000029893493b90 code [0x0000029893493d40, 0x0000029893493e38]
Event: 15.308 Thread 0x00000298a8ac9800 11796   !   2       com.android.tools.r8.graph.j0$m::b (49 bytes)
Event: 15.309 Thread 0x00000298a8ac9800 nmethod 11796 0x0000029893493f10 code [0x0000029893494180, 0x00000298934948d8]
Event: 15.310 Thread 0x00000298a8ac9800 11797       2       com.android.tools.r8.internal.k4$b::h (5 bytes)
Event: 15.310 Thread 0x00000298a8ac9800 nmethod 11797 0x0000029893494e10 code [0x0000029893494fc0, 0x00000298934950f8]
Event: 15.311 Thread 0x00000298a8ac9800 11798       2       java.lang.RuntimeException::<init> (5 bytes)
Event: 15.311 Thread 0x00000298a8ac9800 nmethod 11798 0x0000029893495190 code [0x0000029893495360, 0x00000298934955a8]

GC Heap History (20 events):
Event: 13.950 GC heap after
{Heap after GC invocations=26 (full 0):
 garbage-first heap   total 225280K, used 104567K [0x0000000080000000, 0x0000000100000000)
  region size 1024K, 9 young (9216K), 9 survivors (9216K)
 Metaspace       used 93964K, capacity 96448K, committed 96588K, reserved 1132544K
  class space    used 12136K, capacity 13057K, committed 13132K, reserved 1048576K
}
Event: 14.045 GC heap before
{Heap before GC invocations=26 (full 0):
 garbage-first heap   total 225280K, used 174199K [0x0000000080000000, 0x0000000100000000)
  region size 1024K, 77 young (78848K), 9 survivors (9216K)
 Metaspace       used 94702K, capacity 97185K, committed 97484K, reserved 1134592K
  class space    used 12217K, capacity 13153K, committed 13260K, reserved 1048576K
}
Event: 14.052 GC heap after
{Heap after GC invocations=27 (full 0):
 garbage-first heap   total 225280K, used 120579K [0x0000000080000000, 0x0000000100000000)
  region size 1024K, 10 young (10240K), 10 survivors (10240K)
 Metaspace       used 94702K, capacity 97185K, committed 97484K, reserved 1134592K
  class space    used 12217K, capacity 13153K, committed 13260K, reserved 1048576K
}
Event: 14.199 GC heap before
{Heap before GC invocations=28 (full 0):
 garbage-first heap   total 225280K, used 174851K [0x0000000080000000, 0x0000000100000000)
  region size 1024K, 64 young (65536K), 10 survivors (10240K)
 Metaspace       used 95028K, capacity 97224K, committed 98124K, reserved 1134592K
  class space    used 12199K, capacity 13007K, committed 13388K, reserved 1048576K
}
Event: 14.206 GC heap after
{Heap after GC invocations=29 (full 0):
 garbage-first heap   total 225280K, used 131072K [0x0000000080000000, 0x0000000100000000)
  region size 1024K, 8 young (8192K), 8 survivors (8192K)
 Metaspace       used 95028K, capacity 97224K, committed 98124K, reserved 1134592K
  class space    used 12199K, capacity 13007K, committed 13388K, reserved 1048576K
}
Event: 14.396 GC heap before
{Heap before GC invocations=29 (full 0):
 garbage-first heap   total 225280K, used 176128K [0x0000000080000000, 0x0000000100000000)
  region size 1024K, 53 young (54272K), 8 survivors (8192K)
 Metaspace       used 96138K, capacity 98429K, committed 99276K, reserved 1134592K
  class space    used 12362K, capacity 13223K, committed 13516K, reserved 1048576K
}
Event: 14.404 GC heap after
{Heap after GC invocations=30 (full 0):
 garbage-first heap   total 225280K, used 136455K [0x0000000080000000, 0x0000000100000000)
  region size 1024K, 7 young (7168K), 7 survivors (7168K)
 Metaspace       used 96138K, capacity 98429K, committed 99276K, reserved 1134592K
  class space    used 12362K, capacity 13223K, committed 13516K, reserved 1048576K
}
Event: 14.573 GC heap before
{Heap before GC invocations=30 (full 0):
 garbage-first heap   total 225280K, used 177415K [0x0000000080000000, 0x0000000100000000)
  region size 1024K, 48 young (49152K), 7 survivors (7168K)
 Metaspace       used 96525K, capacity 98770K, committed 99532K, reserved 1134592K
  class space    used 12390K, capacity 13228K, committed 13516K, reserved 1048576K
}
Event: 14.586 GC heap after
{Heap after GC invocations=31 (full 0):
 garbage-first heap   total 225280K, used 145736K [0x0000000080000000, 0x0000000100000000)
  region size 1024K, 6 young (6144K), 6 survivors (6144K)
 Metaspace       used 96525K, capacity 98770K, committed 99532K, reserved 1134592K
  class space    used 12390K, capacity 13228K, committed 13516K, reserved 1048576K
}
Event: 14.678 GC heap before
{Heap before GC invocations=32 (full 0):
 garbage-first heap   total 225280K, used 180552K [0x0000000080000000, 0x0000000100000000)
  region size 1024K, 41 young (41984K), 6 survivors (6144K)
 Metaspace       used 97267K, capacity 99515K, committed 100172K, reserved 1136640K
  class space    used 12504K, capacity 13349K, committed 13644K, reserved 1048576K
}
Event: 14.689 GC heap after
{Heap after GC invocations=33 (full 0):
 garbage-first heap   total 225280K, used 151758K [0x0000000080000000, 0x0000000100000000)
  region size 1024K, 6 young (6144K), 6 survivors (6144K)
 Metaspace       used 97267K, capacity 99515K, committed 100172K, reserved 1136640K
  class space    used 12504K, capacity 13349K, committed 13644K, reserved 1048576K
}
Event: 14.783 GC heap before
{Heap before GC invocations=33 (full 0):
 garbage-first heap   total 225280K, used 182478K [0x0000000080000000, 0x0000000100000000)
  region size 1024K, 37 young (37888K), 6 survivors (6144K)
 Metaspace       used 97403K, capacity 99648K, committed 100428K, reserved 1136640K
  class space    used 12516K, capacity 13349K, committed 13644K, reserved 1048576K
}
Event: 14.794 GC heap after
{Heap after GC invocations=34 (full 0):
 garbage-first heap   total 270336K, used 159032K [0x0000000080000000, 0x0000000100000000)
  region size 1024K, 5 young (5120K), 5 survivors (5120K)
 Metaspace       used 97403K, capacity 99648K, committed 100428K, reserved 1136640K
  class space    used 12516K, capacity 13349K, committed 13644K, reserved 1048576K
}
Event: 15.053 GC heap before
{Heap before GC invocations=34 (full 0):
 garbage-first heap   total 270336K, used 204088K [0x0000000080000000, 0x0000000100000000)
  region size 1024K, 49 young (50176K), 5 survivors (5120K)
 Metaspace       used 97495K, capacity 99683K, committed 100428K, reserved 1136640K
  class space    used 12512K, capacity 13331K, committed 13644K, reserved 1048576K
}
Event: 15.072 GC heap after
{Heap after GC invocations=35 (full 0):
 garbage-first heap   total 270336K, used 167936K [0x0000000080000000, 0x0000000100000000)
  region size 1024K, 7 young (7168K), 7 survivors (7168K)
 Metaspace       used 97495K, capacity 99683K, committed 100428K, reserved 1136640K
  class space    used 12512K, capacity 13331K, committed 13644K, reserved 1048576K
}
Event: 15.187 GC heap before
{Heap before GC invocations=36 (full 0):
 garbage-first heap   total 270336K, used 210944K [0x0000000080000000, 0x0000000100000000)
  region size 1024K, 49 young (50176K), 7 survivors (7168K)
 Metaspace       used 97496K, capacity 99683K, committed 100428K, reserved 1136640K
  class space    used 12512K, capacity 13331K, committed 13644K, reserved 1048576K
}
Event: 15.205 GC heap after
{Heap after GC invocations=37 (full 0):
 garbage-first heap   total 270336K, used 176068K [0x0000000080000000, 0x0000000100000000)
  region size 1024K, 7 young (7168K), 7 survivors (7168K)
 Metaspace       used 97496K, capacity 99683K, committed 100428K, reserved 1136640K
  class space    used 12512K, capacity 13331K, committed 13644K, reserved 1048576K
}
Event: 15.222 GC heap before
{Heap before GC invocations=37 (full 0):
 garbage-first heap   total 270336K, used 181188K [0x0000000080000000, 0x0000000100000000)
  region size 1024K, 13 young (13312K), 7 survivors (7168K)
 Metaspace       used 97625K, capacity 99843K, committed 100684K, reserved 1136640K
  class space    used 12531K, capacity 13363K, committed 13644K, reserved 1048576K
}
Event: 15.234 GC heap after
{Heap after GC invocations=38 (full 0):
 garbage-first heap   total 270336K, used 177336K [0x0000000080000000, 0x0000000100000000)
  region size 1024K, 2 young (2048K), 2 survivors (2048K)
 Metaspace       used 97625K, capacity 99843K, committed 100684K, reserved 1136640K
  class space    used 12531K, capacity 13363K, committed 13644K, reserved 1048576K
}
Event: 15.313 GC heap before
{Heap before GC invocations=38 (full 0):
 garbage-first heap   total 270336K, used 215224K [0x0000000080000000, 0x0000000100000000)
  region size 1024K, 41 young (41984K), 2 survivors (2048K)
 Metaspace       used 98103K, capacity 100361K, committed 101324K, reserved 1136640K
  class space    used 12596K, capacity 13427K, committed 13772K, reserved 1048576K
}

Deoptimization events (20 events):
Event: 15.185 Thread 0x00000298ac7e1800 DEOPT PACKING pc=0x00000298932d399b sp=0x000000a0424fa870
Event: 15.185 Thread 0x00000298ac7e1800 DEOPT UNPACKING pc=0x00000298918e6dde sp=0x000000a0424f9da0 mode 0
Event: 15.239 Thread 0x00000298ac7e1800 DEOPT PACKING pc=0x00000298932d399b sp=0x000000a0424fa870
Event: 15.239 Thread 0x00000298ac7e1800 DEOPT UNPACKING pc=0x00000298918e6dde sp=0x000000a0424f9da0 mode 0
Event: 15.257 Thread 0x00000298ac7e1800 DEOPT PACKING pc=0x00000298932d399b sp=0x000000a0424fa870
Event: 15.257 Thread 0x00000298ac7e1800 DEOPT UNPACKING pc=0x00000298918e6dde sp=0x000000a0424f9da0 mode 0
Event: 15.272 Thread 0x00000298ac7e1800 DEOPT PACKING pc=0x00000298932d399b sp=0x000000a0424fa870
Event: 15.272 Thread 0x00000298ac7e1800 DEOPT UNPACKING pc=0x00000298918e6dde sp=0x000000a0424f9da0 mode 0
Event: 15.286 Thread 0x00000298ac7e1800 Uncommon trap: trap_request=0xfffffff4 fr.pc=0x00000298997dd5e4 relative=0x0000000000002f84
Event: 15.286 Thread 0x00000298ac7e1800 Uncommon trap: reason=null_check action=make_not_entrant pc=0x00000298997dd5e4 method=com.android.tools.r8.graph.T.a(Ljava/util/Map;Lcom/android/tools/r8/graph/S;)Lcom/android/tools/r8/graph/S; @ 39 c2
Event: 15.286 Thread 0x00000298ac7e1800 DEOPT PACKING pc=0x00000298997dd5e4 sp=0x000000a0424fa030
Event: 15.286 Thread 0x00000298ac7e1800 DEOPT UNPACKING pc=0x00000298918e662f sp=0x000000a0424f9f50 mode 2
Event: 15.286 Thread 0x00000298ac7e1800 DEOPT PACKING pc=0x00000298932d399b sp=0x000000a0424fa870
Event: 15.286 Thread 0x00000298ac7e1800 DEOPT UNPACKING pc=0x00000298918e6dde sp=0x000000a0424f9da0 mode 0
Event: 15.288 Thread 0x00000298ac7e0800 Uncommon trap: trap_request=0xfffffff4 fr.pc=0x00000298997dd5e4 relative=0x0000000000002f84
Event: 15.288 Thread 0x00000298ac7e0800 Uncommon trap: reason=null_check action=make_not_entrant pc=0x00000298997dd5e4 method=com.android.tools.r8.graph.T.a(Ljava/util/Map;Lcom/android/tools/r8/graph/S;)Lcom/android/tools/r8/graph/S; @ 39 c2
Event: 15.288 Thread 0x00000298ac7e0800 DEOPT PACKING pc=0x00000298997dd5e4 sp=0x000000a0422f9e50
Event: 15.288 Thread 0x00000298ac7e0800 DEOPT UNPACKING pc=0x00000298918e662f sp=0x000000a0422f9d70 mode 2
Event: 15.306 Thread 0x00000298ac7e0800 DEOPT PACKING pc=0x00000298932d399b sp=0x000000a0422fa690
Event: 15.306 Thread 0x00000298ac7e0800 DEOPT UNPACKING pc=0x00000298918e6dde sp=0x000000a0422f9bc0 mode 0

Classes redefined (0 events):
No events

Internal exceptions (20 events):
Event: 13.937 Thread 0x00000298ac7df000 Exception <a 'sun/nio/fs/WindowsException'{0x000000008866c3e8}> (0x000000008866c3e8) thrown at [./src/hotspot/share/prims/jni.cpp, line 615]
Event: 13.937 Thread 0x00000298ac7d6800 Exception <a 'sun/nio/fs/WindowsException'{0x00000000887e6998}> (0x00000000887e6998) thrown at [./src/hotspot/share/prims/jni.cpp, line 615]
Event: 13.981 Thread 0x00000298ac7dd000 Exception <a 'sun/nio/fs/WindowsException'{0x000000008c2a2500}> (0x000000008c2a2500) thrown at [./src/hotspot/share/prims/jni.cpp, line 615]
Event: 14.089 Thread 0x00000298ac7e1800 Exception <a 'sun/nio/fs/WindowsException'{0x000000008c415450}> (0x000000008c415450) thrown at [./src/hotspot/share/prims/jni.cpp, line 615]
Event: 14.149 Thread 0x00000298ac7dc800 Exception <a 'sun/nio/fs/WindowsException'{0x000000008b6da458}> (0x000000008b6da458) thrown at [./src/hotspot/share/prims/jni.cpp, line 615]
Event: 14.193 Thread 0x00000298ac7dd000 Exception <a 'java/lang/NoSuchMethodError'{0x000000008a821cf8}: 'java.lang.Object java.lang.invoke.DirectMethodHandle$Holder.invokeStatic(java.lang.Object, java.lang.Object, java.lang.Object, java.lang.Object, java.lang.Object, java.lang.Object, java.lang.Object, java.lang.Object, java.lang.Object, java.lang.Object, java.lang.Object, java.lang.Object, java.lang.Object, java.lang.Object, java.lang.Object, java.lang.Object, java.lang.Object, java.lang.Object, int, java.lang.Object)'> (0x000000008a821cf8) thr
Event: 14.194 Thread 0x00000298ac7dd000 Exception <a 'java/lang/NoSuchMethodError'{0x000000008a78b198}: 'java.lang.Object java.lang.invoke.DirectMethodHandle$Holder.invokeStaticInit(java.lang.Object, java.lang.Object, java.lang.Object, java.lang.Object, java.lang.Object, java.lang.Object, java.lang.Object, java.lang.Object, java.lang.Object, java.lang.Object, java.lang.Object, java.lang.Object, java.lang.Object, java.lang.Object, java.lang.Object, java.lang.Object, java.lang.Object, java.lang.Object, int, java.lang.Object)'> (0x000000008a78b198)
Event: 14.257 Thread 0x00000298ac7d6800 Exception <a 'java/lang/IncompatibleClassChangeError'{0x000000008cbe4d48}: Found class java.lang.Object, but interface was expected> (0x000000008cbe4d48) thrown at [./src/hotspot/share/interpreter/linkResolver.cpp, line 839]
Event: 14.257 Thread 0x00000298ac7df000 Exception <a 'java/lang/IncompatibleClassChangeError'{0x000000008dae90a0}: Found class java.lang.Object, but interface was expected> (0x000000008dae90a0) thrown at [./src/hotspot/share/interpreter/linkResolver.cpp, line 839]
Event: 14.257 Thread 0x00000298ac7e1800 Exception <a 'java/lang/IncompatibleClassChangeError'{0x000000008d9c3588}: Found class java.lang.Object, but interface was expected> (0x000000008d9c3588) thrown at [./src/hotspot/share/interpreter/linkResolver.cpp, line 839]
Event: 14.257 Thread 0x00000298ac7dc800 Exception <a 'java/lang/IncompatibleClassChangeError'{0x000000008dabdd30}: Found class java.lang.Object, but interface was expected> (0x000000008dabdd30) thrown at [./src/hotspot/share/interpreter/linkResolver.cpp, line 839]
Event: 14.257 Thread 0x00000298ac7dd000 Exception <a 'java/lang/IncompatibleClassChangeError'{0x000000008cb88b98}: Found class java.lang.Object, but interface was expected> (0x000000008cb88b98) thrown at [./src/hotspot/share/interpreter/linkResolver.cpp, line 839]
Event: 14.303 Thread 0x00000298ac7e0800 Exception <a 'sun/nio/fs/WindowsException'{0x000000008c0d32a0}> (0x000000008c0d32a0) thrown at [./src/hotspot/share/prims/jni.cpp, line 615]
Event: 14.311 Thread 0x00000298ac7dd000 Exception <a 'java/lang/NoSuchMethodError'{0x000000008c5c4830}: 'java.lang.Object java.lang.invoke.DirectMethodHandle$Holder.invokeStatic(java.lang.Object, long)'> (0x000000008c5c4830) thrown at [./src/hotspot/share/interpreter/linkResolver.cpp, line 773]
Event: 14.592 Thread 0x00000298ac7df000 Exception <a 'java/lang/NoSuchMethodError'{0x000000008da2a0a0}: 'int java.lang.invoke.DirectMethodHandle$Holder.invokeVirtual(java.lang.Object, java.lang.Object, java.lang.Object, java.lang.Object)'> (0x000000008da2a0a0) thrown at [./src/hotspot/share/interpreter/linkResolver.cpp, line 773]
Event: 14.626 Thread 0x00000298ac7df000 Exception <a 'java/lang/NoSuchMethodError'{0x000000008d082ed0}: 'void java.lang.invoke.DirectMethodHandle$Holder.invokeStatic(java.lang.Object, java.lang.Object, java.lang.Object, int)'> (0x000000008d082ed0) thrown at [./src/hotspot/share/interpreter/linkResolver.cpp, line 773]
Event: 14.628 Thread 0x00000298ac7df000 Exception <a 'java/lang/IncompatibleClassChangeError'{0x000000008cec4e48}: Found class java.lang.Object, but interface was expected> (0x000000008cec4e48) thrown at [./src/hotspot/share/interpreter/linkResolver.cpp, line 839]
Event: 14.675 Thread 0x00000298ac7df000 Exception <a 'java/lang/NoSuchMethodError'{0x000000008bb6e2f0}: 'int java.lang.invoke.DirectMethodHandle$Holder.invokeVirtual(java.lang.Object, java.lang.Object, java.lang.Object)'> (0x000000008bb6e2f0) thrown at [./src/hotspot/share/interpreter/linkResolver.cpp, line 773]
Event: 15.286 Thread 0x00000298ac7e0800 Implicit null exception at 0x00000298997dacd0 to 0x00000298997dd5d4
Event: 15.286 Thread 0x00000298ac7e1800 Implicit null exception at 0x00000298997dacd0 to 0x00000298997dd5d4

Events (20 events):
Event: 15.305 loading class com/android/tools/r8/internal/t done
Event: 15.306 loading class com/android/tools/r8/internal/Sg
Event: 15.306 loading class com/android/tools/r8/internal/Sg done
Event: 15.307 loading class com/android/tools/r8/internal/dh
Event: 15.307 loading class com/android/tools/r8/internal/dh done
Event: 15.307 loading class com/android/tools/r8/internal/jF
Event: 15.307 loading class com/android/tools/r8/internal/jF done
Event: 15.308 loading class com/android/tools/r8/internal/Ns
Event: 15.308 loading class com/android/tools/r8/internal/Ns done
Event: 15.310 loading class com/android/tools/r8/internal/G0
Event: 15.310 loading class com/android/tools/r8/internal/G0 done
Event: 15.311 loading class com/android/tools/r8/internal/Lz
Event: 15.311 loading class com/android/tools/r8/internal/Lz done
Event: 15.312 loading class com/android/tools/r8/internal/Iz
Event: 15.312 loading class com/android/tools/r8/internal/Iz done
Event: 15.312 Executing VM operation: G1CollectForAllocation
Event: 15.313 Executing VM operation: G1CollectForAllocation done
Event: 15.313 loading class com/android/tools/r8/internal/Oz
Event: 15.313 loading class com/android/tools/r8/internal/Oz done
Event: 15.313 Executing VM operation: G1CollectForAllocation


Dynamic libraries:
0x00007ff76b2f0000 - 0x00007ff76b2fa000 	C:\Program Files\Android\Android Studio\jre\bin\java.exe
0x00007ffa7a520000 - 0x00007ffa7a70d000 	C:\Windows\SYSTEM32\ntdll.dll
0x00007ffa50270000 - 0x00007ffa50287000 	C:\Program Files\Avast Software\Avast\aswhook.dll
0x00007ffa78ea0000 - 0x00007ffa78f53000 	C:\Windows\System32\KERNEL32.DLL
0x00007ffa773b0000 - 0x00007ffa77645000 	C:\Windows\System32\KERNELBASE.dll
0x00007ffa77110000 - 0x00007ffa7720a000 	C:\Windows\System32\ucrtbase.dll
0x00007ffa68b80000 - 0x00007ffa68b97000 	C:\Program Files\Android\Android Studio\jre\bin\VCRUNTIME140.dll
0x00007ffa5cc10000 - 0x00007ffa5cc29000 	C:\Program Files\Android\Android Studio\jre\bin\jli.dll
0x00007ffa7a1a0000 - 0x00007ffa7a337000 	C:\Windows\System32\USER32.dll
0x00007ffa77650000 - 0x00007ffa77670000 	C:\Windows\System32\win32u.dll
0x00007ffa79ee0000 - 0x00007ffa79f09000 	C:\Windows\System32\GDI32.dll
0x00007ffa77210000 - 0x00007ffa773ab000 	C:\Windows\System32\gdi32full.dll
0x00007ffa5e5e0000 - 0x00007ffa5e859000 	C:\Windows\WinSxS\amd64_microsoft.windows.common-controls_6595b64144ccf1df_6.0.17763.1339_none_de7015e4534c7114\COMCTL32.dll
0x00007ffa77670000 - 0x00007ffa77710000 	C:\Windows\System32\msvcp_win.dll
0x00007ffa79fd0000 - 0x00007ffa7a06e000 	C:\Windows\System32\msvcrt.dll
0x00007ffa79520000 - 0x00007ffa7984c000 	C:\Windows\System32\combase.dll
0x00007ffa793f0000 - 0x00007ffa79512000 	C:\Windows\System32\RPCRT4.dll
0x00007ffa77040000 - 0x00007ffa770be000 	C:\Windows\System32\bcryptPrimitives.dll
0x00007ffa7a490000 - 0x00007ffa7a4be000 	C:\Windows\System32\IMM32.DLL
0x000000006b370000 - 0x000000006b37c000 	C:\Program Files (x86)\360\Total Security\safemon\SafeWrapper.dll
0x00007ffa78c70000 - 0x00007ffa78d13000 	C:\Windows\System32\ADVAPI32.dll
0x00007ffa78d20000 - 0x00007ffa78dbe000 	C:\Windows\System32\sechost.dll
0x00007ffa375b0000 - 0x00007ffa37642000 	C:\Program Files (x86)\360\Total Security\safemon\libzdtp64.dll
0x00007ffa77770000 - 0x00007ffa78c68000 	C:\Windows\System32\SHELL32.dll
0x00007ffa770c0000 - 0x00007ffa7710a000 	C:\Windows\System32\cfgmgr32.dll
0x00007ffa79860000 - 0x00007ffa79909000 	C:\Windows\System32\shcore.dll
0x00007ffa768e0000 - 0x00007ffa77034000 	C:\Windows\System32\windows.storage.dll
0x00007ffa765b0000 - 0x00007ffa765d4000 	C:\Windows\System32\profapi.dll
0x00007ffa76550000 - 0x00007ffa765ad000 	C:\Windows\System32\powrprof.dll
0x00007ffa7a4c0000 - 0x00007ffa7a512000 	C:\Windows\System32\shlwapi.dll
0x00007ffa76530000 - 0x00007ffa76541000 	C:\Windows\System32\kernel.appcore.dll
0x00007ffa766e0000 - 0x00007ffa766f7000 	C:\Windows\System32\cryptsp.dll
0x00007ffa76120000 - 0x00007ffa7612a000 	C:\Windows\SYSTEM32\VERSION.dll
0x00007ffa27240000 - 0x00007ffa272dd000 	C:\Program Files\Android\Android Studio\jre\bin\msvcp140.dll
0x00007ffa249f0000 - 0x00007ffa254c5000 	C:\Program Files\Android\Android Studio\jre\bin\server\jvm.dll
0x00007ffa78dc0000 - 0x00007ffa78dc8000 	C:\Windows\System32\PSAPI.DLL
0x00007ffa72690000 - 0x00007ffa726b4000 	C:\Windows\SYSTEM32\WINMM.dll
0x00007ffa66f60000 - 0x00007ffa66f69000 	C:\Windows\SYSTEM32\WSOCK32.dll
0x00007ffa72660000 - 0x00007ffa7268d000 	C:\Windows\SYSTEM32\winmmbase.dll
0x00007ffa7a420000 - 0x00007ffa7a48d000 	C:\Windows\System32\WS2_32.dll
0x00007ffa68bc0000 - 0x00007ffa68bd1000 	C:\Program Files\Android\Android Studio\jre\bin\verify.dll
0x00007ffa74e30000 - 0x00007ffa7501d000 	C:\Windows\SYSTEM32\DBGHELP.DLL
0x00007ffa6d000000 - 0x00007ffa6d02a000 	C:\Windows\SYSTEM32\dbgcore.DLL
0x00007ffa68af0000 - 0x00007ffa68b19000 	C:\Program Files\Android\Android Studio\jre\bin\java.dll
0x00007ffa71db0000 - 0x00007ffa71dbb000 	C:\Program Files\Android\Android Studio\jre\bin\jimage.dll
0x00007ffa68a30000 - 0x00007ffa68a48000 	C:\Program Files\Android\Android Studio\jre\bin\zip.dll
0x00007ffa66910000 - 0x00007ffa6692a000 	C:\Program Files\Android\Android Studio\jre\bin\net.dll
0x00007ffa73f80000 - 0x00007ffa74072000 	C:\Windows\SYSTEM32\WINHTTP.dll
0x00007ffa75d20000 - 0x00007ffa75d87000 	C:\Windows\system32\mswsock.dll
0x00007ffa66490000 - 0x00007ffa664a4000 	C:\Program Files\Android\Android Studio\jre\bin\nio.dll
0x00007ffa59280000 - 0x00007ffa592a7000 	C:\Users\Julia\.gradle\native\8bec1ad78214c89d9ad589b4d07fe93259594b29d510b10fafb7a158f7737e5d\windows-amd64\native-platform.dll
0x00007ffa3ac10000 - 0x00007ffa3ad4d000 	C:\Users\Julia\.gradle\native\53dbd7edfb1c66fb8903c78663c9afc45aea4f116125fa6feffd364cf09443e8\windows-amd64\native-platform-file-events.dll
0x00007ffa71b20000 - 0x00007ffa71b2a000 	C:\Program Files\Android\Android Studio\jre\bin\management.dll
0x00007ffa71b00000 - 0x00007ffa71b0d000 	C:\Program Files\Android\Android Studio\jre\bin\management_ext.dll
0x00007ffa758a0000 - 0x00007ffa758d3000 	C:\Windows\system32\rsaenh.dll
0x00007ffa76600000 - 0x00007ffa76626000 	C:\Windows\System32\bcrypt.dll
0x00007ffa76420000 - 0x00007ffa76448000 	C:\Windows\SYSTEM32\USERENV.dll
0x00007ffa75ef0000 - 0x00007ffa75efc000 	C:\Windows\SYSTEM32\CRYPTBASE.dll
0x00007ffa75a40000 - 0x00007ffa75a7d000 	C:\Windows\SYSTEM32\IPHLPAPI.DLL
0x00007ffa79850000 - 0x00007ffa79858000 	C:\Windows\System32\NSI.dll
0x00007ffa69c50000 - 0x00007ffa69c66000 	C:\Windows\SYSTEM32\dhcpcsvc6.DLL
0x00007ffa69760000 - 0x00007ffa6977c000 	C:\Windows\SYSTEM32\dhcpcsvc.DLL
0x00007ffa75a80000 - 0x00007ffa75b47000 	C:\Windows\SYSTEM32\DNSAPI.dll

dbghelp: loaded successfully - version: 4.0.5 - missing functions: none
symbol engine: initialized successfully - sym options: 0x614 - pdb path: .;C:\Program Files\Android\Android Studio\jre\bin;C:\Windows\SYSTEM32;C:\Program Files\Avast Software\Avast;C:\Windows\WinSxS\amd64_microsoft.windows.common-controls_6595b64144ccf1df_6.0.17763.1339_none_de7015e4534c7114;C:\Program Files (x86)\360\Total Security\safemon;C:\Program Files\Android\Android Studio\jre\bin\server;C:\Users\Julia\.gradle\native\8bec1ad78214c89d9ad589b4d07fe93259594b29d510b10fafb7a158f7737e5d\windows-amd64;C:\Users\Julia\.gradle\native\53dbd7edfb1c66fb8903c78663c9afc45aea4f116125fa6feffd364cf09443e8\windows-amd64

VM Arguments:
jvm_args: --add-opens=java.base/java.util=ALL-UNNAMED --add-opens=java.base/java.lang=ALL-UNNAMED --add-opens=java.base/java.lang.invoke=ALL-UNNAMED --add-opens=java.base/java.util=ALL-UNNAMED --add-opens=java.prefs/java.util.prefs=ALL-UNNAMED --add-opens=java.prefs/java.util.prefs=ALL-UNNAMED --add-opens=java.base/java.nio.charset=ALL-UNNAMED --add-opens=java.base/java.net=ALL-UNNAMED --add-opens=java.base/java.util.concurrent.atomic=ALL-UNNAMED -Xmx2048m -Dfile.encoding=UTF-8 -Duser.country=RU -Duser.language=ru -Duser.variant 
java_command: org.gradle.launcher.daemon.bootstrap.GradleDaemon 7.0.2
java_class_path (initial): C:\Users\Julia\.gradle\wrapper\dists\gradle-7.0.2-bin\857tjihv64xamwrf0h14cai3r\gradle-7.0.2\lib\gradle-launcher-7.0.2.jar
Launcher Type: SUN_STANDARD

[Global flags]
     intx CICompilerCount                          = 4                                         {product} {ergonomic}
     uint ConcGCThreads                            = 2                                         {product} {ergonomic}
     uint G1ConcRefinementThreads                  = 8                                         {product} {ergonomic}
   size_t G1HeapRegionSize                         = 1048576                                   {product} {ergonomic}
    uintx GCDrainStackTargetSize                   = 64                                        {product} {ergonomic}
   size_t InitialHeapSize                          = 132120576                                 {product} {ergonomic}
   size_t MarkStackSize                            = 4194304                                   {product} {ergonomic}
   size_t MaxHeapSize                              = 2147483648                                {product} {command line}
   size_t MaxNewSize                               = 1287651328                                {product} {ergonomic}
   size_t MinHeapDeltaBytes                        = 1048576                                   {product} {ergonomic}
    uintx NonNMethodCodeHeapSize                   = 5836300                                {pd product} {ergonomic}
    uintx NonProfiledCodeHeapSize                  = 122910970                              {pd product} {ergonomic}
    uintx ProfiledCodeHeapSize                     = 122910970                              {pd product} {ergonomic}
    uintx ReservedCodeCacheSize                    = 251658240                              {pd product} {ergonomic}
     bool SegmentedCodeCache                       = true                                      {product} {ergonomic}
     bool UseCompressedClassPointers               = true                                 {lp64_product} {ergonomic}
     bool UseCompressedOops                        = true                                 {lp64_product} {ergonomic}
     bool UseG1GC                                  = true                                      {product} {ergonomic}
     bool UseLargePagesIndividualAllocation        = false                                  {pd product} {ergonomic}

Logging:
Log output configuration:
 #0: stdout all=warning uptime,level,tags
 #1: stderr all=off uptime,level,tags

Environment Variables:
JAVA_HOME=C:\Users\Julia\.jdks\jbr-11.0.13\bin
PATH=C:\Program Files\NVIDIA GPU Computing Toolkit\CUDA\v11.6\bin;C:\Program Files\NVIDIA GPU Computing Toolkit\CUDA\v11.6\libnvvp;C:\Program Files (x86)\Common Files\Oracle\Java\javapath;C:\Windows\system32;C:\Windows;C:\Windows\System32\Wbem;C:\Windows\System32\WindowsPowerShell\v1.0\;C:\Program Files\Git\cmd;C:\Program Files\MATLAB\R2016b\runtime\win64;C:\Program Files\MATLAB\R2016b\bin;C:\Program Files\MATLAB\R2016b\polyspace\bin;C:\Program Files\NVIDIA Corporation\Nsight Compute 2022.1.1\;C:\Program Files (x86)\NVIDIA Corporation\PhysX\Common;;C:\Program Files\Docker\Docker\resources\bin;C:\ProgramData\DockerDesktop\version-bin;C:\Users\Julia\AppData\Local\Microsoft\WindowsApps;C:\intelFPGA\16.1\modelsim_ase\win32aloem;C:\intelFPGA_lite\16.1\modelsim_ase\win32aloem;C:\Program Files\JetBrains\IntelliJ IDEA Community Edition 2021.3.1\bin;;C:\Program Files\JetBrains\PyCharm Community Edition 2021.3.2\bin;;C:\Users\Julia\AppData\Local\Programs\Microsoft VS Code\bin;C:\Program Files\JetBrains\CLion 2022.1.2\bin;;C:\Users\Julia\AppData\Local\Programs\Python\Python310;C:\Program Files\Graphviz\bin
USERNAME=Julia
OS=Windows_NT
PROCESSOR_IDENTIFIER=Intel64 Family 6 Model 142 Stepping 11, GenuineIntel



---------------  S Y S T E M  ---------------

OS: Windows 10 , 64 bit Build 17763 (10.0.17763.1339)
OS uptime: 0 days 2:41 hours

CPU:total 8 (initial active 8) (4 cores per cpu, 2 threads per core) family 6 model 142 stepping 11 microcode 0xb8, cmov, cx8, fxsr, mmx, sse, sse2, sse3, ssse3, sse4.1, sse4.2, popcnt, avx, avx2, aes, clmul, erms, 3dnowpref, lzcnt, ht, tsc, tscinvbit, bmi1, bmi2, adx, fma

Memory: 4k page, system-wide physical 8037M (163M free)
TotalPageFile size 10085M (AvailPageFile size 95M)
current process WorkingSet (physical memory assigned to process): 562M, peak: 579M
current process commit charge ("private bytes"): 673M, peak: 882M

vm_info: OpenJDK 64-Bit Server VM (11.0.11+9-b60-7590822) for windows-amd64 JRE (11.0.11+9-b60-7590822), built on Jul 29 2021 21:43:44 by "builder" with MS VC++ 14.0 (VS2015)

END.
