#
# There is insufficient memory for the Java Runtime Environment to continue.
# Native memory allocation (malloc) failed to allocate 855376 bytes for Chunk::new
# Possible reasons:
#   The system is out of physical RAM or swap space
#   The process is running with CompressedOops enabled, and the Java Heap may be blocking the growth of the native heap
# Possible solutions:
#   Reduce memory load on the system
#   Increase physical memory or swap space
#   Check if swap backing store is full
#   Decrease Java heap size (-Xmx/-Xms)
#   Decrease number of Java threads
#   Decrease Java thread stack sizes (-Xss)
#   Set larger code cache with -XX:ReservedCodeCacheSize=
#   JVM is running with Unscaled Compressed Oops mode in which the Java heap is
#     placed in the first 4GB address space. The Java Heap base address is the
#     maximum limit for the native heap growth. Please use -XX:HeapBaseMinAddress
#     to set the Java Heap base and to place the Java Heap above 4GB virtual address.
# This output file may be truncated or incomplete.
#
#  Out of Memory Error (./src/hotspot/share/memory/arena.cpp:197), pid=9708, tid=1904
#
# JRE version: OpenJDK Runtime Environment (11.0.11+9) (build 11.0.11+9-b60-7590822)
# Java VM: OpenJDK 64-Bit Server VM (11.0.11+9-b60-7590822, mixed mode, tiered, compressed oops, g1 gc, windows-amd64)
# No core dump will be written. Minidumps are not enabled by default on client versions of Windows
#

---------------  S U M M A R Y ------------

Command Line: --add-opens=java.base/java.util=ALL-UNNAMED --add-opens=java.base/java.lang=ALL-UNNAMED --add-opens=java.base/java.lang.invoke=ALL-UNNAMED --add-opens=java.base/java.util=ALL-UNNAMED --add-opens=java.prefs/java.util.prefs=ALL-UNNAMED --add-opens=java.prefs/java.util.prefs=ALL-UNNAMED --add-opens=java.base/java.nio.charset=ALL-UNNAMED --add-opens=java.base/java.net=ALL-UNNAMED --add-opens=java.base/java.util.concurrent.atomic=ALL-UNNAMED -Xmx2048m -Dfile.encoding=UTF-8 -Duser.country=RU -Duser.language=ru -Duser.variant org.gradle.launcher.daemon.bootstrap.GradleDaemon 7.0.2

Host: Intel(R) Core(TM) i5-8265U CPU @ 1.60GHz, 8 cores, 7G,  Windows 10 , 64 bit Build 17763 (10.0.17763.1339)
Time: Sun Dec  4 06:28:54 2022 RTZ 2 (ceia) elapsed time: 794.747450 seconds (0d 0h 13m 14s)

---------------  T H R E A D  ---------------

Current thread (0x0000026afbaed800):  JavaThread "C2 CompilerThread0" daemon [_thread_in_native, id=1904, stack(0x000000f7f9600000,0x000000f7f9700000)]


Current CompileTask:
C2: 794747 16902   !   4       java.io.ObjectInputStream::readObject0 (671 bytes)

Stack: [0x000000f7f9600000,0x000000f7f9700000]
Native frames: (J=compiled Java code, j=interpreted, Vv=VM code, C=native code)
V  [jvm.dll+0x5f214a]
V  [jvm.dll+0x726fb5]
V  [jvm.dll+0x7285cd]
V  [jvm.dll+0x728c83]
V  [jvm.dll+0x243278]
V  [jvm.dll+0xbc53c]
V  [jvm.dll+0xbca3c]
V  [jvm.dll+0x2b5c34]
V  [jvm.dll+0x508488]
V  [jvm.dll+0x1fd70e]
V  [jvm.dll+0x1fb35f]
V  [jvm.dll+0x183d6c]
V  [jvm.dll+0x209a57]
V  [jvm.dll+0x2082a1]
V  [jvm.dll+0x6ef58f]
V  [jvm.dll+0x6e80b5]
V  [jvm.dll+0x5f1036]
C  [ucrtbase.dll+0x21ffa]
C  [KERNEL32.DLL+0x17974]
C  [ntdll.dll+0x6a271]


---------------  P R O C E S S  ---------------

Threads class SMR info:
_java_thread_list=0x0000026a8a1d8700, length=73, elements={
0x0000026adee58000, 0x0000026afba78000, 0x0000026afba84000, 0x0000026afba97800,
0x0000026afbadc800, 0x0000026afbae0000, 0x0000026afbaed800, 0x0000026afbaf2000,
0x0000026afbae3000, 0x0000026afbade000, 0x0000026afbadf000, 0x0000026afbae1800,
0x0000026afbae0800, 0x0000026afdcac000, 0x0000026afdcad000, 0x0000026afdca8000,
0x0000026afdcae800, 0x0000026afdca9000, 0x0000026afdcaf800, 0x0000026afdcb4000,
0x0000026afdcb2800, 0x0000026afdcb3800, 0x0000026afdcb5000, 0x0000026afdcb6000,
0x0000026afdcb0000, 0x0000026afdcb1000, 0x0000026a81508000, 0x0000026a8150c000,
0x0000026afc33f000, 0x0000026afc340000, 0x0000026a81513000, 0x0000026afdcab800,
0x0000026afdca7000, 0x0000026afdcaa800, 0x0000026afdca9800, 0x0000026afdcb2000,
0x0000026afdcad800, 0x0000026afc33d800, 0x0000026afc342800, 0x0000026afc341800,
0x0000026afc33c800, 0x0000026afc348000, 0x0000026afc346800, 0x0000026afc345800,
0x0000026afc347800, 0x0000026afc344000, 0x0000026afc349000, 0x0000026afc345000,
0x0000026afc343000, 0x0000026afc34b800, 0x0000026afc34a000, 0x0000026afc34a800,
0x0000026a8150c800, 0x0000026a8150a800, 0x0000026a81508800, 0x0000026a81514000,
0x0000026a81515000, 0x0000026a81515800, 0x0000026a81511800, 0x0000026a81510000,
0x0000026a81511000, 0x0000026a81512800, 0x0000026afbadd800, 0x0000026afbae2800,
0x0000026aff687800, 0x0000026afbae4000, 0x0000026afdd87000, 0x0000026afdd88800,
0x0000026afdd87800, 0x0000026afdd86000, 0x0000026afdd89800, 0x0000026afdd8a000,
0x0000026afdd8b000
}

Java Threads: ( => current thread )
  0x0000026adee58000 JavaThread "main" [_thread_blocked, id=7680, stack(0x000000f7f8a00000,0x000000f7f8b00000)]
  0x0000026afba78000 JavaThread "Reference Handler" daemon [_thread_blocked, id=8612, stack(0x000000f7f9100000,0x000000f7f9200000)]
  0x0000026afba84000 JavaThread "Finalizer" daemon [_thread_blocked, id=7176, stack(0x000000f7f9200000,0x000000f7f9300000)]
  0x0000026afba97800 JavaThread "Signal Dispatcher" daemon [_thread_blocked, id=9092, stack(0x000000f7f9300000,0x000000f7f9400000)]
  0x0000026afbadc800 JavaThread "Attach Listener" daemon [_thread_blocked, id=10588, stack(0x000000f7f9400000,0x000000f7f9500000)]
  0x0000026afbae0000 JavaThread "Service Thread" daemon [_thread_blocked, id=7700, stack(0x000000f7f9500000,0x000000f7f9600000)]
=>0x0000026afbaed800 JavaThread "C2 CompilerThread0" daemon [_thread_in_native, id=1904, stack(0x000000f7f9600000,0x000000f7f9700000)]
  0x0000026afbaf2000 JavaThread "C1 CompilerThread0" daemon [_thread_blocked, id=3800, stack(0x000000f7f9700000,0x000000f7f9800000)]
  0x0000026afbae3000 JavaThread "Sweeper thread" daemon [_thread_blocked, id=9624, stack(0x000000f7f9800000,0x000000f7f9900000)]
  0x0000026afbade000 JavaThread "Common-Cleaner" daemon [_thread_blocked, id=9836, stack(0x000000f7f9900000,0x000000f7f9a00000)]
  0x0000026afbadf000 JavaThread "Daemon health stats" [_thread_blocked, id=3084, stack(0x000000f7f9f00000,0x000000f7fa000000)]
  0x0000026afbae1800 JavaThread "Incoming local TCP Connector on port 63671" [_thread_in_native, id=11212, stack(0x000000f7f9b00000,0x000000f7f9c00000)]
  0x0000026afbae0800 JavaThread "Daemon periodic checks" [_thread_blocked, id=2016, stack(0x000000f7f9c00000,0x000000f7f9d00000)]
  0x0000026afdcac000 JavaThread "Cache worker for file hash cache (C:\Users\Julia\.gradle\caches\7.0.2\fileHashes)" [_thread_blocked, id=12392, stack(0x000000f7fad00000,0x000000f7fae00000)]
  0x0000026afdcad000 JavaThread "File lock request listener" [_thread_in_native, id=9636, stack(0x000000f7fae00000,0x000000f7faf00000)]
  0x0000026afdca8000 JavaThread "Cache worker for journal cache (C:\Users\Julia\.gradle\caches\journal-1)" [_thread_blocked, id=10224, stack(0x000000f7fb000000,0x000000f7fb100000)]
  0x0000026afdcae800 JavaThread "File watcher server" daemon [_thread_in_native, id=9552, stack(0x000000f7fb200000,0x000000f7fb300000)]
  0x0000026afdca9000 JavaThread "File watcher consumer" daemon [_thread_blocked, id=7316, stack(0x000000f7fb300000,0x000000f7fb400000)]
  0x0000026afdcaf800 JavaThread "jar transforms" [_thread_blocked, id=6460, stack(0x000000f7fb400000,0x000000f7fb500000)]
  0x0000026afdcb4000 JavaThread "jar transforms Thread 2" [_thread_blocked, id=10940, stack(0x000000f7fb500000,0x000000f7fb600000)]
  0x0000026afdcb2800 JavaThread "jar transforms Thread 3" [_thread_blocked, id=7208, stack(0x000000f7fb600000,0x000000f7fb700000)]
  0x0000026afdcb3800 JavaThread "jar transforms Thread 4" [_thread_blocked, id=5852, stack(0x000000f7fb700000,0x000000f7fb800000)]
  0x0000026afdcb5000 JavaThread "jar transforms Thread 5" [_thread_blocked, id=2280, stack(0x000000f7fb800000,0x000000f7fb900000)]
  0x0000026afdcb6000 JavaThread "jar transforms Thread 6" [_thread_blocked, id=12000, stack(0x000000f7fb900000,0x000000f7fba00000)]
  0x0000026afdcb0000 JavaThread "jar transforms Thread 7" [_thread_blocked, id=10924, stack(0x000000f7fba00000,0x000000f7fbb00000)]
  0x0000026afdcb1000 JavaThread "jar transforms Thread 8" [_thread_blocked, id=2520, stack(0x000000f7fbc00000,0x000000f7fbd00000)]
  0x0000026a81508000 JavaThread "Cache worker for execution history cache (C:\Users\Julia\.gradle\caches\7.0.2\executionHistory)" [_thread_blocked, id=2256, stack(0x000000f7fc000000,0x000000f7fc100000)]
  0x0000026a8150c000 JavaThread "Cache worker for file content cache (C:\Users\Julia\.gradle\caches\7.0.2\fileContent)" [_thread_blocked, id=10072, stack(0x000000f7fc100000,0x000000f7fc200000)]
  0x0000026afc33f000 JavaThread "Memory manager" [_thread_blocked, id=10088, stack(0x000000f7fcc00000,0x000000f7fcd00000)]
  0x0000026afc340000 JavaThread "pool-3-thread-1" [_thread_blocked, id=9372, stack(0x000000f7fcd00000,0x000000f7fce00000)]
  0x0000026a81513000 JavaThread "pool-6-thread-1" [_thread_blocked, id=5948, stack(0x000000f7fc900000,0x000000f7fca00000)]
  0x0000026afdcab800 JavaThread "Daemon Thread 3" [_thread_blocked, id=5132, stack(0x000000f7f8700000,0x000000f7f8800000)]
  0x0000026afdca7000 JavaThread "Handler for socket connection from /127.0.0.1:63671 to /127.0.0.1:51002" [_thread_in_native, id=7384, stack(0x000000f7f8800000,0x000000f7f8900000)]
  0x0000026afdcaa800 JavaThread "Cancel handler" [_thread_blocked, id=11316, stack(0x000000f7f8900000,0x000000f7f8a00000)]
  0x0000026afdca9800 JavaThread "Daemon worker Thread 3" [_thread_blocked, id=9616, stack(0x000000f7fa000000,0x000000f7fa100000)]
  0x0000026afdcb2000 JavaThread "Asynchronous log dispatcher for DefaultDaemonConnection: socket connection from /127.0.0.1:63671 to /127.0.0.1:51002" [_thread_blocked, id=4620, stack(0x000000f7fa100000,0x000000f7fa200000)]
  0x0000026afdcad800 JavaThread "Stdin handler" [_thread_blocked, id=7676, stack(0x000000f7fa200000,0x000000f7fa300000)]
  0x0000026afc33d800 JavaThread "Daemon client event forwarder" [_thread_blocked, id=3684, stack(0x000000f7fa300000,0x000000f7fa400000)]
  0x0000026afc342800 JavaThread "Cache worker for file hash cache (C:\Users\Julia\AndroidStudioProjects\android_ex\AndroidLab3_5\.gradle\7.0.2\fileHashes)" [_thread_blocked, id=4128, stack(0x000000f7fa400000,0x000000f7fa500000)]
  0x0000026afc341800 JavaThread "Cache worker for checksums cache (C:\Users\Julia\AndroidStudioProjects\android_ex\AndroidLab3_5\.gradle\checksums)" [_thread_blocked, id=10016, stack(0x000000f7fa600000,0x000000f7fa700000)]
  0x0000026afc33c800 JavaThread "Cache worker for cache directory md-supplier (C:\Users\Julia\.gradle\caches\7.0.2\md-supplier)" [_thread_blocked, id=11032, stack(0x000000f7fa700000,0x000000f7fa800000)]
  0x0000026afc348000 JavaThread "Cache worker for cache directory md-rule (C:\Users\Julia\.gradle\caches\7.0.2\md-rule)" [_thread_blocked, id=8780, stack(0x000000f7fb100000,0x000000f7fb200000)]
  0x0000026afc346800 JavaThread "Cache worker for dependencies-accessors (C:\Users\Julia\AndroidStudioProjects\android_ex\AndroidLab3_5\.gradle\7.0.2\dependencies-accessors)" [_thread_blocked, id=9032, stack(0x000000f7fbb00000,0x000000f7fbc00000)]
  0x0000026afc345800 JavaThread "Cache worker for Build Output Cleanup Cache (C:\Users\Julia\AndroidStudioProjects\android_ex\AndroidLab3_5\.gradle\buildOutputCleanup)" [_thread_blocked, id=11060, stack(0x000000f7fbd00000,0x000000f7fbe00000)]
  0x0000026afc347800 JavaThread "Build operations" [_thread_blocked, id=12892, stack(0x000000f7fbe00000,0x000000f7fbf00000)]
  0x0000026afc344000 JavaThread "Build operations Thread 2" [_thread_blocked, id=3688, stack(0x000000f7fbf00000,0x000000f7fc000000)]
  0x0000026afc349000 JavaThread "Build operations Thread 3" [_thread_blocked, id=10060, stack(0x000000f7fc200000,0x000000f7fc300000)]
  0x0000026afc345000 JavaThread "Build operations Thread 4" [_thread_blocked, id=13252, stack(0x000000f7fc300000,0x000000f7fc400000)]
  0x0000026afc343000 JavaThread "Build operations Thread 5" [_thread_blocked, id=9140, stack(0x000000f7fc400000,0x000000f7fc500000)]
  0x0000026afc34b800 JavaThread "Build operations Thread 6" [_thread_blocked, id=11216, stack(0x000000f7fc500000,0x000000f7fc600000)]
  0x0000026afc34a000 JavaThread "Build operations Thread 7" [_thread_blocked, id=5204, stack(0x000000f7fc600000,0x000000f7fc700000)]
  0x0000026afc34a800 JavaThread "Build operations Thread 8" [_thread_blocked, id=1152, stack(0x000000f7fc700000,0x000000f7fc800000)]
  0x0000026a8150c800 JavaThread "build event listener" [_thread_blocked, id=5100, stack(0x000000f7fc800000,0x000000f7fc900000)]
  0x0000026a8150a800 JavaThread "pool-9-thread-1" [_thread_blocked, id=9928, stack(0x000000f7fca00000,0x000000f7fcb00000)]
  0x0000026a81508800 JavaThread "build event listener" [_thread_blocked, id=9656, stack(0x000000f7fcb00000,0x000000f7fcc00000)]
  0x0000026a81514000 JavaThread "Execution worker for ':'" [_thread_blocked, id=11136, stack(0x000000f7fce00000,0x000000f7fcf00000)]
  0x0000026a81515000 JavaThread "Execution worker for ':' Thread 2" [_thread_blocked, id=12876, stack(0x000000f7fcf00000,0x000000f7fd000000)]
  0x0000026a81515800 JavaThread "Execution worker for ':' Thread 3" [_thread_in_native, id=32, stack(0x000000f7fd000000,0x000000f7fd100000)]
  0x0000026a81511800 JavaThread "Execution worker for ':' Thread 4" [_thread_in_native, id=11112, stack(0x000000f7fd100000,0x000000f7fd200000)]
  0x0000026a81510000 JavaThread "Execution worker for ':' Thread 5" [_thread_blocked, id=11412, stack(0x000000f7fd200000,0x000000f7fd300000)]
  0x0000026a81511000 JavaThread "Execution worker for ':' Thread 6" [_thread_blocked, id=11260, stack(0x000000f7fd300000,0x000000f7fd400000)]
  0x0000026a81512800 JavaThread "Execution worker for ':' Thread 7" [_thread_blocked, id=820, stack(0x000000f7fd400000,0x000000f7fd500000)]
  0x0000026afbadd800 JavaThread "Cache worker for execution history cache (C:\Users\Julia\AndroidStudioProjects\android_ex\AndroidLab3_5\.gradle\7.0.2\executionHistory)" [_thread_blocked, id=7188, stack(0x000000f7fd500000,0x000000f7fd600000)]
  0x0000026afbae2800 JavaThread "WorkerExecutor Queue" [_thread_blocked, id=3032, stack(0x000000f7fd600000,0x000000f7fd700000)]
  0x0000026aff687800 JavaThread "C2 CompilerThread1" daemon [_thread_blocked, id=4116, stack(0x000000f7fa500000,0x000000f7fa600000)]
  0x0000026afbae4000 JavaThread "C2 CompilerThread2" daemon [_thread_blocked, id=3332, stack(0x000000f7fd700000,0x000000f7fd800000)]
  0x0000026afdd87000 JavaThread "WorkerExecutor Queue Thread 2" [_thread_blocked, id=1348, stack(0x000000f7fd800000,0x000000f7fd900000)]
  0x0000026afdd88800 JavaThread "WorkerExecutor Queue Thread 3" [_thread_blocked, id=6980, stack(0x000000f7fd900000,0x000000f7fda00000)]
  0x0000026afdd87800 JavaThread "WorkerExecutor Queue Thread 4" [_thread_blocked, id=11524, stack(0x000000f7fda00000,0x000000f7fdb00000)]
  0x0000026afdd86000 JavaThread "WorkerExecutor Queue Thread 5" [_thread_blocked, id=11332, stack(0x000000f7fdb00000,0x000000f7fdc00000)]
  0x0000026afdd89800 JavaThread "WorkerExecutor Queue Thread 6" [_thread_blocked, id=11528, stack(0x000000f7fdc00000,0x000000f7fdd00000)]
  0x0000026afdd8a000 JavaThread "WorkerExecutor Queue Thread 7" [_thread_blocked, id=11128, stack(0x000000f7fdd00000,0x000000f7fde00000)]
  0x0000026afdd8b000 JavaThread "WorkerExecutor Queue Thread 8" [_thread_blocked, id=5772, stack(0x000000f7fde00000,0x000000f7fdf00000)]

Other Threads:
  0x0000026afba74000 VMThread "VM Thread" [stack: 0x000000f7f9000000,0x000000f7f9100000] [id=4312]
  0x0000026afbc8a800 WatcherThread [stack: 0x000000f7f9a00000,0x000000f7f9b00000] [id=10380]
  0x0000026adee70800 GCTaskThread "GC Thread#0" [stack: 0x000000f7f8b00000,0x000000f7f8c00000] [id=8908]
  0x0000026afcc27000 GCTaskThread "GC Thread#1" [stack: 0x000000f7f9d00000,0x000000f7f9e00000] [id=11684]
  0x0000026afc334000 GCTaskThread "GC Thread#2" [stack: 0x000000f7f9e00000,0x000000f7f9f00000] [id=11872]
  0x0000026afd15d800 GCTaskThread "GC Thread#3" [stack: 0x000000f7fa800000,0x000000f7fa900000] [id=7932]
  0x0000026afd15e800 GCTaskThread "GC Thread#4" [stack: 0x000000f7fa900000,0x000000f7faa00000] [id=11644]
  0x0000026afd4f7800 GCTaskThread "GC Thread#5" [stack: 0x000000f7faa00000,0x000000f7fab00000] [id=3364]
  0x0000026afd4f8000 GCTaskThread "GC Thread#6" [stack: 0x000000f7fab00000,0x000000f7fac00000] [id=12292]
  0x0000026afe194000 GCTaskThread "GC Thread#7" [stack: 0x000000f7fac00000,0x000000f7fad00000] [id=10264]
  0x0000026adeea2000 ConcurrentGCThread "G1 Main Marker" [stack: 0x000000f7f8c00000,0x000000f7f8d00000] [id=7144]
  0x0000026adeea3000 ConcurrentGCThread "G1 Conc#0" [stack: 0x000000f7f8d00000,0x000000f7f8e00000] [id=10400]
  0x0000026afc6f5000 ConcurrentGCThread "G1 Conc#1" [stack: 0x000000f7faf00000,0x000000f7fb000000] [id=4004]
  0x0000026afb0ba800 ConcurrentGCThread "G1 Refine#0" [stack: 0x000000f7f8e00000,0x000000f7f8f00000] [id=7240]
  0x0000026afb0bb000 ConcurrentGCThread "G1 Young RemSet Sampling" [stack: 0x000000f7f8f00000,0x000000f7f9000000] [id=6536]

Threads with active compile tasks:
C2 CompilerThread0 794867 16902   !   4       java.io.ObjectInputStream::readObject0 (671 bytes)

VM state:not at safepoint (normal execution)

VM Mutex/Monitor currently owned by a thread: None

Heap address: 0x0000000080000000, size: 2048 MB, Compressed Oops mode: 32-bit
Narrow klass base: 0x0000000000000000, Narrow klass shift: 3
Compressed class space size: 1073741824 Address: 0x0000000100000000

Heap:
 garbage-first heap   total 225280K, used 181097K [0x0000000080000000, 0x0000000100000000)
  region size 1024K, 33 young (33792K), 2 survivors (2048K)
 Metaspace       used 126078K, capacity 129538K, committed 129664K, reserved 1163264K
  class space    used 15530K, capacity 16739K, committed 16768K, reserved 1048576K
Heap Regions: E=young(eden), S=young(survivor), O=old, HS=humongous(starts), HC=humongous(continues), CS=collection set, F=free, A=archive, TAMS=top-at-mark-start (previous, next)
|   0|0x0000000080000000, 0x0000000080100000, 0x0000000080100000|100%| O|  |TAMS 0x0000000080100000, 0x0000000080000000| Untracked 
|   1|0x0000000080100000, 0x0000000080200000, 0x0000000080200000|100%| O|  |TAMS 0x0000000080200000, 0x0000000080100000| Untracked 
|   2|0x0000000080200000, 0x0000000080300000, 0x0000000080300000|100%| O|  |TAMS 0x0000000080300000, 0x0000000080200000| Untracked 
|   3|0x0000000080300000, 0x0000000080400000, 0x0000000080400000|100%|HS|  |TAMS 0x0000000080400000, 0x0000000080300000| Complete 
|   4|0x0000000080400000, 0x0000000080500000, 0x0000000080500000|100%|HC|  |TAMS 0x0000000080500000, 0x0000000080400000| Complete 
|   5|0x0000000080500000, 0x0000000080600000, 0x0000000080600000|100%|HC|  |TAMS 0x0000000080600000, 0x0000000080500000| Complete 
|   6|0x0000000080600000, 0x0000000080700000, 0x0000000080700000|100%| O|  |TAMS 0x0000000080700000, 0x0000000080600000| Untracked 
|   7|0x0000000080700000, 0x0000000080800000, 0x0000000080800000|100%| O|  |TAMS 0x0000000080800000, 0x0000000080700000| Untracked 
|   8|0x0000000080800000, 0x0000000080900000, 0x0000000080900000|100%| O|  |TAMS 0x0000000080900000, 0x0000000080800000| Untracked 
|   9|0x0000000080900000, 0x0000000080a00000, 0x0000000080a00000|100%| O|  |TAMS 0x0000000080a00000, 0x0000000080900000| Untracked 
|  10|0x0000000080a00000, 0x0000000080b00000, 0x0000000080b00000|100%| O|  |TAMS 0x0000000080b00000, 0x0000000080a00000| Untracked 
|  11|0x0000000080b00000, 0x0000000080c00000, 0x0000000080c00000|100%| O|  |TAMS 0x0000000080c00000, 0x0000000080b00000| Untracked 
|  12|0x0000000080c00000, 0x0000000080d00000, 0x0000000080d00000|100%| O|  |TAMS 0x0000000080d00000, 0x0000000080c00000| Untracked 
|  13|0x0000000080d00000, 0x0000000080e00000, 0x0000000080e00000|100%| O|  |TAMS 0x0000000080e00000, 0x0000000080d00000| Untracked 
|  14|0x0000000080e00000, 0x0000000080f00000, 0x0000000080f00000|100%| O|  |TAMS 0x0000000080f00000, 0x0000000080e00000| Untracked 
|  15|0x0000000080f00000, 0x0000000081000000, 0x0000000081000000|100%| O|  |TAMS 0x0000000081000000, 0x0000000080f00000| Untracked 
|  16|0x0000000081000000, 0x0000000081100000, 0x0000000081100000|100%| O|  |TAMS 0x0000000081100000, 0x0000000081000000| Untracked 
|  17|0x0000000081100000, 0x0000000081200000, 0x0000000081200000|100%|HS|  |TAMS 0x0000000081200000, 0x0000000081100000| Complete 
|  18|0x0000000081200000, 0x0000000081300000, 0x0000000081300000|100%|HC|  |TAMS 0x0000000081300000, 0x0000000081200000| Complete 
|  19|0x0000000081300000, 0x0000000081400000, 0x0000000081400000|100%|HS|  |TAMS 0x0000000081400000, 0x0000000081300000| Complete 
|  20|0x0000000081400000, 0x0000000081500000, 0x0000000081500000|100%|HC|  |TAMS 0x0000000081500000, 0x0000000081400000| Complete 
|  21|0x0000000081500000, 0x0000000081600000, 0x0000000081600000|100%|HC|  |TAMS 0x0000000081600000, 0x0000000081500000| Complete 
|  22|0x0000000081600000, 0x0000000081700000, 0x0000000081700000|100%|HS|  |TAMS 0x0000000081700000, 0x0000000081600000| Complete 
|  23|0x0000000081700000, 0x0000000081800000, 0x0000000081800000|100%|HC|  |TAMS 0x0000000081800000, 0x0000000081700000| Complete 
|  24|0x0000000081800000, 0x0000000081900000, 0x0000000081900000|100%|HC|  |TAMS 0x0000000081900000, 0x0000000081800000| Complete 
|  25|0x0000000081900000, 0x0000000081a00000, 0x0000000081a00000|100%|HC|  |TAMS 0x0000000081a00000, 0x0000000081900000| Complete 
|  26|0x0000000081a00000, 0x0000000081b00000, 0x0000000081b00000|100%| O|  |TAMS 0x0000000081b00000, 0x0000000081a00000| Untracked 
|  27|0x0000000081b00000, 0x0000000081c00000, 0x0000000081c00000|100%| O|  |TAMS 0x0000000081c00000, 0x0000000081b00000| Untracked 
|  28|0x0000000081c00000, 0x0000000081d00000, 0x0000000081d00000|100%| O|  |TAMS 0x0000000081d00000, 0x0000000081c00000| Untracked 
|  29|0x0000000081d00000, 0x0000000081e00000, 0x0000000081e00000|100%| O|  |TAMS 0x0000000081e00000, 0x0000000081d00000| Untracked 
|  30|0x0000000081e00000, 0x0000000081f00000, 0x0000000081f00000|100%| O|  |TAMS 0x0000000081f00000, 0x0000000081e00000| Untracked 
|  31|0x0000000081f00000, 0x0000000082000000, 0x0000000082000000|100%| O|  |TAMS 0x0000000082000000, 0x0000000081f00000| Untracked 
|  32|0x0000000082000000, 0x0000000082100000, 0x0000000082100000|100%| O|  |TAMS 0x0000000082100000, 0x0000000082000000| Untracked 
|  33|0x0000000082100000, 0x0000000082200000, 0x0000000082200000|100%| O|  |TAMS 0x0000000082200000, 0x0000000082100000| Untracked 
|  34|0x0000000082200000, 0x0000000082300000, 0x0000000082300000|100%| O|  |TAMS 0x0000000082300000, 0x0000000082200000| Untracked 
|  35|0x0000000082300000, 0x0000000082400000, 0x0000000082400000|100%| O|  |TAMS 0x0000000082400000, 0x0000000082300000| Untracked 
|  36|0x0000000082400000, 0x0000000082500000, 0x0000000082500000|100%| O|  |TAMS 0x0000000082500000, 0x0000000082400000| Untracked 
|  37|0x0000000082500000, 0x0000000082600000, 0x0000000082600000|100%| O|  |TAMS 0x0000000082600000, 0x0000000082500000| Untracked 
|  38|0x0000000082600000, 0x0000000082700000, 0x0000000082700000|100%|HS|  |TAMS 0x0000000082700000, 0x0000000082600000| Complete 
|  39|0x0000000082700000, 0x0000000082800000, 0x0000000082800000|100%|HC|  |TAMS 0x0000000082800000, 0x0000000082700000| Complete 
|  40|0x0000000082800000, 0x0000000082900000, 0x0000000082900000|100%|HC|  |TAMS 0x0000000082900000, 0x0000000082800000| Complete 
|  41|0x0000000082900000, 0x0000000082a00000, 0x0000000082a00000|100%| O|  |TAMS 0x0000000082a00000, 0x0000000082900000| Untracked 
|  42|0x0000000082a00000, 0x0000000082b00000, 0x0000000082b00000|100%|HS|  |TAMS 0x0000000082b00000, 0x0000000082a00000| Complete 
|  43|0x0000000082b00000, 0x0000000082c00000, 0x0000000082c00000|100%|HC|  |TAMS 0x0000000082c00000, 0x0000000082b00000| Complete 
|  44|0x0000000082c00000, 0x0000000082d00000, 0x0000000082d00000|100%|HC|  |TAMS 0x0000000082d00000, 0x0000000082c00000| Complete 
|  45|0x0000000082d00000, 0x0000000082e00000, 0x0000000082e00000|100%|HC|  |TAMS 0x0000000082e00000, 0x0000000082d00000| Complete 
|  46|0x0000000082e00000, 0x0000000082f00000, 0x0000000082f00000|100%| O|  |TAMS 0x0000000082f00000, 0x0000000082e00000| Untracked 
|  47|0x0000000082f00000, 0x0000000083000000, 0x0000000083000000|100%| O|  |TAMS 0x0000000083000000, 0x0000000082f00000| Untracked 
|  48|0x0000000083000000, 0x0000000083100000, 0x0000000083100000|100%| O|  |TAMS 0x0000000083100000, 0x0000000083000000| Untracked 
|  49|0x0000000083100000, 0x0000000083200000, 0x0000000083200000|100%| O|  |TAMS 0x0000000083200000, 0x0000000083100000| Untracked 
|  50|0x0000000083200000, 0x0000000083300000, 0x0000000083300000|100%| O|  |TAMS 0x0000000083300000, 0x0000000083200000| Untracked 
|  51|0x0000000083300000, 0x0000000083400000, 0x0000000083400000|100%| O|  |TAMS 0x0000000083400000, 0x0000000083300000| Untracked 
|  52|0x0000000083400000, 0x0000000083500000, 0x0000000083500000|100%| O|  |TAMS 0x0000000083500000, 0x0000000083400000| Untracked 
|  53|0x0000000083500000, 0x0000000083600000, 0x0000000083600000|100%|HS|  |TAMS 0x0000000083600000, 0x0000000083500000| Complete 
|  54|0x0000000083600000, 0x0000000083700000, 0x0000000083700000|100%|HS|  |TAMS 0x0000000083700000, 0x0000000083600000| Complete 
|  55|0x0000000083700000, 0x0000000083800000, 0x0000000083800000|100%|HS|  |TAMS 0x0000000083800000, 0x0000000083700000| Complete 
|  56|0x0000000083800000, 0x0000000083900000, 0x0000000083900000|100%|HS|  |TAMS 0x0000000083900000, 0x0000000083800000| Complete 
|  57|0x0000000083900000, 0x0000000083a00000, 0x0000000083a00000|100%|HC|  |TAMS 0x0000000083a00000, 0x0000000083900000| Complete 
|  58|0x0000000083a00000, 0x0000000083b00000, 0x0000000083b00000|100%|HC|  |TAMS 0x0000000083b00000, 0x0000000083a00000| Complete 
|  59|0x0000000083b00000, 0x0000000083c00000, 0x0000000083c00000|100%|HS|  |TAMS 0x0000000083c00000, 0x0000000083b00000| Complete 
|  60|0x0000000083c00000, 0x0000000083d00000, 0x0000000083d00000|100%|HC|  |TAMS 0x0000000083d00000, 0x0000000083c00000| Complete 
|  61|0x0000000083d00000, 0x0000000083e00000, 0x0000000083e00000|100%| O|  |TAMS 0x0000000083e00000, 0x0000000083d00000| Untracked 
|  62|0x0000000083e00000, 0x0000000083f00000, 0x0000000083f00000|100%| O|  |TAMS 0x0000000083f00000, 0x0000000083e00000| Untracked 
|  63|0x0000000083f00000, 0x0000000084000000, 0x0000000084000000|100%| O|  |TAMS 0x0000000083f00000, 0x0000000083f00000| Untracked 
|  64|0x0000000084000000, 0x0000000084100000, 0x0000000084100000|100%| O|  |TAMS 0x0000000084100000, 0x0000000084000000| Untracked 
|  65|0x0000000084100000, 0x0000000084200000, 0x0000000084200000|100%| O|  |TAMS 0x0000000084200000, 0x0000000084100000| Untracked 
|  66|0x0000000084200000, 0x0000000084300000, 0x0000000084300000|100%| O|  |TAMS 0x0000000084300000, 0x0000000084200000| Untracked 
|  67|0x0000000084300000, 0x0000000084400000, 0x0000000084400000|100%| O|  |TAMS 0x0000000084400000, 0x0000000084300000| Untracked 
|  68|0x0000000084400000, 0x0000000084500000, 0x0000000084500000|100%| O|  |TAMS 0x0000000084500000, 0x0000000084400000| Untracked 
|  69|0x0000000084500000, 0x0000000084600000, 0x0000000084600000|100%| O|  |TAMS 0x0000000084600000, 0x0000000084500000| Untracked 
|  70|0x0000000084600000, 0x0000000084700000, 0x0000000084700000|100%| O|  |TAMS 0x0000000084700000, 0x0000000084600000| Untracked 
|  71|0x0000000084700000, 0x0000000084800000, 0x0000000084800000|100%| O|  |TAMS 0x0000000084800000, 0x0000000084700000| Untracked 
|  72|0x0000000084800000, 0x0000000084900000, 0x0000000084900000|100%| O|  |TAMS 0x0000000084900000, 0x0000000084800000| Untracked 
|  73|0x0000000084900000, 0x0000000084a00000, 0x0000000084a00000|100%| O|  |TAMS 0x0000000084a00000, 0x0000000084900000| Untracked 
|  74|0x0000000084a00000, 0x0000000084b00000, 0x0000000084b00000|100%| O|  |TAMS 0x0000000084b00000, 0x0000000084a00000| Untracked 
|  75|0x0000000084b00000, 0x0000000084c00000, 0x0000000084c00000|100%| O|  |TAMS 0x0000000084c00000, 0x0000000084b00000| Untracked 
|  76|0x0000000084c00000, 0x0000000084d00000, 0x0000000084d00000|100%| O|  |TAMS 0x0000000084d00000, 0x0000000084c00000| Untracked 
|  77|0x0000000084d00000, 0x0000000084e00000, 0x0000000084e00000|100%| O|  |TAMS 0x0000000084e00000, 0x0000000084d00000| Untracked 
|  78|0x0000000084e00000, 0x0000000084f00000, 0x0000000084f00000|100%| O|  |TAMS 0x0000000084f00000, 0x0000000084e00000| Untracked 
|  79|0x0000000084f00000, 0x0000000085000000, 0x0000000085000000|100%|HS|  |TAMS 0x0000000085000000, 0x0000000084f00000| Complete 
|  80|0x0000000085000000, 0x0000000085100000, 0x0000000085100000|100%|HC|  |TAMS 0x0000000085100000, 0x0000000085000000| Complete 
|  81|0x0000000085100000, 0x0000000085200000, 0x0000000085200000|100%| O|  |TAMS 0x0000000085200000, 0x0000000085100000| Untracked 
|  82|0x0000000085200000, 0x0000000085300000, 0x0000000085300000|100%| O|  |TAMS 0x0000000085300000, 0x0000000085200000| Untracked 
|  83|0x0000000085300000, 0x0000000085400000, 0x0000000085400000|100%| O|  |TAMS 0x0000000085400000, 0x0000000085300000| Untracked 
|  84|0x0000000085400000, 0x0000000085500000, 0x0000000085500000|100%|HS|  |TAMS 0x0000000085500000, 0x0000000085400000| Complete 
|  85|0x0000000085500000, 0x0000000085600000, 0x0000000085600000|100%|HC|  |TAMS 0x0000000085600000, 0x0000000085500000| Complete 
|  86|0x0000000085600000, 0x0000000085700000, 0x0000000085700000|100%|HC|  |TAMS 0x0000000085700000, 0x0000000085600000| Complete 
|  87|0x0000000085700000, 0x0000000085800000, 0x0000000085800000|100%|HS|  |TAMS 0x0000000085800000, 0x0000000085700000| Complete 
|  88|0x0000000085800000, 0x0000000085900000, 0x0000000085900000|100%|HC|  |TAMS 0x0000000085900000, 0x0000000085800000| Complete 
|  89|0x0000000085900000, 0x0000000085a00000, 0x0000000085a00000|100%|HC|  |TAMS 0x0000000085a00000, 0x0000000085900000| Complete 
|  90|0x0000000085a00000, 0x0000000085b00000, 0x0000000085b00000|100%|HC|  |TAMS 0x0000000085b00000, 0x0000000085a00000| Complete 
|  91|0x0000000085b00000, 0x0000000085c00000, 0x0000000085c00000|100%| O|  |TAMS 0x0000000085c00000, 0x0000000085b00000| Untracked 
|  92|0x0000000085c00000, 0x0000000085d00000, 0x0000000085d00000|100%| O|  |TAMS 0x0000000085d00000, 0x0000000085c00000| Untracked 
|  93|0x0000000085d00000, 0x0000000085e00000, 0x0000000085e00000|100%| O|  |TAMS 0x0000000085e00000, 0x0000000085d00000| Untracked 
|  94|0x0000000085e00000, 0x0000000085e00000, 0x0000000085f00000|  0%| F|  |TAMS 0x0000000085e00000, 0x0000000085e00000| Untracked 
|  95|0x0000000085f00000, 0x0000000086000000, 0x0000000086000000|100%| O|  |TAMS 0x0000000086000000, 0x0000000085f00000| Untracked 
|  96|0x0000000086000000, 0x0000000086100000, 0x0000000086100000|100%| O|  |TAMS 0x0000000086100000, 0x0000000086000000| Untracked 
|  97|0x0000000086100000, 0x0000000086200000, 0x0000000086200000|100%| O|  |TAMS 0x0000000086200000, 0x0000000086100000| Untracked 
|  98|0x0000000086200000, 0x0000000086300000, 0x0000000086300000|100%| O|  |TAMS 0x0000000086300000, 0x0000000086200000| Untracked 
|  99|0x0000000086300000, 0x0000000086400000, 0x0000000086400000|100%| O|  |TAMS 0x0000000086400000, 0x0000000086300000| Untracked 
| 100|0x0000000086400000, 0x0000000086500000, 0x0000000086500000|100%| O|  |TAMS 0x0000000086500000, 0x0000000086400000| Untracked 
| 101|0x0000000086500000, 0x0000000086600000, 0x0000000086600000|100%| O|  |TAMS 0x0000000086500000, 0x0000000086500000| Untracked 
| 102|0x0000000086600000, 0x0000000086700000, 0x0000000086700000|100%| O|  |TAMS 0x0000000086700000, 0x0000000086600000| Untracked 
| 103|0x0000000086700000, 0x0000000086800000, 0x0000000086800000|100%| O|  |TAMS 0x0000000086800000, 0x0000000086700000| Untracked 
| 104|0x0000000086800000, 0x0000000086900000, 0x0000000086900000|100%| O|  |TAMS 0x0000000086900000, 0x0000000086800000| Untracked 
| 105|0x0000000086900000, 0x0000000086a00000, 0x0000000086a00000|100%| O|  |TAMS 0x0000000086a00000, 0x0000000086900000| Untracked 
| 106|0x0000000086a00000, 0x0000000086b00000, 0x0000000086b00000|100%| O|  |TAMS 0x0000000086b00000, 0x0000000086a00000| Untracked 
| 107|0x0000000086b00000, 0x0000000086c00000, 0x0000000086c00000|100%| O|  |TAMS 0x0000000086c00000, 0x0000000086b00000| Untracked 
| 108|0x0000000086c00000, 0x0000000086d00000, 0x0000000086d00000|100%| O|  |TAMS 0x0000000086d00000, 0x0000000086c00000| Untracked 
| 109|0x0000000086d00000, 0x0000000086e00000, 0x0000000086e00000|100%| O|  |TAMS 0x0000000086e00000, 0x0000000086d00000| Untracked 
| 110|0x0000000086e00000, 0x0000000086f00000, 0x0000000086f00000|100%| O|  |TAMS 0x0000000086f00000, 0x0000000086e00000| Untracked 
| 111|0x0000000086f00000, 0x0000000087000000, 0x0000000087000000|100%| O|  |TAMS 0x0000000087000000, 0x0000000086f00000| Untracked 
| 112|0x0000000087000000, 0x0000000087100000, 0x0000000087100000|100%| O|  |TAMS 0x0000000087100000, 0x0000000087000000| Untracked 
| 113|0x0000000087100000, 0x0000000087200000, 0x0000000087200000|100%| O|  |TAMS 0x0000000087200000, 0x0000000087100000| Untracked 
| 114|0x0000000087200000, 0x0000000087300000, 0x0000000087300000|100%| O|  |TAMS 0x0000000087300000, 0x0000000087200000| Untracked 
| 115|0x0000000087300000, 0x0000000087300000, 0x0000000087400000|  0%| F|  |TAMS 0x0000000087300000, 0x0000000087300000| Untracked 
| 116|0x0000000087400000, 0x0000000087500000, 0x0000000087500000|100%| O|  |TAMS 0x0000000087400000, 0x0000000087400000| Untracked 
| 117|0x0000000087500000, 0x0000000087600000, 0x0000000087600000|100%| O|  |TAMS 0x0000000087600000, 0x0000000087500000| Untracked 
| 118|0x0000000087600000, 0x0000000087700000, 0x0000000087700000|100%| O|  |TAMS 0x0000000087700000, 0x0000000087600000| Untracked 
| 119|0x0000000087700000, 0x0000000087800000, 0x0000000087800000|100%| O|  |TAMS 0x0000000087800000, 0x0000000087700000| Untracked 
| 120|0x0000000087800000, 0x0000000087900000, 0x0000000087900000|100%| O|  |TAMS 0x0000000087900000, 0x0000000087800000| Untracked 
| 121|0x0000000087900000, 0x0000000087a00000, 0x0000000087a00000|100%| O|  |TAMS 0x0000000087a00000, 0x0000000087900000| Untracked 
| 122|0x0000000087a00000, 0x0000000087a00000, 0x0000000087b00000|  0%| F|  |TAMS 0x0000000087a00000, 0x0000000087a00000| Untracked 
| 123|0x0000000087b00000, 0x0000000087c00000, 0x0000000087c00000|100%| O|  |TAMS 0x0000000087c00000, 0x0000000087b00000| Untracked 
| 124|0x0000000087c00000, 0x0000000087d00000, 0x0000000087d00000|100%| O|  |TAMS 0x0000000087d00000, 0x0000000087c00000| Untracked 
| 125|0x0000000087d00000, 0x0000000087e00000, 0x0000000087e00000|100%| O|  |TAMS 0x0000000087dea400, 0x0000000087d00000| Untracked 
| 126|0x0000000087e00000, 0x0000000087f00000, 0x0000000087f00000|100%| O|  |TAMS 0x0000000087e00000, 0x0000000087e00000| Untracked 
| 127|0x0000000087f00000, 0x0000000088000000, 0x0000000088000000|100%| O|  |TAMS 0x0000000087f00000, 0x0000000087f00000| Untracked 
| 128|0x0000000088000000, 0x0000000088100000, 0x0000000088100000|100%| O|  |TAMS 0x0000000088000000, 0x0000000088000000| Untracked 
| 129|0x0000000088100000, 0x0000000088100000, 0x0000000088200000|  0%| F|  |TAMS 0x0000000088100000, 0x0000000088100000| Untracked 
| 130|0x0000000088200000, 0x0000000088300000, 0x0000000088300000|100%| O|  |TAMS 0x0000000088300000, 0x0000000088200000| Untracked 
| 131|0x0000000088300000, 0x0000000088400000, 0x0000000088400000|100%| O|  |TAMS 0x0000000088400000, 0x0000000088300000| Untracked 
| 132|0x0000000088400000, 0x0000000088500000, 0x0000000088500000|100%| O|  |TAMS 0x0000000088400000, 0x0000000088400000| Untracked 
| 133|0x0000000088500000, 0x0000000088500000, 0x0000000088600000|  0%| F|  |TAMS 0x0000000088500000, 0x0000000088500000| Untracked 
| 134|0x0000000088600000, 0x0000000088600000, 0x0000000088700000|  0%| F|  |TAMS 0x0000000088600000, 0x0000000088600000| Untracked 
| 135|0x0000000088700000, 0x0000000088700000, 0x0000000088800000|  0%| F|  |TAMS 0x0000000088700000, 0x0000000088700000| Untracked 
| 136|0x0000000088800000, 0x0000000088900000, 0x0000000088900000|100%| O|  |TAMS 0x0000000088900000, 0x0000000088800000| Untracked 
| 137|0x0000000088900000, 0x0000000088a00000, 0x0000000088a00000|100%| O|  |TAMS 0x0000000088a00000, 0x0000000088900000| Untracked 
| 138|0x0000000088a00000, 0x0000000088b00000, 0x0000000088b00000|100%| O|  |TAMS 0x0000000088b00000, 0x0000000088a00000| Untracked 
| 139|0x0000000088b00000, 0x0000000088c00000, 0x0000000088c00000|100%| O|  |TAMS 0x0000000088c00000, 0x0000000088b00000| Untracked 
| 140|0x0000000088c00000, 0x0000000088d00000, 0x0000000088d00000|100%| O|  |TAMS 0x0000000088d00000, 0x0000000088c00000| Untracked 
| 141|0x0000000088d00000, 0x0000000088d00000, 0x0000000088e00000|  0%| F|  |TAMS 0x0000000088d00000, 0x0000000088d00000| Untracked 
| 142|0x0000000088e00000, 0x0000000088f00000, 0x0000000088f00000|100%| O|  |TAMS 0x0000000088f00000, 0x0000000088e00000| Untracked 
| 143|0x0000000088f00000, 0x0000000089000000, 0x0000000089000000|100%| O|  |TAMS 0x0000000089000000, 0x0000000088f00000| Untracked 
| 144|0x0000000089000000, 0x0000000089100000, 0x0000000089100000|100%| O|  |TAMS 0x0000000089100000, 0x0000000089000000| Untracked 
| 145|0x0000000089100000, 0x0000000089200000, 0x0000000089200000|100%| O|  |TAMS 0x0000000089200000, 0x0000000089100000| Untracked 
| 146|0x0000000089200000, 0x0000000089300000, 0x0000000089300000|100%| O|  |TAMS 0x0000000089300000, 0x0000000089200000| Untracked 
| 147|0x0000000089300000, 0x0000000089400000, 0x0000000089400000|100%| O|  |TAMS 0x0000000089400000, 0x0000000089300000| Untracked 
| 148|0x0000000089400000, 0x0000000089400000, 0x0000000089500000|  0%| F|  |TAMS 0x0000000089400000, 0x0000000089400000| Untracked 
| 149|0x0000000089500000, 0x0000000089600000, 0x0000000089600000|100%| O|  |TAMS 0x0000000089500000, 0x0000000089500000| Untracked 
| 150|0x0000000089600000, 0x00000000896da600, 0x0000000089700000| 85%| O|  |TAMS 0x0000000089600000, 0x0000000089600000| Untracked 
| 151|0x0000000089700000, 0x0000000089700000, 0x0000000089800000|  0%| F|  |TAMS 0x0000000089700000, 0x0000000089700000| Untracked 
| 152|0x0000000089800000, 0x0000000089800000, 0x0000000089900000|  0%| F|  |TAMS 0x0000000089800000, 0x0000000089800000| Untracked 
| 153|0x0000000089900000, 0x0000000089900000, 0x0000000089a00000|  0%| F|  |TAMS 0x0000000089900000, 0x0000000089900000| Untracked 
| 154|0x0000000089a00000, 0x0000000089a00000, 0x0000000089b00000|  0%| F|  |TAMS 0x0000000089a00000, 0x0000000089a00000| Untracked 
| 155|0x0000000089b00000, 0x0000000089b00000, 0x0000000089c00000|  0%| F|  |TAMS 0x0000000089b00000, 0x0000000089b00000| Untracked 
| 156|0x0000000089c00000, 0x0000000089d00000, 0x0000000089d00000|100%| O|  |TAMS 0x0000000089d00000, 0x0000000089c00000| Untracked 
| 157|0x0000000089d00000, 0x0000000089e00000, 0x0000000089e00000|100%| O|  |TAMS 0x0000000089e00000, 0x0000000089d00000| Untracked 
| 158|0x0000000089e00000, 0x0000000089e00000, 0x0000000089f00000|  0%| F|  |TAMS 0x0000000089e00000, 0x0000000089e00000| Untracked 
| 159|0x0000000089f00000, 0x0000000089f00000, 0x000000008a000000|  0%| F|  |TAMS 0x0000000089f00000, 0x0000000089f00000| Untracked 
| 160|0x000000008a000000, 0x000000008a000000, 0x000000008a100000|  0%| F|  |TAMS 0x000000008a000000, 0x000000008a000000| Untracked 
| 161|0x000000008a100000, 0x000000008a200000, 0x000000008a200000|100%| O|  |TAMS 0x000000008a200000, 0x000000008a100000| Untracked 
| 162|0x000000008a200000, 0x000000008a300000, 0x000000008a300000|100%| O|  |TAMS 0x000000008a300000, 0x000000008a200000| Untracked 
| 163|0x000000008a300000, 0x000000008a300000, 0x000000008a400000|  0%| F|  |TAMS 0x000000008a300000, 0x000000008a300000| Untracked 
| 164|0x000000008a400000, 0x000000008a400000, 0x000000008a500000|  0%| F|  |TAMS 0x000000008a400000, 0x000000008a400000| Untracked 
| 165|0x000000008a500000, 0x000000008a500000, 0x000000008a600000|  0%| F|  |TAMS 0x000000008a500000, 0x000000008a500000| Untracked 
| 166|0x000000008a600000, 0x000000008a600000, 0x000000008a700000|  0%| F|  |TAMS 0x000000008a600000, 0x000000008a600000| Untracked 
| 167|0x000000008a700000, 0x000000008a700000, 0x000000008a800000|  0%| F|  |TAMS 0x000000008a700000, 0x000000008a700000| Untracked 
| 168|0x000000008a800000, 0x000000008a800000, 0x000000008a900000|  0%| F|  |TAMS 0x000000008a800000, 0x000000008a800000| Untracked 
| 169|0x000000008a900000, 0x000000008a900000, 0x000000008aa00000|  0%| F|  |TAMS 0x000000008a900000, 0x000000008a900000| Untracked 
| 170|0x000000008aa00000, 0x000000008aa00000, 0x000000008ab00000|  0%| F|  |TAMS 0x000000008aa00000, 0x000000008aa00000| Untracked 
| 171|0x000000008ab00000, 0x000000008ab00000, 0x000000008ac00000|  0%| F|  |TAMS 0x000000008ab00000, 0x000000008ab00000| Untracked 
| 172|0x000000008ac00000, 0x000000008ac00000, 0x000000008ad00000|  0%| F|  |TAMS 0x000000008ac00000, 0x000000008ac00000| Untracked 
| 173|0x000000008ad00000, 0x000000008ad00000, 0x000000008ae00000|  0%| F|  |TAMS 0x000000008ad00000, 0x000000008ad00000| Untracked 
| 174|0x000000008ae00000, 0x000000008ae00000, 0x000000008af00000|  0%| F|  |TAMS 0x000000008ae00000, 0x000000008ae00000| Untracked 
| 175|0x000000008af00000, 0x000000008af00000, 0x000000008b000000|  0%| F|  |TAMS 0x000000008af00000, 0x000000008af00000| Untracked 
| 176|0x000000008b000000, 0x000000008b000000, 0x000000008b100000|  0%| F|  |TAMS 0x000000008b000000, 0x000000008b000000| Untracked 
| 177|0x000000008b100000, 0x000000008b100000, 0x000000008b200000|  0%| F|  |TAMS 0x000000008b100000, 0x000000008b100000| Untracked 
| 178|0x000000008b200000, 0x000000008b200000, 0x000000008b300000|  0%| F|  |TAMS 0x000000008b200000, 0x000000008b200000| Untracked 
| 179|0x000000008b300000, 0x000000008b300000, 0x000000008b400000|  0%| F|  |TAMS 0x000000008b300000, 0x000000008b300000| Untracked 
| 180|0x000000008b400000, 0x000000008b400000, 0x000000008b500000|  0%| F|  |TAMS 0x000000008b400000, 0x000000008b400000| Untracked 
| 181|0x000000008b500000, 0x000000008b500000, 0x000000008b600000|  0%| F|  |TAMS 0x000000008b500000, 0x000000008b500000| Untracked 
| 182|0x000000008b600000, 0x000000008b600000, 0x000000008b700000|  0%| F|  |TAMS 0x000000008b600000, 0x000000008b600000| Untracked 
| 183|0x000000008b700000, 0x000000008b700000, 0x000000008b800000|  0%| F|  |TAMS 0x000000008b700000, 0x000000008b700000| Untracked 
| 184|0x000000008b800000, 0x000000008b800000, 0x000000008b900000|  0%| F|  |TAMS 0x000000008b800000, 0x000000008b800000| Untracked 
| 185|0x000000008b900000, 0x000000008b900000, 0x000000008ba00000|  0%| F|  |TAMS 0x000000008b900000, 0x000000008b900000| Untracked 
| 186|0x000000008ba00000, 0x000000008ba07a30, 0x000000008bb00000|  2%| E|  |TAMS 0x000000008ba00000, 0x000000008ba00000| Complete 
| 187|0x000000008bb00000, 0x000000008bc00000, 0x000000008bc00000|100%| E|CS|TAMS 0x000000008bb00000, 0x000000008bb00000| Complete 
| 188|0x000000008bc00000, 0x000000008bd00000, 0x000000008bd00000|100%| E|CS|TAMS 0x000000008bc00000, 0x000000008bc00000| Complete 
| 189|0x000000008bd00000, 0x000000008be00000, 0x000000008be00000|100%| E|CS|TAMS 0x000000008bd00000, 0x000000008bd00000| Complete 
| 190|0x000000008be00000, 0x000000008bf00000, 0x000000008bf00000|100%| E|CS|TAMS 0x000000008be00000, 0x000000008be00000| Complete 
| 191|0x000000008bf00000, 0x000000008c000000, 0x000000008c000000|100%| E|CS|TAMS 0x000000008bf00000, 0x000000008bf00000| Complete 
| 192|0x000000008c000000, 0x000000008c100000, 0x000000008c100000|100%| E|CS|TAMS 0x000000008c000000, 0x000000008c000000| Complete 
| 193|0x000000008c100000, 0x000000008c200000, 0x000000008c200000|100%| E|CS|TAMS 0x000000008c100000, 0x000000008c100000| Complete 
| 194|0x000000008c200000, 0x000000008c300000, 0x000000008c300000|100%| E|CS|TAMS 0x000000008c200000, 0x000000008c200000| Complete 
| 195|0x000000008c300000, 0x000000008c400000, 0x000000008c400000|100%| E|CS|TAMS 0x000000008c300000, 0x000000008c300000| Complete 
| 196|0x000000008c400000, 0x000000008c500000, 0x000000008c500000|100%| E|CS|TAMS 0x000000008c400000, 0x000000008c400000| Complete 
| 197|0x000000008c500000, 0x000000008c600000, 0x000000008c600000|100%| E|CS|TAMS 0x000000008c500000, 0x000000008c500000| Complete 
| 198|0x000000008c600000, 0x000000008c700000, 0x000000008c700000|100%| E|CS|TAMS 0x000000008c600000, 0x000000008c600000| Complete 
| 199|0x000000008c700000, 0x000000008c800000, 0x000000008c800000|100%| E|CS|TAMS 0x000000008c700000, 0x000000008c700000| Complete 
| 200|0x000000008c800000, 0x000000008c900000, 0x000000008c900000|100%| E|CS|TAMS 0x000000008c800000, 0x000000008c800000| Complete 
| 201|0x000000008c900000, 0x000000008ca00000, 0x000000008ca00000|100%| E|CS|TAMS 0x000000008c900000, 0x000000008c900000| Complete 
| 202|0x000000008ca00000, 0x000000008cb00000, 0x000000008cb00000|100%| E|CS|TAMS 0x000000008ca00000, 0x000000008ca00000| Complete 
| 203|0x000000008cb00000, 0x000000008cc00000, 0x000000008cc00000|100%| E|  |TAMS 0x000000008cb00000, 0x000000008cb00000| Complete 
| 204|0x000000008cc00000, 0x000000008cd00000, 0x000000008cd00000|100%| E|CS|TAMS 0x000000008cc00000, 0x000000008cc00000| Complete 
| 205|0x000000008cd00000, 0x000000008ce00000, 0x000000008ce00000|100%| E|CS|TAMS 0x000000008cd00000, 0x000000008cd00000| Complete 
| 206|0x000000008ce00000, 0x000000008cf00000, 0x000000008cf00000|100%| E|CS|TAMS 0x000000008ce00000, 0x000000008ce00000| Complete 
| 207|0x000000008cf00000, 0x000000008d000000, 0x000000008d000000|100%| E|CS|TAMS 0x000000008cf00000, 0x000000008cf00000| Complete 
| 208|0x000000008d000000, 0x000000008d100000, 0x000000008d100000|100%| E|CS|TAMS 0x000000008d000000, 0x000000008d000000| Complete 
| 209|0x000000008d100000, 0x000000008d200000, 0x000000008d200000|100%| E|CS|TAMS 0x000000008d100000, 0x000000008d100000| Complete 
| 210|0x000000008d200000, 0x000000008d300000, 0x000000008d300000|100%| E|CS|TAMS 0x000000008d200000, 0x000000008d200000| Complete 
| 211|0x000000008d300000, 0x000000008d400000, 0x000000008d400000|100%| S|CS|TAMS 0x000000008d300000, 0x000000008d300000| Complete 
| 212|0x000000008d400000, 0x000000008d500000, 0x000000008d500000|100%| S|CS|TAMS 0x000000008d400000, 0x000000008d400000| Complete 
| 213|0x000000008d500000, 0x000000008d600000, 0x000000008d600000|100%| E|CS|TAMS 0x000000008d500000, 0x000000008d500000| Complete 
| 214|0x000000008d600000, 0x000000008d700000, 0x000000008d700000|100%| E|CS|TAMS 0x000000008d600000, 0x000000008d600000| Complete 
| 215|0x000000008d700000, 0x000000008d800000, 0x000000008d800000|100%| E|CS|TAMS 0x000000008d700000, 0x000000008d700000| Complete 
| 216|0x000000008d800000, 0x000000008d900000, 0x000000008d900000|100%| E|CS|TAMS 0x000000008d800000, 0x000000008d800000| Complete 
| 217|0x000000008d900000, 0x000000008da00000, 0x000000008da00000|100%| E|CS|TAMS 0x000000008d900000, 0x000000008d900000| Complete 
| 218|0x000000008da00000, 0x000000008db00000, 0x000000008db00000|100%| E|CS|TAMS 0x000000008da00000, 0x000000008da00000| Complete 
| 219|0x000000008db00000, 0x000000008dc00000, 0x000000008dc00000|100%| E|CS|TAMS 0x000000008db00000, 0x000000008db00000| Complete 

Card table byte_map: [0x0000026af3f40000,0x0000026af4340000] _byte_map_base: 0x0000026af3b40000

Marking Bits (Prev, Next): (CMBitMap*) 0x0000026adee98fe0, (CMBitMap*) 0x0000026adee98fa8
 Prev Bits: [0x0000026af6740000, 0x0000026af8740000)
 Next Bits: [0x0000026af4740000, 0x0000026af6740000)

Polling page: 0x0000026aded90000

Metaspace:

Usage:
  Non-class:    110.16 MB capacity,   107.96 MB ( 98%) used,     1.83 MB (  2%) free+waste,   372.56 KB ( <1%) overhead. 
      Class:     16.35 MB capacity,    15.17 MB ( 93%) used,     1.02 MB (  6%) free+waste,   167.25 KB ( <1%) overhead. 
       Both:    126.50 MB capacity,   123.12 MB ( 97%) used,     2.85 MB (  2%) free+waste,   539.81 KB ( <1%) overhead. 

Virtual space:
  Non-class space:      112.00 MB reserved,     110.25 MB ( 98%) committed 
      Class space:        1.00 GB reserved,      16.38 MB (  2%) committed 
             Both:        1.11 GB reserved,     126.63 MB ( 11%) committed 

Chunk freelists:
   Non-Class:  97.00 KB
       Class:  29.00 KB
        Both:  126.00 KB

MaxMetaspaceSize: 17179869184.00 GB
CompressedClassSpaceSize: 1.00 GB

CodeHeap 'non-profiled nmethods': size=120000Kb used=11564Kb max_used=11564Kb free=108435Kb
 bounds [0x0000026aebb90000, 0x0000026aec6e0000, 0x0000026af30c0000]
CodeHeap 'profiled nmethods': size=120000Kb used=39727Kb max_used=39727Kb free=80272Kb
 bounds [0x0000026ae4660000, 0x0000026ae6d30000, 0x0000026aebb90000]
CodeHeap 'non-nmethods': size=5760Kb used=2353Kb max_used=2417Kb free=3406Kb
 bounds [0x0000026ae40c0000, 0x0000026ae4330000, 0x0000026ae4660000]
 total_blobs=18802 nmethods=17832 adapters=880
 compilation: disabled (not enough contiguous free space left)
              stopped_count=1, restarted_count=0
 full_count=1

Compilation events (20 events):
Event: 794.703 Thread 0x0000026afbaf2000 nmethod 18058 0x0000026ae6d16e10 code [0x0000026ae6d17140, 0x0000026ae6d18748]
Event: 794.703 Thread 0x0000026afbaf2000 18059       3       com.android.aapt.Resources$Value::writeTo (100 bytes)
Event: 794.705 Thread 0x0000026afbaf2000 nmethod 18059 0x0000026ae6d18d10 code [0x0000026ae6d19040, 0x0000026ae6d1a838]
Event: 794.705 Thread 0x0000026afbaf2000 18045       3       java.lang.StringLatin1$CharsSpliterator::tryAdvance (60 bytes)
Event: 794.705 Thread 0x0000026afbaf2000 nmethod 18045 0x0000026ae6d1ae10 code [0x0000026ae6d1b000, 0x0000026ae6d1b398]
Event: 794.705 Thread 0x0000026afbaf2000 18055       3       com.google.protobuf.UnknownFieldSet::writeTo (67 bytes)
Event: 794.705 Thread 0x0000026afbaf2000 nmethod 18055 0x0000026ae6d1b510 code [0x0000026ae6d1b760, 0x0000026ae6d1bfc8]
Event: 794.705 Thread 0x0000026afbaf2000 18091       3       com.google.protobuf.UnknownFieldSet::getSerializedSize (68 bytes)
Event: 794.706 Thread 0x0000026afbaf2000 nmethod 18091 0x0000026ae6d1c210 code [0x0000026ae6d1c460, 0x0000026ae6d1ccc8]
Event: 794.706 Thread 0x0000026afbaf2000 18073       3       com.google.protobuf.CodedOutputStream$OutputStreamEncoder::writeMessage (12 bytes)
Event: 794.707 Thread 0x0000026afbaf2000 nmethod 18073 0x0000026ae6d1cf90 code [0x0000026ae6d1d1e0, 0x0000026ae6d1dad8]
Event: 794.707 Thread 0x0000026afbaf2000 18080       3       javax.xml.namespace.QName::<init> (61 bytes)
Event: 794.707 Thread 0x0000026afbaf2000 nmethod 18080 0x0000026ae6d1de90 code [0x0000026ae6d1e080, 0x0000026ae6d1e5b8]
Event: 794.707 Thread 0x0000026afbaf2000 18084       3       javax.xml.namespace.QName::hashCode (16 bytes)
Event: 794.707 Thread 0x0000026afbaf2000 nmethod 18084 0x0000026ae6d1e710 code [0x0000026ae6d1e8e0, 0x0000026ae6d1ea78]
Event: 794.707 Thread 0x0000026afbaf2000 18039       3       java.lang.StringUTF16$CodePointsSpliterator::advance (64 bytes)
Event: 794.708 Thread 0x0000026afbaf2000 nmethod 18039 0x0000026ae6d1eb90 code [0x0000026ae6d1edc0, 0x0000026ae6d1f588]
Event: 794.708 Thread 0x0000026afbaf2000 18038       3       com.sun.xml.internal.stream.XMLEventReaderImpl::nextEvent (79 bytes)
Event: 794.709 Thread 0x0000026afbaf2000 nmethod 18038 0x0000026ae6d1f910 code [0x0000026ae6d1fb40, 0x0000026ae6d20238]
Event: 794.709 Thread 0x0000026afbaf2000 18041       3       com.sun.xml.internal.stream.events.XMLEventAllocatorImpl::getXMLEvent (634 bytes)

GC Heap History (20 events):
Event: 791.477 GC heap before
{Heap before GC invocations=52 (full 0):
 garbage-first heap   total 225280K, used 164486K [0x0000000080000000, 0x0000000100000000)
  region size 1024K, 7 young (7168K), 1 survivors (1024K)
 Metaspace       used 119268K, capacity 122811K, committed 123008K, reserved 1157120K
  class space    used 14925K, capacity 16138K, committed 16256K, reserved 1048576K
}
Event: 791.483 GC heap after
{Heap after GC invocations=53 (full 0):
 garbage-first heap   total 225280K, used 160970K [0x0000000080000000, 0x0000000100000000)
  region size 1024K, 2 young (2048K), 2 survivors (2048K)
 Metaspace       used 119268K, capacity 122811K, committed 123008K, reserved 1157120K
  class space    used 14925K, capacity 16138K, committed 16256K, reserved 1048576K
}
Event: 792.435 GC heap before
{Heap before GC invocations=54 (full 0):
 garbage-first heap   total 225280K, used 194762K [0x0000000080000000, 0x0000000100000000)
  region size 1024K, 28 young (28672K), 2 survivors (2048K)
 Metaspace       used 120632K, capacity 124171K, committed 124416K, reserved 1157120K
  class space    used 15106K, capacity 16336K, committed 16384K, reserved 1048576K
}
Event: 792.445 GC heap after
{Heap after GC invocations=55 (full 0):
 garbage-first heap   total 225280K, used 163406K [0x0000000080000000, 0x0000000100000000)
  region size 1024K, 4 young (4096K), 4 survivors (4096K)
 Metaspace       used 120632K, capacity 124171K, committed 124416K, reserved 1157120K
  class space    used 15106K, capacity 16336K, committed 16384K, reserved 1048576K
}
Event: 792.616 GC heap before
{Heap before GC invocations=55 (full 0):
 garbage-first heap   total 225280K, used 169550K [0x0000000080000000, 0x0000000100000000)
  region size 1024K, 11 young (11264K), 4 survivors (4096K)
 Metaspace       used 121434K, capacity 124981K, committed 125312K, reserved 1159168K
  class space    used 15190K, capacity 16434K, committed 16512K, reserved 1048576K
}
Event: 792.633 GC heap after
{Heap after GC invocations=56 (full 0):
 garbage-first heap   total 225280K, used 162835K [0x0000000080000000, 0x0000000100000000)
  region size 1024K, 1 young (1024K), 1 survivors (1024K)
 Metaspace       used 121434K, capacity 124981K, committed 125312K, reserved 1159168K
  class space    used 15190K, capacity 16434K, committed 16512K, reserved 1048576K
}
Event: 792.899 GC heap before
{Heap before GC invocations=56 (full 0):
 garbage-first heap   total 225280K, used 188435K [0x0000000080000000, 0x0000000100000000)
  region size 1024K, 26 young (26624K), 1 survivors (1024K)
 Metaspace       used 121484K, capacity 125049K, committed 125312K, reserved 1159168K
  class space    used 15192K, capacity 16435K, committed 16512K, reserved 1048576K
}
Event: 792.904 GC heap after
{Heap after GC invocations=57 (full 0):
 garbage-first heap   total 225280K, used 162425K [0x0000000080000000, 0x0000000100000000)
  region size 1024K, 1 young (1024K), 1 survivors (1024K)
 Metaspace       used 121484K, capacity 125049K, committed 125312K, reserved 1159168K
  class space    used 15192K, capacity 16435K, committed 16512K, reserved 1048576K
}
Event: 793.088 GC heap before
{Heap before GC invocations=57 (full 0):
 garbage-first heap   total 225280K, used 189049K [0x0000000080000000, 0x0000000100000000)
  region size 1024K, 27 young (27648K), 1 survivors (1024K)
 Metaspace       used 121487K, capacity 125049K, committed 125312K, reserved 1159168K
  class space    used 15192K, capacity 16435K, committed 16512K, reserved 1048576K
}
Event: 793.091 GC heap after
{Heap after GC invocations=58 (full 0):
 garbage-first heap   total 225280K, used 162368K [0x0000000080000000, 0x0000000100000000)
  region size 1024K, 1 young (1024K), 1 survivors (1024K)
 Metaspace       used 121487K, capacity 125049K, committed 125312K, reserved 1159168K
  class space    used 15192K, capacity 16435K, committed 16512K, reserved 1048576K
}
Event: 793.499 GC heap before
{Heap before GC invocations=59 (full 0):
 garbage-first heap   total 225280K, used 205376K [0x0000000080000000, 0x0000000100000000)
  region size 1024K, 29 young (29696K), 1 survivors (1024K)
 Metaspace       used 121951K, capacity 125508K, committed 125824K, reserved 1159168K
  class space    used 15229K, capacity 16450K, committed 16512K, reserved 1048576K
}
Event: 793.504 GC heap after
{Heap after GC invocations=60 (full 0):
 garbage-first heap   total 225280K, used 164604K [0x0000000080000000, 0x0000000100000000)
  region size 1024K, 3 young (3072K), 3 survivors (3072K)
 Metaspace       used 121951K, capacity 125508K, committed 125824K, reserved 1159168K
  class space    used 15229K, capacity 16450K, committed 16512K, reserved 1048576K
}
Event: 793.596 GC heap before
{Heap before GC invocations=60 (full 0):
 garbage-first heap   total 225280K, used 171772K [0x0000000080000000, 0x0000000100000000)
  region size 1024K, 11 young (11264K), 3 survivors (3072K)
 Metaspace       used 122560K, capacity 126049K, committed 126464K, reserved 1159168K
  class space    used 15280K, capacity 16515K, committed 16640K, reserved 1048576K
}
Event: 793.601 GC heap after
{Heap after GC invocations=61 (full 0):
 garbage-first heap   total 225280K, used 165175K [0x0000000080000000, 0x0000000100000000)
  region size 1024K, 2 young (2048K), 2 survivors (2048K)
 Metaspace       used 122560K, capacity 126049K, committed 126464K, reserved 1159168K
  class space    used 15280K, capacity 16515K, committed 16640K, reserved 1048576K
}
Event: 793.932 GC heap before
{Heap before GC invocations=61 (full 0):
 garbage-first heap   total 225280K, used 190775K [0x0000000080000000, 0x0000000100000000)
  region size 1024K, 28 young (28672K), 2 survivors (2048K)
 Metaspace       used 124910K, capacity 128449K, committed 128640K, reserved 1161216K
  class space    used 15460K, capacity 16675K, committed 16768K, reserved 1048576K
}
Event: 793.940 GC heap after
{Heap after GC invocations=62 (full 0):
 garbage-first heap   total 225280K, used 166565K [0x0000000080000000, 0x0000000100000000)
  region size 1024K, 3 young (3072K), 3 survivors (3072K)
 Metaspace       used 124910K, capacity 128449K, committed 128640K, reserved 1161216K
  class space    used 15460K, capacity 16675K, committed 16768K, reserved 1048576K
}
Event: 794.251 GC heap before
{Heap before GC invocations=63 (full 0):
 garbage-first heap   total 225280K, used 187045K [0x0000000080000000, 0x0000000100000000)
  region size 1024K, 29 young (29696K), 3 survivors (3072K)
 Metaspace       used 125375K, capacity 128929K, committed 129152K, reserved 1161216K
  class space    used 15484K, capacity 16707K, committed 16768K, reserved 1048576K
}
Event: 794.261 GC heap after
{Heap after GC invocations=64 (full 0):
 garbage-first heap   total 225280K, used 165096K [0x0000000080000000, 0x0000000100000000)
  region size 1024K, 4 young (4096K), 4 survivors (4096K)
 Metaspace       used 125375K, capacity 128929K, committed 129152K, reserved 1161216K
  class space    used 15484K, capacity 16707K, committed 16768K, reserved 1048576K
}
Event: 794.333 GC heap before
{Heap before GC invocations=64 (full 0):
 garbage-first heap   total 225280K, used 172264K [0x0000000080000000, 0x0000000100000000)
  region size 1024K, 11 young (11264K), 4 survivors (4096K)
 Metaspace       used 125418K, capacity 128993K, committed 129152K, reserved 1161216K
  class space    used 15484K, capacity 16707K, committed 16768K, reserved 1048576K
}
Event: 794.343 GC heap after
{Heap after GC invocations=65 (full 0):
 garbage-first heap   total 225280K, used 151401K [0x0000000080000000, 0x0000000100000000)
  region size 1024K, 2 young (2048K), 2 survivors (2048K)
 Metaspace       used 125418K, capacity 128993K, committed 129152K, reserved 1161216K
  class space    used 15484K, capacity 16707K, committed 16768K, reserved 1048576K
}

Deoptimization events (20 events):
Event: 794.515 Thread 0x0000026afdd89800 DEOPT PACKING pc=0x0000026ae63adf30 sp=0x000000f7fdcfd640
Event: 794.515 Thread 0x0000026afdd89800 DEOPT UNPACKING pc=0x0000026ae40e6dde sp=0x000000f7fdcfcb60 mode 0
Event: 794.532 Thread 0x0000026afdd87000 DEOPT PACKING pc=0x0000026ae63ae062 sp=0x000000f7fd8fd790
Event: 794.532 Thread 0x0000026afdd87000 DEOPT UNPACKING pc=0x0000026ae40e6dde sp=0x000000f7fd8fccb0 mode 0
Event: 794.537 Thread 0x0000026afdd89800 DEOPT PACKING pc=0x0000026ae63ae062 sp=0x000000f7fdcfd640
Event: 794.537 Thread 0x0000026afdd89800 DEOPT UNPACKING pc=0x0000026ae40e6dde sp=0x000000f7fdcfcb60 mode 0
Event: 794.555 Thread 0x0000026afdd86000 DEOPT PACKING pc=0x0000026ae63ae062 sp=0x000000f7fdbfd930
Event: 794.556 Thread 0x0000026afdd86000 DEOPT UNPACKING pc=0x0000026ae40e6dde sp=0x000000f7fdbfce50 mode 0
Event: 794.591 Thread 0x0000026afdca9800 Uncommon trap: trap_request=0xffffffc6 fr.pc=0x0000026aec3d9ad0 relative=0x00000000000002f0
Event: 794.591 Thread 0x0000026afdca9800 Uncommon trap: reason=bimorphic_or_optimized_type_check action=maybe_recompile pc=0x0000026aec3d9ad0 method=java.util.Collections$SetFromMap.contains(Ljava/lang/Object;)Z @ 5 c2
Event: 794.591 Thread 0x0000026afdca9800 DEOPT PACKING pc=0x0000026aec3d9ad0 sp=0x000000f7fa0fb750
Event: 794.591 Thread 0x0000026afdca9800 DEOPT UNPACKING pc=0x0000026ae40e662f sp=0x000000f7fa0fb708 mode 2
Event: 794.691 Thread 0x0000026afbadd800 Uncommon trap: trap_request=0xffffff4d fr.pc=0x0000026aec57eb1c relative=0x0000000000000e1c
Event: 794.691 Thread 0x0000026afbadd800 Uncommon trap: reason=unstable_if action=reinterpret pc=0x0000026aec57eb1c method=com.google.common.collect.MapMakerInternalMap$Segment.drainKeyReferenceQueue(Ljava/lang/ref/ReferenceQueue;)V @ 8 c2
Event: 794.691 Thread 0x0000026afbadd800 DEOPT PACKING pc=0x0000026aec57eb1c sp=0x000000f7fd5fdd50
Event: 794.691 Thread 0x0000026afbadd800 DEOPT UNPACKING pc=0x0000026ae40e662f sp=0x000000f7fd5fdc40 mode 2
Event: 794.703 Thread 0x0000026a81511800 Uncommon trap: trap_request=0xffffff4d fr.pc=0x0000026aec57d464 relative=0x0000000000000324
Event: 794.703 Thread 0x0000026a81511800 Uncommon trap: reason=unstable_if action=reinterpret pc=0x0000026aec57d464 method=com.google.common.collect.MapMakerInternalMap$Segment.drainKeyReferenceQueue(Ljava/lang/ref/ReferenceQueue;)V @ 8 c2
Event: 794.703 Thread 0x0000026a81511800 DEOPT PACKING pc=0x0000026aec57d464 sp=0x000000f7fd1faf10
Event: 794.703 Thread 0x0000026a81511800 DEOPT UNPACKING pc=0x0000026ae40e662f sp=0x000000f7fd1fae70 mode 2

Classes redefined (0 events):
No events

Internal exceptions (20 events):
Event: 787.967 Thread 0x0000026afdca9800 Exception <a 'sun/nio/fs/WindowsException'{0x000000008cd53608}> (0x000000008cd53608) thrown at [./src/hotspot/share/prims/jni.cpp, line 615]
Event: 787.967 Thread 0x0000026afdca9800 Exception <a 'sun/nio/fs/WindowsException'{0x000000008cd54728}> (0x000000008cd54728) thrown at [./src/hotspot/share/prims/jni.cpp, line 615]
Event: 788.027 Thread 0x0000026afdca9800 Exception <a 'java/lang/NoSuchMethodError'{0x000000008caef290}: 'java.lang.Object java.lang.invoke.Invokers$Holder.linkToTargetMethod(java.lang.Object, int, int, java.lang.Object)'> (0x000000008caef290) thrown at [./src/hotspot/share/interpreter/linkResolver.cpp, line 773]
Event: 788.092 Thread 0x0000026afdca9800 Implicit null exception at 0x0000026aec1321b9 to 0x0000026aec133810
Event: 788.259 Thread 0x0000026afdca9800 Implicit null exception at 0x0000026aec5035b2 to 0x0000026aec50401c
Event: 788.268 Thread 0x0000026afdca9800 Exception <a 'java/lang/NoSuchMethodError'{0x000000008bc83460}: <clinit>> (0x000000008bc83460) thrown at [./src/hotspot/share/prims/jni.cpp, line 1362]
Event: 788.279 Thread 0x0000026afdca9800 Exception <a 'sun/nio/fs/WindowsException'{0x000000008bb49f60}> (0x000000008bb49f60) thrown at [./src/hotspot/share/prims/jni.cpp, line 615]
Event: 788.337 Thread 0x0000026afc33d800 Exception <a 'java/lang/NoSuchMethodError'{0x000000008b958da0}: <clinit>> (0x000000008b958da0) thrown at [./src/hotspot/share/prims/jni.cpp, line 1362]
Event: 788.338 Thread 0x0000026afc33d800 Exception <a 'java/lang/NoSuchMethodError'{0x000000008b9701a0}: <clinit>> (0x000000008b9701a0) thrown at [./src/hotspot/share/prims/jni.cpp, line 1362]
Event: 788.342 Thread 0x0000026afc33d800 Exception <a 'java/lang/NoSuchMethodError'{0x000000008b9965f8}: <clinit>> (0x000000008b9965f8) thrown at [./src/hotspot/share/prims/jni.cpp, line 1362]
Event: 788.344 Thread 0x0000026afc33d800 Exception <a 'java/lang/NoSuchMethodError'{0x000000008b9f3630}: <clinit>> (0x000000008b9f3630) thrown at [./src/hotspot/share/prims/jni.cpp, line 1362]
Event: 788.345 Thread 0x0000026afc33d800 Exception <a 'java/lang/NoSuchMethodError'{0x000000008b9f4908}: <clinit>> (0x000000008b9f4908) thrown at [./src/hotspot/share/prims/jni.cpp, line 1362]
Event: 788.368 Thread 0x0000026a8150c800 Exception <a 'java/lang/NoSuchMethodError'{0x000000008b616c28}: <clinit>> (0x000000008b616c28) thrown at [./src/hotspot/share/prims/jni.cpp, line 1362]
Event: 788.369 Thread 0x0000026a8150c800 Exception <a 'java/lang/NoSuchMethodError'{0x000000008b640898}: <clinit>> (0x000000008b640898) thrown at [./src/hotspot/share/prims/jni.cpp, line 1362]
Event: 788.371 Thread 0x0000026a8150c800 Exception <a 'java/lang/NoSuchMethodError'{0x000000008b679c68}: <clinit>> (0x000000008b679c68) thrown at [./src/hotspot/share/prims/jni.cpp, line 1362]
Event: 788.382 Thread 0x0000026afc33d800 Exception <a 'java/lang/NoSuchMethodError'{0x000000008b580fb0}: <clinit>> (0x000000008b580fb0) thrown at [./src/hotspot/share/prims/jni.cpp, line 1362]
Event: 788.797 Thread 0x0000026a81515000 Exception <a 'java/lang/NoSuchMethodError'{0x000000008ca7b948}: 'void java.lang.invoke.DirectMethodHandle$Holder.invokeStatic(java.lang.Object, java.lang.Object, java.lang.Object, java.lang.Object, java.lang.Object, java.lang.Object, java.lang.Object)'> (0x000000008ca7b948) thrown at [./src/hotspot/share/interpreter/linkResolver.cpp, line 773]
Event: 788.819 Thread 0x0000026afc33d800 Exception <a 'java/lang/NoSuchMethodError'{0x000000008c68df80}: <clinit>> (0x000000008c68df80) thrown at [./src/hotspot/share/prims/jni.cpp, line 1362]
Event: 793.350 Thread 0x0000026a81511800 Implicit null exception at 0x0000026aec623edc to 0x0000026aec6289a8
Event: 793.417 Thread 0x0000026a81511800 Exception <a 'java/lang/NoSuchMethodError'{0x000000008cdc2af8}: <clinit>> (0x000000008cdc2af8) thrown at [./src/hotspot/share/prims/jni.cpp, line 1362]

Events (20 events):
Event: 794.553 loading class kotlin/io/ByteStreamsKt done
Event: 794.553 loading class kotlin/io/ByteStreamsKt
Event: 794.553 loading class kotlin/io/ByteStreamsKt done
Event: 794.557 loading class android/aapt/pb/internal/ResourcesInternal$CompiledFile$Symbol$1
Event: 794.557 loading class android/aapt/pb/internal/ResourcesInternal$CompiledFile$Symbol$1 done
Event: 794.557 loading class android/aapt/pb/internal/ResourcesInternal$CompiledFile$Symbol$Builder
Event: 794.557 loading class android/aapt/pb/internal/ResourcesInternal$CompiledFile$Symbol$Builder done
Event: 794.582 loading class com/android/aaptcompiler/XmlProcessorKt
Event: 794.582 loading class com/android/aaptcompiler/XmlProcessorKt done
Event: 794.619 Executing VM operation: RevokeBias
Event: 794.627 Executing VM operation: RevokeBias done
Event: 794.629 Executing VM operation: RevokeBias
Event: 794.630 Executing VM operation: RevokeBias done
Event: 794.637 Executing VM operation: RevokeBias
Event: 794.638 Executing VM operation: RevokeBias done
Event: 794.638 Executing VM operation: RevokeBias
Event: 794.638 Executing VM operation: RevokeBias done
Event: 794.638 Executing VM operation: RevokeBias
Event: 794.638 Executing VM operation: RevokeBias done
Event: 794.709 Executing VM operation: RevokeBias


Dynamic libraries:
0x00007ff76b2f0000 - 0x00007ff76b2fa000 	C:\Program Files\Android\Android Studio\jre\bin\java.exe
0x00007ffa7a520000 - 0x00007ffa7a70d000 	C:\Windows\SYSTEM32\ntdll.dll
0x00007ffa50270000 - 0x00007ffa50287000 	C:\Program Files\Avast Software\Avast\aswhook.dll
0x00007ffa78ea0000 - 0x00007ffa78f53000 	C:\Windows\System32\KERNEL32.DLL
0x00007ffa773b0000 - 0x00007ffa77645000 	C:\Windows\System32\KERNELBASE.dll
0x00007ffa77110000 - 0x00007ffa7720a000 	C:\Windows\System32\ucrtbase.dll
0x00007ffa5cc10000 - 0x00007ffa5cc29000 	C:\Program Files\Android\Android Studio\jre\bin\jli.dll
0x00007ffa68b80000 - 0x00007ffa68b97000 	C:\Program Files\Android\Android Studio\jre\bin\VCRUNTIME140.dll
0x00007ffa7a1a0000 - 0x00007ffa7a337000 	C:\Windows\System32\USER32.dll
0x00007ffa77650000 - 0x00007ffa77670000 	C:\Windows\System32\win32u.dll
0x00007ffa79ee0000 - 0x00007ffa79f09000 	C:\Windows\System32\GDI32.dll
0x00007ffa5e5e0000 - 0x00007ffa5e859000 	C:\Windows\WinSxS\amd64_microsoft.windows.common-controls_6595b64144ccf1df_6.0.17763.1339_none_de7015e4534c7114\COMCTL32.dll
0x00007ffa77210000 - 0x00007ffa773ab000 	C:\Windows\System32\gdi32full.dll
0x00007ffa79fd0000 - 0x00007ffa7a06e000 	C:\Windows\System32\msvcrt.dll
0x00007ffa77670000 - 0x00007ffa77710000 	C:\Windows\System32\msvcp_win.dll
0x00007ffa79520000 - 0x00007ffa7984c000 	C:\Windows\System32\combase.dll
0x00007ffa793f0000 - 0x00007ffa79512000 	C:\Windows\System32\RPCRT4.dll
0x00007ffa77040000 - 0x00007ffa770be000 	C:\Windows\System32\bcryptPrimitives.dll
0x00007ffa7a490000 - 0x00007ffa7a4be000 	C:\Windows\System32\IMM32.DLL
0x000000006b370000 - 0x000000006b37c000 	C:\Program Files (x86)\360\Total Security\safemon\SafeWrapper.dll
0x00007ffa78c70000 - 0x00007ffa78d13000 	C:\Windows\System32\ADVAPI32.dll
0x00007ffa78d20000 - 0x00007ffa78dbe000 	C:\Windows\System32\sechost.dll
0x00007ffa375b0000 - 0x00007ffa37642000 	C:\Program Files (x86)\360\Total Security\safemon\libzdtp64.dll
0x00007ffa77770000 - 0x00007ffa78c68000 	C:\Windows\System32\SHELL32.dll
0x00007ffa770c0000 - 0x00007ffa7710a000 	C:\Windows\System32\cfgmgr32.dll
0x00007ffa79860000 - 0x00007ffa79909000 	C:\Windows\System32\shcore.dll
0x00007ffa768e0000 - 0x00007ffa77034000 	C:\Windows\System32\windows.storage.dll
0x00007ffa765b0000 - 0x00007ffa765d4000 	C:\Windows\System32\profapi.dll
0x00007ffa76550000 - 0x00007ffa765ad000 	C:\Windows\System32\powrprof.dll
0x00007ffa7a4c0000 - 0x00007ffa7a512000 	C:\Windows\System32\shlwapi.dll
0x00007ffa76530000 - 0x00007ffa76541000 	C:\Windows\System32\kernel.appcore.dll
0x00007ffa766e0000 - 0x00007ffa766f7000 	C:\Windows\System32\cryptsp.dll
0x00007ffa76120000 - 0x00007ffa7612a000 	C:\Windows\SYSTEM32\VERSION.dll
0x00007ffa27240000 - 0x00007ffa272dd000 	C:\Program Files\Android\Android Studio\jre\bin\msvcp140.dll
0x00007ffa249f0000 - 0x00007ffa254c5000 	C:\Program Files\Android\Android Studio\jre\bin\server\jvm.dll
0x00007ffa78dc0000 - 0x00007ffa78dc8000 	C:\Windows\System32\PSAPI.DLL
0x00007ffa66f60000 - 0x00007ffa66f69000 	C:\Windows\SYSTEM32\WSOCK32.dll
0x00007ffa72690000 - 0x00007ffa726b4000 	C:\Windows\SYSTEM32\WINMM.dll
0x00007ffa7a420000 - 0x00007ffa7a48d000 	C:\Windows\System32\WS2_32.dll
0x00007ffa72660000 - 0x00007ffa7268d000 	C:\Windows\SYSTEM32\winmmbase.dll
0x00007ffa68bc0000 - 0x00007ffa68bd1000 	C:\Program Files\Android\Android Studio\jre\bin\verify.dll
0x00007ffa74e30000 - 0x00007ffa7501d000 	C:\Windows\SYSTEM32\DBGHELP.DLL
0x00007ffa6d000000 - 0x00007ffa6d02a000 	C:\Windows\SYSTEM32\dbgcore.DLL
0x00007ffa68af0000 - 0x00007ffa68b19000 	C:\Program Files\Android\Android Studio\jre\bin\java.dll
0x00007ffa71db0000 - 0x00007ffa71dbb000 	C:\Program Files\Android\Android Studio\jre\bin\jimage.dll
0x00007ffa68a30000 - 0x00007ffa68a48000 	C:\Program Files\Android\Android Studio\jre\bin\zip.dll
0x00007ffa66910000 - 0x00007ffa6692a000 	C:\Program Files\Android\Android Studio\jre\bin\net.dll
0x00007ffa73f80000 - 0x00007ffa74072000 	C:\Windows\SYSTEM32\WINHTTP.dll
0x00007ffa75d20000 - 0x00007ffa75d87000 	C:\Windows\system32\mswsock.dll
0x00007ffa66490000 - 0x00007ffa664a4000 	C:\Program Files\Android\Android Studio\jre\bin\nio.dll
0x00007ffa60550000 - 0x00007ffa60577000 	C:\Users\Julia\.gradle\native\8bec1ad78214c89d9ad589b4d07fe93259594b29d510b10fafb7a158f7737e5d\windows-amd64\native-platform.dll
0x00007ffa4afd0000 - 0x00007ffa4b10d000 	C:\Users\Julia\.gradle\native\53dbd7edfb1c66fb8903c78663c9afc45aea4f116125fa6feffd364cf09443e8\windows-amd64\native-platform-file-events.dll
0x00007ffa71b20000 - 0x00007ffa71b2a000 	C:\Program Files\Android\Android Studio\jre\bin\management.dll
0x00007ffa71b00000 - 0x00007ffa71b0d000 	C:\Program Files\Android\Android Studio\jre\bin\management_ext.dll
0x00007ffa758a0000 - 0x00007ffa758d3000 	C:\Windows\system32\rsaenh.dll
0x00007ffa76600000 - 0x00007ffa76626000 	C:\Windows\System32\bcrypt.dll
0x00007ffa76420000 - 0x00007ffa76448000 	C:\Windows\SYSTEM32\USERENV.dll
0x00007ffa75ef0000 - 0x00007ffa75efc000 	C:\Windows\SYSTEM32\CRYPTBASE.dll
0x00007ffa75a40000 - 0x00007ffa75a7d000 	C:\Windows\SYSTEM32\IPHLPAPI.DLL
0x00007ffa79850000 - 0x00007ffa79858000 	C:\Windows\System32\NSI.dll
0x00007ffa69c50000 - 0x00007ffa69c66000 	C:\Windows\SYSTEM32\dhcpcsvc6.DLL
0x00007ffa69760000 - 0x00007ffa6977c000 	C:\Windows\SYSTEM32\dhcpcsvc.DLL
0x00007ffa75a80000 - 0x00007ffa75b47000 	C:\Windows\SYSTEM32\DNSAPI.dll

dbghelp: loaded successfully - version: 4.0.5 - missing functions: none
symbol engine: initialized successfully - sym options: 0x614 - pdb path: .;C:\Program Files\Android\Android Studio\jre\bin;C:\Windows\SYSTEM32;C:\Program Files\Avast Software\Avast;C:\Windows\WinSxS\amd64_microsoft.windows.common-controls_6595b64144ccf1df_6.0.17763.1339_none_de7015e4534c7114;C:\Program Files (x86)\360\Total Security\safemon;C:\Program Files\Android\Android Studio\jre\bin\server;C:\Users\Julia\.gradle\native\8bec1ad78214c89d9ad589b4d07fe93259594b29d510b10fafb7a158f7737e5d\windows-amd64;C:\Users\Julia\.gradle\native\53dbd7edfb1c66fb8903c78663c9afc45aea4f116125fa6feffd364cf09443e8\windows-amd64

VM Arguments:
jvm_args: --add-opens=java.base/java.util=ALL-UNNAMED --add-opens=java.base/java.lang=ALL-UNNAMED --add-opens=java.base/java.lang.invoke=ALL-UNNAMED --add-opens=java.base/java.util=ALL-UNNAMED --add-opens=java.prefs/java.util.prefs=ALL-UNNAMED --add-opens=java.prefs/java.util.prefs=ALL-UNNAMED --add-opens=java.base/java.nio.charset=ALL-UNNAMED --add-opens=java.base/java.net=ALL-UNNAMED --add-opens=java.base/java.util.concurrent.atomic=ALL-UNNAMED -Xmx2048m -Dfile.encoding=UTF-8 -Duser.country=RU -Duser.language=ru -Duser.variant 
java_command: org.gradle.launcher.daemon.bootstrap.GradleDaemon 7.0.2
java_class_path (initial): C:\Users\Julia\.gradle\wrapper\dists\gradle-7.0.2-bin\857tjihv64xamwrf0h14cai3r\gradle-7.0.2\lib\gradle-launcher-7.0.2.jar
Launcher Type: SUN_STANDARD

[Global flags]
     intx CICompilerCount                          = 4                                         {product} {ergonomic}
     uint ConcGCThreads                            = 2                                         {product} {ergonomic}
     uint G1ConcRefinementThreads                  = 8                                         {product} {ergonomic}
   size_t G1HeapRegionSize                         = 1048576                                   {product} {ergonomic}
    uintx GCDrainStackTargetSize                   = 64                                        {product} {ergonomic}
   size_t InitialHeapSize                          = 132120576                                 {product} {ergonomic}
   size_t MarkStackSize                            = 4194304                                   {product} {ergonomic}
   size_t MaxHeapSize                              = 2147483648                                {product} {command line}
   size_t MaxNewSize                               = 1287651328                                {product} {ergonomic}
   size_t MinHeapDeltaBytes                        = 1048576                                   {product} {ergonomic}
    uintx NonNMethodCodeHeapSize                   = 5836300                                {pd product} {ergonomic}
    uintx NonProfiledCodeHeapSize                  = 122910970                              {pd product} {ergonomic}
    uintx ProfiledCodeHeapSize                     = 122910970                              {pd product} {ergonomic}
    uintx ReservedCodeCacheSize                    = 251658240                              {pd product} {ergonomic}
     bool SegmentedCodeCache                       = true                                      {product} {ergonomic}
     bool UseCompressedClassPointers               = true                                 {lp64_product} {ergonomic}
     bool UseCompressedOops                        = true                                 {lp64_product} {ergonomic}
     bool UseG1GC                                  = true                                      {product} {ergonomic}
     bool UseLargePagesIndividualAllocation        = false                                  {pd product} {ergonomic}

Logging:
Log output configuration:
 #0: stdout all=warning uptime,level,tags
 #1: stderr all=off uptime,level,tags

Environment Variables:
JAVA_HOME=C:\Users\Julia\.jdks\jbr-11.0.13\bin
PATH=C:\Program Files\NVIDIA GPU Computing Toolkit\CUDA\v11.6\bin;C:\Program Files\NVIDIA GPU Computing Toolkit\CUDA\v11.6\libnvvp;C:\Program Files (x86)\Common Files\Oracle\Java\javapath;C:\Windows\system32;C:\Windows;C:\Windows\System32\Wbem;C:\Windows\System32\WindowsPowerShell\v1.0\;C:\Program Files\Git\cmd;C:\Program Files\MATLAB\R2016b\runtime\win64;C:\Program Files\MATLAB\R2016b\bin;C:\Program Files\MATLAB\R2016b\polyspace\bin;C:\Program Files\NVIDIA Corporation\Nsight Compute 2022.1.1\;C:\Program Files (x86)\NVIDIA Corporation\PhysX\Common;;C:\Program Files\Docker\Docker\resources\bin;C:\ProgramData\DockerDesktop\version-bin;C:\Users\Julia\AppData\Local\Microsoft\WindowsApps;C:\intelFPGA\16.1\modelsim_ase\win32aloem;C:\intelFPGA_lite\16.1\modelsim_ase\win32aloem;C:\Program Files\JetBrains\IntelliJ IDEA Community Edition 2021.3.1\bin;;C:\Program Files\JetBrains\PyCharm Community Edition 2021.3.2\bin;;C:\Users\Julia\AppData\Local\Programs\Microsoft VS Code\bin;C:\Program Files\JetBrains\CLion 2022.1.2\bin;;C:\Users\Julia\AppData\Local\Programs\Python\Python310;C:\Program Files\Graphviz\bin
USERNAME=Julia
OS=Windows_NT
PROCESSOR_IDENTIFIER=Intel64 Family 6 Model 142 Stepping 11, GenuineIntel



---------------  S Y S T E M  ---------------

OS: Windows 10 , 64 bit Build 17763 (10.0.17763.1339)
OS uptime: 0 days 13:11 hours

CPU:total 8 (initial active 8) (4 cores per cpu, 2 threads per core) family 6 model 142 stepping 11 microcode 0xb8, cmov, cx8, fxsr, mmx, sse, sse2, sse3, ssse3, sse4.1, sse4.2, popcnt, avx, avx2, aes, clmul, erms, 3dnowpref, lzcnt, ht, tsc, tscinvbit, bmi1, bmi2, adx, fma

Memory: 4k page, system-wide physical 8037M (212M free)
TotalPageFile size 10085M (AvailPageFile size 104M)
current process WorkingSet (physical memory assigned to process): 399M, peak: 548M
current process commit charge ("private bytes"): 613M, peak: 619M

vm_info: OpenJDK 64-Bit Server VM (11.0.11+9-b60-7590822) for windows-amd64 JRE (11.0.11+9-b60-7590822), built on Jul 29 2021 21:43:44 by "builder" with MS VC++ 14.0 (VS2015)

END.
